<?xml version="1.0" encoding="UTF-8"?>
<coverage generated="1740499845763" clover="3.2.0">
  <project timestamp="1740499845763" name="All files">
    <metrics statements="163" coveredstatements="98" conditionals="42" coveredconditionals="27" methods="60" coveredmethods="33" elements="265" coveredelements="158" complexity="0" loc="163" ncloc="163" packages="12" files="22" classes="22"/>
    <package name="src">
      <metrics statements="4" coveredstatements="2" conditionals="2" coveredconditionals="1" methods="1" coveredmethods="0"/>
      <file name="main.ts" path="C:\Users\33634\Desktop\dev-info\openclassroom\projet-fullstack-angular\Projet_5\Testez-une-application-full-stack\front\src\main.ts">
        <metrics statements="4" coveredstatements="2" conditionals="2" coveredconditionals="1" methods="1" coveredmethods="0"/>
        <line num="7" count="5" type="cond" truecount="1" falsecount="1"/>
        <line num="8" count="0" type="stmt"/>
        <line num="11" count="5" type="stmt"/>
        <line num="12" count="0" type="stmt"/>
      </file>
    </package>
    <package name="src.app">
      <metrics statements="27" coveredstatements="21" conditionals="6" coveredconditionals="6" methods="11" coveredmethods="7"/>
      <file name="app-routing.module.ts" path="C:\Users\33634\Desktop\dev-info\openclassroom\projet-fullstack-angular\Projet_5\Testez-une-application-full-stack\front\src\app\app-routing.module.ts">
        <metrics statements="4" coveredstatements="3" conditionals="2" coveredconditionals="2" methods="5" coveredmethods="3"/>
        <line num="8" count="5" type="stmt"/>
        <line num="12" count="5" type="stmt"/>
        <line num="17" count="0" type="stmt"/>
        <line num="32" count="10" type="cond" truecount="2" falsecount="0"/>
      </file>
      <file name="app.component.html" path="C:\Users\33634\Desktop\dev-info\openclassroom\projet-fullstack-angular\Projet_5\Testez-une-application-full-stack\front\src\app\app.component.html">
        <metrics statements="14" coveredstatements="11" conditionals="0" coveredconditionals="0" methods="1" coveredmethods="0"/>
        <line num="1" count="5" type="stmt"/>
        <line num="3" count="5" type="stmt"/>
        <line num="4" count="684" type="stmt"/>
        <line num="5" count="0" type="stmt"/>
        <line num="6" count="0" type="stmt"/>
        <line num="7" count="0" type="stmt"/>
        <line num="9" count="5" type="stmt"/>
        <line num="10" count="5" type="stmt"/>
        <line num="11" count="5" type="stmt"/>
        <line num="12" count="5" type="stmt"/>
        <line num="15" count="5" type="stmt"/>
        <line num="16" count="5" type="stmt"/>
        <line num="17" count="5" type="stmt"/>
        <line num="18" count="5" type="stmt"/>
      </file>
      <file name="app.component.ts" path="C:\Users\33634\Desktop\dev-info\openclassroom\projet-fullstack-angular\Projet_5\Testez-une-application-full-stack\front\src\app\app.component.ts">
        <metrics statements="7" coveredstatements="5" conditionals="2" coveredconditionals="2" methods="4" coveredmethods="3"/>
        <line num="13" count="10" type="cond" truecount="2" falsecount="0"/>
        <line num="15" count="5" type="stmt"/>
        <line num="16" count="5" type="stmt"/>
        <line num="17" count="5" type="stmt"/>
        <line num="21" count="342" type="stmt"/>
        <line num="25" count="0" type="stmt"/>
        <line num="26" count="0" type="stmt"/>
      </file>
      <file name="app.module.ts" path="C:\Users\33634\Desktop\dev-info\openclassroom\projet-fullstack-angular\Projet_5\Testez-une-application-full-stack\front\src\app\app.module.ts">
        <metrics statements="2" coveredstatements="2" conditionals="2" coveredconditionals="2" methods="1" coveredmethods="1"/>
        <line num="18" count="5" type="stmt"/>
        <line num="45" count="10" type="cond" truecount="2" falsecount="0"/>
      </file>
    </package>
    <package name="src.app.components.me">
      <metrics statements="30" coveredstatements="1" conditionals="2" coveredconditionals="0" methods="9" coveredmethods="1"/>
      <file name="me.component.html" path="C:\Users\33634\Desktop\dev-info\openclassroom\projet-fullstack-angular\Projet_5\Testez-une-application-full-stack\front\src\app\components\me\me.component.html">
        <metrics statements="18" coveredstatements="0" conditionals="0" coveredconditionals="0" methods="2" coveredmethods="0"/>
        <line num="1" count="0" type="stmt"/>
        <line num="5" count="0" type="stmt"/>
        <line num="6" count="0" type="stmt"/>
        <line num="8" count="0" type="stmt"/>
        <line num="11" count="0" type="stmt"/>
        <line num="12" count="0" type="stmt"/>
        <line num="13" count="0" type="stmt"/>
        <line num="14" count="0" type="stmt"/>
        <line num="15" count="0" type="stmt"/>
        <line num="16" count="0" type="stmt"/>
        <line num="17" count="0" type="stmt"/>
        <line num="18" count="0" type="stmt"/>
        <line num="19" count="0" type="stmt"/>
        <line num="20" count="0" type="stmt"/>
        <line num="23" count="0" type="stmt"/>
        <line num="25" count="0" type="stmt"/>
        <line num="26" count="0" type="stmt"/>
        <line num="29" count="0" type="stmt"/>
      </file>
      <file name="me.component.ts" path="C:\Users\33634\Desktop\dev-info\openclassroom\projet-fullstack-angular\Projet_5\Testez-une-application-full-stack\front\src\app\components\me\me.component.ts">
        <metrics statements="12" coveredstatements="1" conditionals="2" coveredconditionals="0" methods="7" coveredmethods="1"/>
        <line num="13" count="10" type="cond" truecount="0" falsecount="2"/>
        <line num="17" count="0" type="stmt"/>
        <line num="18" count="0" type="stmt"/>
        <line num="19" count="0" type="stmt"/>
        <line num="20" count="0" type="stmt"/>
        <line num="24" count="0" type="stmt"/>
        <line num="26" count="0" type="stmt"/>
        <line num="30" count="0" type="stmt"/>
        <line num="34" count="0" type="stmt"/>
        <line num="37" count="0" type="stmt"/>
        <line num="38" count="0" type="stmt"/>
        <line num="39" count="0" type="stmt"/>
      </file>
    </package>
    <package name="src.app.components.not-found">
      <metrics statements="3" coveredstatements="1" conditionals="2" coveredconditionals="0" methods="1" coveredmethods="1"/>
      <file name="not-found.component.html" path="C:\Users\33634\Desktop\dev-info\openclassroom\projet-fullstack-angular\Projet_5\Testez-une-application-full-stack\front\src\app\components\not-found\not-found.component.html">
        <metrics statements="2" coveredstatements="0" conditionals="0" coveredconditionals="0" methods="0" coveredmethods="0"/>
        <line num="1" count="0" type="stmt"/>
        <line num="2" count="0" type="stmt"/>
      </file>
      <file name="not-found.component.ts" path="C:\Users\33634\Desktop\dev-info\openclassroom\projet-fullstack-angular\Projet_5\Testez-une-application-full-stack\front\src\app\components\not-found\not-found.component.ts">
        <metrics statements="1" coveredstatements="1" conditionals="2" coveredconditionals="0" methods="1" coveredmethods="1"/>
        <line num="8" count="10" type="cond" truecount="0" falsecount="2"/>
      </file>
    </package>
    <package name="src.app.features.auth">
      <metrics statements="4" coveredstatements="4" conditionals="4" coveredconditionals="4" methods="2" coveredmethods="2"/>
      <file name="auth-routing.module.ts" path="C:\Users\33634\Desktop\dev-info\openclassroom\projet-fullstack-angular\Projet_5\Testez-une-application-full-stack\front\src\app\features\auth\auth-routing.module.ts">
        <metrics statements="2" coveredstatements="2" conditionals="2" coveredconditionals="2" methods="1" coveredmethods="1"/>
        <line num="7" count="5" type="stmt"/>
        <line num="16" count="10" type="cond" truecount="2" falsecount="0"/>
      </file>
      <file name="auth.module.ts" path="C:\Users\33634\Desktop\dev-info\openclassroom\projet-fullstack-angular\Projet_5\Testez-une-application-full-stack\front\src\app\features\auth\auth.module.ts">
        <metrics statements="2" coveredstatements="2" conditionals="2" coveredconditionals="2" methods="1" coveredmethods="1"/>
        <line num="14" count="5" type="stmt"/>
        <line num="36" count="10" type="cond" truecount="2" falsecount="0"/>
      </file>
    </package>
    <package name="src.app.features.auth.components.login">
      <metrics statements="26" coveredstatements="21" conditionals="6" coveredconditionals="4" methods="7" coveredmethods="2"/>
      <file name="login.component.html" path="C:\Users\33634\Desktop\dev-info\openclassroom\projet-fullstack-angular\Projet_5\Testez-une-application-full-stack\front\src\app\features\auth\components\login\login.component.html">
        <metrics statements="13" coveredstatements="13" conditionals="4" coveredconditionals="2" methods="2" coveredmethods="0"/>
        <line num="1" count="2" type="stmt"/>
        <line num="4" count="2" type="stmt"/>
        <line num="6" count="28" type="stmt"/>
        <line num="7" count="2" type="stmt"/>
        <line num="9" count="2" type="stmt"/>
        <line num="10" count="2" type="stmt"/>
        <line num="11" count="2" type="stmt"/>
        <line num="12" count="28" type="cond" truecount="1" falsecount="1"/>
        <line num="14" count="28" type="stmt"/>
        <line num="16" count="30" type="cond" truecount="1" falsecount="1"/>
        <line num="20" count="28" type="stmt"/>
        <line num="21" count="28" type="stmt"/>
        <line num="22" count="2" type="stmt"/>
      </file>
      <file name="login.component.ts" path="C:\Users\33634\Desktop\dev-info\openclassroom\projet-fullstack-angular\Projet_5\Testez-une-application-full-stack\front\src\app\features\auth\components\login\login.component.ts">
        <metrics statements="13" coveredstatements="8" conditionals="2" coveredconditionals="2" methods="5" coveredmethods="2"/>
        <line num="14" count="10" type="cond" truecount="2" falsecount="0"/>
        <line num="15" count="2" type="stmt"/>
        <line num="16" count="2" type="stmt"/>
        <line num="18" count="2" type="stmt"/>
        <line num="35" count="2" type="stmt"/>
        <line num="36" count="2" type="stmt"/>
        <line num="37" count="2" type="stmt"/>
        <line num="38" count="2" type="stmt"/>
        <line num="42" count="0" type="stmt"/>
        <line num="43" count="0" type="stmt"/>
        <line num="45" count="0" type="stmt"/>
        <line num="46" count="0" type="stmt"/>
        <line num="48" count="0" type="stmt"/>
      </file>
    </package>
    <package name="src.app.features.auth.components.register">
      <metrics statements="28" coveredstatements="28" conditionals="2" coveredconditionals="2" methods="6" coveredmethods="6"/>
      <file name="register.component.html" path="C:\Users\33634\Desktop\dev-info\openclassroom\projet-fullstack-angular\Projet_5\Testez-une-application-full-stack\front\src\app\features\auth\components\register\register.component.html">
        <metrics statements="18" coveredstatements="18" conditionals="0" coveredconditionals="0" methods="1" coveredmethods="1"/>
        <line num="1" count="5" type="stmt"/>
        <line num="4" count="5" type="stmt"/>
        <line num="6" count="616" type="stmt"/>
        <line num="7" count="5" type="stmt"/>
        <line num="9" count="5" type="stmt"/>
        <line num="10" count="5" type="stmt"/>
        <line num="11" count="5" type="stmt"/>
        <line num="12" count="5" type="stmt"/>
        <line num="13" count="5" type="stmt"/>
        <line num="14" count="5" type="stmt"/>
        <line num="15" count="5" type="stmt"/>
        <line num="16" count="5" type="stmt"/>
        <line num="17" count="5" type="stmt"/>
        <line num="18" count="5" type="stmt"/>
        <line num="19" count="5" type="stmt"/>
        <line num="21" count="616" type="stmt"/>
        <line num="22" count="616" type="stmt"/>
        <line num="23" count="5" type="stmt"/>
      </file>
      <file name="register.component.ts" path="C:\Users\33634\Desktop\dev-info\openclassroom\projet-fullstack-angular\Projet_5\Testez-une-application-full-stack\front\src\app\features\auth\components\register\register.component.ts">
        <metrics statements="10" coveredstatements="10" conditionals="2" coveredconditionals="2" methods="5" coveredmethods="5"/>
        <line num="12" count="10" type="cond" truecount="2" falsecount="0"/>
        <line num="14" count="5" type="stmt"/>
        <line num="16" count="5" type="stmt"/>
        <line num="50" count="5" type="stmt"/>
        <line num="51" count="5" type="stmt"/>
        <line num="52" count="5" type="stmt"/>
        <line num="56" count="8" type="stmt"/>
        <line num="57" count="8" type="stmt"/>
        <line num="58" count="4" type="stmt"/>
        <line num="59" count="4" type="stmt"/>
      </file>
    </package>
    <package name="src.app.features.auth.services">
      <metrics statements="5" coveredstatements="4" conditionals="2" coveredconditionals="2" methods="4" coveredmethods="3"/>
      <file name="auth.service.ts" path="C:\Users\33634\Desktop\dev-info\openclassroom\projet-fullstack-angular\Projet_5\Testez-une-application-full-stack\front\src\app\features\auth\services\auth.service.ts">
        <metrics statements="5" coveredstatements="4" conditionals="2" coveredconditionals="2" methods="4" coveredmethods="3"/>
        <line num="11" count="10" type="cond" truecount="2" falsecount="0"/>
        <line num="13" count="5" type="stmt"/>
        <line num="15" count="5" type="stmt"/>
        <line num="18" count="8" type="stmt"/>
        <line num="22" count="0" type="stmt"/>
      </file>
    </package>
    <package name="src.app.guards">
      <metrics statements="14" coveredstatements="6" conditionals="8" coveredconditionals="3" methods="6" coveredmethods="4"/>
      <file name="auth.guard.ts" path="C:\Users\33634\Desktop\dev-info\openclassroom\projet-fullstack-angular\Projet_5\Testez-une-application-full-stack\front\src\app\guards\auth.guard.ts">
        <metrics statements="7" coveredstatements="1" conditionals="4" coveredconditionals="0" methods="3" coveredmethods="1"/>
        <line num="6" count="10" type="cond" truecount="0" falsecount="2"/>
        <line num="9" count="0" type="stmt"/>
        <line num="10" count="0" type="stmt"/>
        <line num="15" count="0" type="cond" truecount="0" falsecount="2"/>
        <line num="16" count="0" type="stmt"/>
        <line num="17" count="0" type="stmt"/>
        <line num="19" count="0" type="stmt"/>
      </file>
      <file name="unauth.guard.ts" path="C:\Users\33634\Desktop\dev-info\openclassroom\projet-fullstack-angular\Projet_5\Testez-une-application-full-stack\front\src\app\guards\unauth.guard.ts">
        <metrics statements="7" coveredstatements="5" conditionals="4" coveredconditionals="3" methods="3" coveredmethods="3"/>
        <line num="6" count="10" type="cond" truecount="2" falsecount="0"/>
        <line num="9" count="5" type="stmt"/>
        <line num="10" count="5" type="stmt"/>
        <line num="15" count="5" type="cond" truecount="1" falsecount="1"/>
        <line num="16" count="0" type="stmt"/>
        <line num="17" count="0" type="stmt"/>
        <line num="19" count="5" type="stmt"/>
      </file>
    </package>
    <package name="src.app.interceptors">
      <metrics statements="5" coveredstatements="4" conditionals="4" coveredconditionals="3" methods="3" coveredmethods="3"/>
      <file name="jwt.interceptor.ts" path="C:\Users\33634\Desktop\dev-info\openclassroom\projet-fullstack-angular\Projet_5\Testez-une-application-full-stack\front\src\app\interceptors\jwt.interceptor.ts">
        <metrics statements="5" coveredstatements="4" conditionals="4" coveredconditionals="3" methods="3" coveredmethods="3"/>
        <line num="6" count="10" type="cond" truecount="2" falsecount="0"/>
        <line num="7" count="4" type="stmt"/>
        <line num="10" count="8" type="cond" truecount="1" falsecount="1"/>
        <line num="11" count="0" type="stmt"/>
        <line num="17" count="8" type="stmt"/>
      </file>
    </package>
    <package name="src.app.services">
      <metrics statements="16" coveredstatements="5" conditionals="4" coveredconditionals="2" methods="10" coveredmethods="4"/>
      <file name="session.service.ts" path="C:\Users\33634\Desktop\dev-info\openclassroom\projet-fullstack-angular\Projet_5\Testez-une-application-full-stack\front\src\app\services\session.service.ts">
        <metrics statements="11" coveredstatements="4" conditionals="2" coveredconditionals="2" methods="6" coveredmethods="3"/>
        <line num="8" count="10" type="cond" truecount="2" falsecount="0"/>
        <line num="10" count="5" type="stmt"/>
        <line num="13" count="5" type="stmt"/>
        <line num="16" count="342" type="stmt"/>
        <line num="20" count="0" type="stmt"/>
        <line num="21" count="0" type="stmt"/>
        <line num="22" count="0" type="stmt"/>
        <line num="26" count="0" type="stmt"/>
        <line num="27" count="0" type="stmt"/>
        <line num="28" count="0" type="stmt"/>
        <line num="32" count="0" type="stmt"/>
      </file>
      <file name="user.service.ts" path="C:\Users\33634\Desktop\dev-info\openclassroom\projet-fullstack-angular\Projet_5\Testez-une-application-full-stack\front\src\app\services\user.service.ts">
        <metrics statements="5" coveredstatements="1" conditionals="2" coveredconditionals="0" methods="4" coveredmethods="1"/>
        <line num="9" count="10" type="cond" truecount="0" falsecount="2"/>
        <line num="11" count="0" type="stmt"/>
        <line num="13" count="0" type="stmt"/>
        <line num="16" count="0" type="stmt"/>
        <line num="20" count="0" type="stmt"/>
      </file>
    </package>
    <package name="src.environments">
      <metrics statements="1" coveredstatements="1" conditionals="0" coveredconditionals="0" methods="0" coveredmethods="0"/>
      <file name="environment.ts" path="C:\Users\33634\Desktop\dev-info\openclassroom\projet-fullstack-angular\Projet_5\Testez-une-application-full-stack\front\src\environments\environment.ts">
        <metrics statements="1" coveredstatements="1" conditionals="0" coveredconditionals="0" methods="0" coveredmethods="0"/>
        <line num="1" count="5" type="stmt"/>
      </file>
    </package>
  </project>
</coverage>
