{"C:\\Users\\33634\\Desktop\\dev-info\\openclassroom\\projet-fullstack-angular\\Projet_5\\Testez-une-application-full-stack\\front\\src\\main.ts": {"path":"C:\\Users\\33634\\Desktop\\dev-info\\openclassroom\\projet-fullstack-angular\\Projet_5\\Testez-une-application-full-stack\\front\\src\\main.ts","statementMap":{"0":{"start":{"line":7,"column":0},"end":{"line":9,"column":null}},"1":{"start":{"line":8,"column":2},"end":{"line":8,"column":null}},"2":{"start":{"line":11,"column":0},"end":{"line":11,"column":25}},"3":{"start":{"line":12,"column":16},"end":{"line":12,"column":23}}},"fnMap":{"0":{"name":"(anonymous_0)","decl":{"start":{"line":12,"column":9},"end":{"line":12,"column":12}},"loc":{"start":{"line":12,"column":16},"end":{"line":12,"column":23}}}},"branchMap":{"0":{"loc":{"start":{"line":7,"column":0},"end":{"line":9,"column":null}},"type":"if","locations":[{"start":{"line":7,"column":0},"end":{"line":9,"column":null}},{"start":{"line":7,"column":0},"end":{"line":9,"column":null}}]}},"s":{"0":37,"1":0,"2":37,"3":0},"f":{"0":0},"b":{"0":[0,37]}}
,"C:\\Users\\33634\\Desktop\\dev-info\\openclassroom\\projet-fullstack-angular\\Projet_5\\Testez-une-application-full-stack\\front\\src\\app\\app-routing.module.ts": {"path":"C:\\Users\\33634\\Desktop\\dev-info\\openclassroom\\projet-fullstack-angular\\Projet_5\\Testez-une-application-full-stack\\front\\src\\app\\app-routing.module.ts","statementMap":{"0":{"start":{"line":8,"column":23},"end":{"line":8,"column":null}},"1":{"start":{"line":12,"column":24},"end":{"line":12,"column":31}},"2":{"start":{"line":12,"column":72},"end":{"line":12,"column":null}},"3":{"start":{"line":17,"column":24},"end":{"line":17,"column":31}},"4":{"start":{"line":17,"column":80},"end":{"line":17,"column":null}},"5":{"start":{"line":32,"column":0},"end":{"line":32,"column":6}},"6":{"start":{"line":32,"column":13},"end":{"line":32,"column":29}}},"fnMap":{"0":{"name":"(anonymous_0)","decl":{"start":{"line":12,"column":18},"end":{"line":12,"column":24}},"loc":{"start":{"line":12,"column":24},"end":{"line":12,"column":31}}},"1":{"name":"(anonymous_1)","decl":{"start":{"line":12,"column":67},"end":{"line":12,"column":68}},"loc":{"start":{"line":12,"column":72},"end":{"line":12,"column":null}}},"2":{"name":"(anonymous_2)","decl":{"start":{"line":17,"column":18},"end":{"line":17,"column":24}},"loc":{"start":{"line":17,"column":24},"end":{"line":17,"column":31}}},"3":{"name":"(anonymous_3)","decl":{"start":{"line":17,"column":75},"end":{"line":17,"column":76}},"loc":{"start":{"line":17,"column":80},"end":{"line":17,"column":null}}},"4":{"name":"(anonymous_4)","decl":{"start":{"line":32,"column":0},"end":{"line":32,"column":6}},"loc":{"start":{"line":32,"column":0},"end":{"line":32,"column":6}}}},"branchMap":{"0":{"loc":{"start":{"line":32,"column":13},"end":{"line":32,"column":29}},"type":"binary-expr","locations":[{"start":{"line":32,"column":13},"end":{"line":32,"column":29}},{"start":{"line":32,"column":13},"end":{"line":32,"column":29}}]}},"s":{"0":37,"1":37,"2":37,"3":23,"4":23,"5":74,"6":37},"f":{"0":37,"1":37,"2":23,"3":23,"4":37},"b":{"0":[37,37]}}
,"C:\\Users\\33634\\Desktop\\dev-info\\openclassroom\\projet-fullstack-angular\\Projet_5\\Testez-une-application-full-stack\\front\\src\\app\\app.component.html": {"path":"C:\\Users\\33634\\Desktop\\dev-info\\openclassroom\\projet-fullstack-angular\\Projet_5\\Testez-une-application-full-stack\\front\\src\\app\\app.component.html","statementMap":{"0":{"start":{"line":4,"column":4},"end":{"line":4,"column":10}},"1":{"start":{"line":5,"column":47},"end":{"line":5,"column":55}},"2":{"start":{"line":5,"column":55},"end":{"line":5,"column":null}},"3":{"start":{"line":6,"column":6},"end":{"line":6,"column":41}},"4":{"start":{"line":6,"column":41},"end":{"line":6,"column":48}},"5":{"start":{"line":6,"column":48},"end":{"line":6,"column":null}},"6":{"start":{"line":7,"column":6},"end":{"line":7,"column":12}},"7":{"start":{"line":7,"column":12},"end":{"line":7,"column":21}},"8":{"start":{"line":7,"column":44},"end":{"line":7,"column":50}},"9":{"start":{"line":7,"column":50},"end":{"line":7,"column":null}},"10":{"start":{"line":10,"column":6},"end":{"line":10,"column":11}},"11":{"start":{"line":11,"column":46},"end":{"line":11,"column":51}},"12":{"start":{"line":11,"column":51},"end":{"line":11,"column":null}},"13":{"start":{"line":12,"column":8},"end":{"line":12,"column":49}},"14":{"start":{"line":12,"column":49},"end":{"line":12,"column":57}},"15":{"start":{"line":12,"column":57},"end":{"line":12,"column":null}},"16":{"start":{"line":1,"column":0},"end":{"line":1,"column":17}},"17":{"start":{"line":3,"column":10},"end":{"line":3,"column":18}},"18":{"start":{"line":3,"column":18},"end":{"line":3,"column":null}},"19":{"start":{"line":9,"column":4},"end":{"line":9,"column":null}},"20":{"start":{"line":15,"column":2},"end":{"line":15,"column":null}},"21":{"start":{"line":16,"column":2},"end":{"line":16,"column":null}},"22":{"start":{"line":17,"column":4},"end":{"line":17,"column":null}},"23":{"start":{"line":18,"column":2},"end":{"line":18,"column":null}},"24":{"start":{"line":4,"column":10},"end":{"line":4,"column":37}}},"fnMap":{"0":{"name":"AppComponent_div_4_Template_span_click_5_listener","decl":{"start":{"line":7,"column":12},"end":{"line":7,"column":21}},"loc":{"start":{"line":7,"column":12},"end":{"line":7,"column":44}}}},"branchMap":{},"s":{"0":60,"1":23,"2":23,"3":23,"4":23,"5":23,"6":23,"7":29,"8":23,"9":23,"10":41,"11":41,"12":41,"13":41,"14":41,"15":41,"16":37,"17":37,"18":37,"19":37,"20":37,"21":37,"22":37,"23":37,"24":4122},"f":{"0":2},"b":{}}
,"C:\\Users\\33634\\Desktop\\dev-info\\openclassroom\\projet-fullstack-angular\\Projet_5\\Testez-une-application-full-stack\\front\\src\\app\\app.component.ts": {"path":"C:\\Users\\33634\\Desktop\\dev-info\\openclassroom\\projet-fullstack-angular\\Projet_5\\Testez-une-application-full-stack\\front\\src\\app\\app.component.ts","statementMap":{"0":{"start":{"line":13,"column":0},"end":{"line":13,"column":6}},"1":{"start":{"line":15,"column":12},"end":{"line":15,"column":null}},"2":{"start":{"line":16,"column":12},"end":{"line":16,"column":null}},"3":{"start":{"line":17,"column":12},"end":{"line":17,"column":42}},"4":{"start":{"line":21,"column":4},"end":{"line":21,"column":11}},"5":{"start":{"line":25,"column":4},"end":{"line":25,"column":9}},"6":{"start":{"line":26,"column":4},"end":{"line":26,"column":9}},"7":{"start":{"line":13,"column":13},"end":{"line":13,"column":null}}},"fnMap":{"0":{"name":"(anonymous_3)","decl":{"start":{"line":13,"column":0},"end":{"line":13,"column":6}},"loc":{"start":{"line":13,"column":0},"end":{"line":13,"column":6}}},"1":{"name":"(anonymous_4)","decl":{"start":{"line":14,"column":2},"end":{"line":14,"column":null}},"loc":{"start":{"line":17,"column":42},"end":{"line":18,"column":null}}},"2":{"name":"(anonymous_5)","decl":{"start":{"line":20,"column":9},"end":{"line":20,"column":18}},"loc":{"start":{"line":20,"column":18},"end":{"line":22,"column":null}}},"3":{"name":"(anonymous_6)","decl":{"start":{"line":24,"column":9},"end":{"line":24,"column":15}},"loc":{"start":{"line":24,"column":15},"end":{"line":27,"column":null}}}},"branchMap":{"0":{"loc":{"start":{"line":13,"column":13},"end":{"line":13,"column":25}},"type":"binary-expr","locations":[{"start":{"line":13,"column":13},"end":{"line":13,"column":25}},{"start":{"line":13,"column":13},"end":{"line":13,"column":25}}]}},"s":{"0":74,"1":37,"2":37,"3":37,"4":2061,"5":2,"6":2,"7":37},"f":{"0":37,"1":37,"2":2061,"3":2},"b":{"0":[37,37]}}
,"C:\\Users\\33634\\Desktop\\dev-info\\openclassroom\\projet-fullstack-angular\\Projet_5\\Testez-une-application-full-stack\\front\\src\\app\\app.module.ts": {"path":"C:\\Users\\33634\\Desktop\\dev-info\\openclassroom\\projet-fullstack-angular\\Projet_5\\Testez-une-application-full-stack\\front\\src\\app\\app.module.ts","statementMap":{"0":{"start":{"line":18,"column":23},"end":{"line":18,"column":null}},"1":{"start":{"line":45,"column":0},"end":{"line":45,"column":6}},"2":{"start":{"line":45,"column":13},"end":{"line":45,"column":22}}},"fnMap":{"0":{"name":"(anonymous_0)","decl":{"start":{"line":45,"column":0},"end":{"line":45,"column":6}},"loc":{"start":{"line":45,"column":0},"end":{"line":45,"column":6}}}},"branchMap":{"0":{"loc":{"start":{"line":45,"column":13},"end":{"line":45,"column":22}},"type":"binary-expr","locations":[{"start":{"line":45,"column":13},"end":{"line":45,"column":22}},{"start":{"line":45,"column":13},"end":{"line":45,"column":22}}]}},"s":{"0":37,"1":74,"2":37},"f":{"0":37},"b":{"0":[37,37]}}
,"C:\\Users\\33634\\Desktop\\dev-info\\openclassroom\\projet-fullstack-angular\\Projet_5\\Testez-une-application-full-stack\\front\\src\\app\\components\\me\\me.component.html": {"path":"C:\\Users\\33634\\Desktop\\dev-info\\openclassroom\\projet-fullstack-angular\\Projet_5\\Testez-une-application-full-stack\\front\\src\\app\\components\\me\\me.component.html","statementMap":{"0":{"start":{"line":15,"column":8},"end":{"line":15,"column":38}},"1":{"start":{"line":15,"column":68},"end":{"line":15,"column":81}},"2":{"start":{"line":15,"column":81},"end":{"line":15,"column":null}},"3":{"start":{"line":16,"column":8},"end":{"line":16,"column":44}},"4":{"start":{"line":17,"column":13},"end":{"line":17,"column":31}},"5":{"start":{"line":17,"column":31},"end":{"line":17,"column":null}},"6":{"start":{"line":18,"column":10},"end":{"line":18,"column":78}},"7":{"start":{"line":18,"column":78},"end":{"line":18,"column":87}},"8":{"start":{"line":19,"column":12},"end":{"line":19,"column":22}},"9":{"start":{"line":19,"column":22},"end":{"line":19,"column":28}},"10":{"start":{"line":19,"column":28},"end":{"line":19,"column":null}},"11":{"start":{"line":20,"column":12},"end":{"line":20,"column":30}},"12":{"start":{"line":20,"column":30},"end":{"line":20,"column":36}},"13":{"start":{"line":20,"column":36},"end":{"line":20,"column":null}},"14":{"start":{"line":12,"column":6},"end":{"line":12,"column":45}},"15":{"start":{"line":13,"column":36},"end":{"line":13,"column":94}},"16":{"start":{"line":13,"column":94},"end":{"line":13,"column":null}},"17":{"start":{"line":14,"column":8},"end":{"line":14,"column":37}},"18":{"start":{"line":14,"column":37},"end":{"line":14,"column":60}},"19":{"start":{"line":14,"column":60},"end":{"line":14,"column":null}},"20":{"start":{"line":23,"column":8},"end":{"line":23,"column":66}},"21":{"start":{"line":25,"column":48},"end":{"line":25,"column":59}},"22":{"start":{"line":25,"column":59},"end":{"line":25,"column":64}},"23":{"start":{"line":25,"column":64},"end":{"line":25,"column":102}},"24":{"start":{"line":25,"column":102},"end":{"line":25,"column":null}},"25":{"start":{"line":26,"column":10},"end":{"line":26,"column":45}},"26":{"start":{"line":26,"column":48},"end":{"line":26,"column":61}},"27":{"start":{"line":26,"column":61},"end":{"line":26,"column":66}},"28":{"start":{"line":26,"column":66},"end":{"line":26,"column":103}},"29":{"start":{"line":26,"column":103},"end":{"line":26,"column":null}},"30":{"start":{"line":15,"column":38},"end":{"line":15,"column":68}},"31":{"start":{"line":16,"column":44},"end":{"line":16,"column":123}},"32":{"start":{"line":1,"column":0},"end":{"line":1,"column":16}},"33":{"start":{"line":5,"column":32},"end":{"line":5,"column":41}},"34":{"start":{"line":6,"column":10},"end":{"line":6,"column":20}},"35":{"start":{"line":6,"column":20},"end":{"line":6,"column":30}},"36":{"start":{"line":6,"column":30},"end":{"line":6,"column":null}},"37":{"start":{"line":8,"column":8},"end":{"line":8,"column":12}},"38":{"start":{"line":8,"column":12},"end":{"line":8,"column":28}},"39":{"start":{"line":8,"column":28},"end":{"line":8,"column":null}},"40":{"start":{"line":11,"column":4},"end":{"line":11,"column":null}},"41":{"start":{"line":29,"column":4},"end":{"line":29,"column":null}},"42":{"start":{"line":12,"column":45},"end":{"line":12,"column":104}}},"fnMap":{"0":{"name":"MeComponent_div_10_div_7_Template_button_click_3_listener","decl":{"start":{"line":18,"column":78},"end":{"line":18,"column":87}},"loc":{"start":{"line":18,"column":78},"end":{"line":18,"column":null}}},"1":{"name":"MeComponent_Template_button_click_4_listener","decl":{"start":{"line":5,"column":32},"end":{"line":5,"column":41}},"loc":{"start":{"line":5,"column":32},"end":{"line":5,"column":null}}}},"branchMap":{},"s":{"0":6,"1":2,"2":2,"3":6,"4":2,"5":2,"6":2,"7":8,"8":2,"9":2,"10":2,"11":2,"12":2,"13":2,"14":8,"15":36,"16":4,"17":4,"18":36,"19":4,"20":4,"21":4,"22":4,"23":36,"24":4,"25":4,"26":4,"27":4,"28":36,"29":4,"30":32,"31":32,"32":4,"33":4,"34":4,"35":4,"36":4,"37":4,"38":4,"39":4,"40":4,"41":4,"42":72},"f":{"0":2,"1":0},"b":{}}
,"C:\\Users\\33634\\Desktop\\dev-info\\openclassroom\\projet-fullstack-angular\\Projet_5\\Testez-une-application-full-stack\\front\\src\\app\\components\\me\\me.component.ts": {"path":"C:\\Users\\33634\\Desktop\\dev-info\\openclassroom\\projet-fullstack-angular\\Projet_5\\Testez-une-application-full-stack\\front\\src\\app\\components\\me\\me.component.ts","statementMap":{"0":{"start":{"line":13,"column":0},"end":{"line":13,"column":6}},"1":{"start":{"line":17,"column":22},"end":{"line":17,"column":null}},"2":{"start":{"line":18,"column":22},"end":{"line":18,"column":null}},"3":{"start":{"line":19,"column":22},"end":{"line":19,"column":null}},"4":{"start":{"line":20,"column":22},"end":{"line":20,"column":46}},"5":{"start":{"line":24,"column":4},"end":{"line":24,"column":9}},"6":{"start":{"line":26,"column":33},"end":{"line":26,"column":null}},"7":{"start":{"line":30,"column":4},"end":{"line":30,"column":10}},"8":{"start":{"line":34,"column":4},"end":{"line":34,"column":9}},"9":{"start":{"line":37,"column":8},"end":{"line":37,"column":13}},"10":{"start":{"line":38,"column":8},"end":{"line":38,"column":13}},"11":{"start":{"line":39,"column":8},"end":{"line":39,"column":13}},"12":{"start":{"line":13,"column":13},"end":{"line":13,"column":null}}},"fnMap":{"0":{"name":"(anonymous_4)","decl":{"start":{"line":13,"column":0},"end":{"line":13,"column":6}},"loc":{"start":{"line":13,"column":0},"end":{"line":13,"column":6}}},"1":{"name":"(anonymous_5)","decl":{"start":{"line":17,"column":2},"end":{"line":17,"column":22}},"loc":{"start":{"line":20,"column":46},"end":{"line":21,"column":null}}},"2":{"name":"(anonymous_6)","decl":{"start":{"line":23,"column":9},"end":{"line":23,"column":17}},"loc":{"start":{"line":23,"column":17},"end":{"line":27,"column":null}}},"3":{"name":"(anonymous_7)","decl":{"start":{"line":26,"column":18},"end":{"line":26,"column":33}},"loc":{"start":{"line":26,"column":33},"end":{"line":26,"column":null}}},"4":{"name":"(anonymous_8)","decl":{"start":{"line":29,"column":9},"end":{"line":29,"column":13}},"loc":{"start":{"line":29,"column":13},"end":{"line":31,"column":null}}},"5":{"name":"(anonymous_9)","decl":{"start":{"line":33,"column":9},"end":{"line":33,"column":15}},"loc":{"start":{"line":33,"column":15},"end":{"line":41,"column":null}}},"6":{"name":"(anonymous_10)","decl":{"start":{"line":36,"column":18},"end":{"line":36,"column":23}},"loc":{"start":{"line":36,"column":23},"end":{"line":40,"column":null}}}},"branchMap":{"0":{"loc":{"start":{"line":13,"column":13},"end":{"line":13,"column":24}},"type":"binary-expr","locations":[{"start":{"line":13,"column":13},"end":{"line":13,"column":24}},{"start":{"line":13,"column":13},"end":{"line":13,"column":24}}]}},"s":{"0":74,"1":4,"2":4,"3":4,"4":4,"5":4,"6":4,"7":0,"8":2,"9":2,"10":2,"11":2,"12":4},"f":{"0":37,"1":4,"2":4,"3":4,"4":0,"5":2,"6":2},"b":{"0":[4,4]}}
,"C:\\Users\\33634\\Desktop\\dev-info\\openclassroom\\projet-fullstack-angular\\Projet_5\\Testez-une-application-full-stack\\front\\src\\app\\components\\not-found\\not-found.component.html": {"path":"C:\\Users\\33634\\Desktop\\dev-info\\openclassroom\\projet-fullstack-angular\\Projet_5\\Testez-une-application-full-stack\\front\\src\\app\\components\\not-found\\not-found.component.html","statementMap":{"0":{"start":{"line":1,"column":0},"end":{"line":1,"column":37}},"1":{"start":{"line":2,"column":12},"end":{"line":2,"column":28}},"2":{"start":{"line":2,"column":28},"end":{"line":2,"column":null}}},"fnMap":{},"branchMap":{},"s":{"0":2,"1":2,"2":2},"f":{},"b":{}}
,"C:\\Users\\33634\\Desktop\\dev-info\\openclassroom\\projet-fullstack-angular\\Projet_5\\Testez-une-application-full-stack\\front\\src\\app\\components\\not-found\\not-found.component.ts": {"path":"C:\\Users\\33634\\Desktop\\dev-info\\openclassroom\\projet-fullstack-angular\\Projet_5\\Testez-une-application-full-stack\\front\\src\\app\\components\\not-found\\not-found.component.ts","statementMap":{"0":{"start":{"line":8,"column":0},"end":{"line":8,"column":6}},"1":{"start":{"line":8,"column":13},"end":{"line":8,"column":30}}},"fnMap":{"0":{"name":"(anonymous_0)","decl":{"start":{"line":8,"column":0},"end":{"line":8,"column":6}},"loc":{"start":{"line":8,"column":0},"end":{"line":8,"column":6}}}},"branchMap":{"0":{"loc":{"start":{"line":8,"column":13},"end":{"line":8,"column":30}},"type":"binary-expr","locations":[{"start":{"line":8,"column":13},"end":{"line":8,"column":30}},{"start":{"line":8,"column":13},"end":{"line":8,"column":30}}]}},"s":{"0":74,"1":2},"f":{"0":37},"b":{"0":[2,2]}}
,"C:\\Users\\33634\\Desktop\\dev-info\\openclassroom\\projet-fullstack-angular\\Projet_5\\Testez-une-application-full-stack\\front\\src\\app\\features\\auth\\auth-routing.module.ts": {"path":"C:\\Users\\33634\\Desktop\\dev-info\\openclassroom\\projet-fullstack-angular\\Projet_5\\Testez-une-application-full-stack\\front\\src\\app\\features\\auth\\auth-routing.module.ts","statementMap":{"0":{"start":{"line":7,"column":23},"end":{"line":7,"column":null}},"1":{"start":{"line":16,"column":0},"end":{"line":16,"column":6}},"2":{"start":{"line":16,"column":13},"end":{"line":16,"column":30}}},"fnMap":{"0":{"name":"(anonymous_0)","decl":{"start":{"line":16,"column":0},"end":{"line":16,"column":6}},"loc":{"start":{"line":16,"column":0},"end":{"line":16,"column":6}}}},"branchMap":{"0":{"loc":{"start":{"line":16,"column":13},"end":{"line":16,"column":30}},"type":"binary-expr","locations":[{"start":{"line":16,"column":13},"end":{"line":16,"column":30}},{"start":{"line":16,"column":13},"end":{"line":16,"column":30}}]}},"s":{"0":37,"1":74,"2":37},"f":{"0":37},"b":{"0":[37,37]}}
,"C:\\Users\\33634\\Desktop\\dev-info\\openclassroom\\projet-fullstack-angular\\Projet_5\\Testez-une-application-full-stack\\front\\src\\app\\features\\auth\\auth.module.ts": {"path":"C:\\Users\\33634\\Desktop\\dev-info\\openclassroom\\projet-fullstack-angular\\Projet_5\\Testez-une-application-full-stack\\front\\src\\app\\features\\auth\\auth.module.ts","statementMap":{"0":{"start":{"line":14,"column":24},"end":{"line":14,"column":null}},"1":{"start":{"line":36,"column":0},"end":{"line":36,"column":6}},"2":{"start":{"line":36,"column":13},"end":{"line":36,"column":23}}},"fnMap":{"0":{"name":"(anonymous_0)","decl":{"start":{"line":36,"column":0},"end":{"line":36,"column":6}},"loc":{"start":{"line":36,"column":0},"end":{"line":36,"column":6}}}},"branchMap":{"0":{"loc":{"start":{"line":36,"column":13},"end":{"line":36,"column":23}},"type":"binary-expr","locations":[{"start":{"line":36,"column":13},"end":{"line":36,"column":23}},{"start":{"line":36,"column":13},"end":{"line":36,"column":23}}]}},"s":{"0":37,"1":74,"2":37},"f":{"0":37},"b":{"0":[37,37]}}
,"C:\\Users\\33634\\Desktop\\dev-info\\openclassroom\\projet-fullstack-angular\\Projet_5\\Testez-une-application-full-stack\\front\\src\\app\\features\\auth\\components\\login\\login.component.html": {"path":"C:\\Users\\33634\\Desktop\\dev-info\\openclassroom\\projet-fullstack-angular\\Projet_5\\Testez-une-application-full-stack\\front\\src\\app\\features\\auth\\components\\login\\login.component.html","statementMap":{"0":{"start":{"line":21,"column":12},"end":{"line":21,"column":16}},"1":{"start":{"line":21,"column":45},"end":{"line":21,"column":62}},"2":{"start":{"line":21,"column":62},"end":{"line":21,"column":null}},"3":{"start":{"line":1,"column":0},"end":{"line":1,"column":64}},"4":{"start":{"line":4,"column":28},"end":{"line":4,"column":33}},"5":{"start":{"line":4,"column":33},"end":{"line":4,"column":null}},"6":{"start":{"line":6,"column":8},"end":{"line":6,"column":33}},"7":{"start":{"line":6,"column":52},"end":{"line":6,"column":64}},"8":{"start":{"line":7,"column":12},"end":{"line":7,"column":48}},"9":{"start":{"line":9,"column":20},"end":{"line":9,"column":null}},"10":{"start":{"line":10,"column":16},"end":{"line":10,"column":null}},"11":{"start":{"line":11,"column":16},"end":{"line":11,"column":null}},"12":{"start":{"line":12,"column":20},"end":{"line":12,"column":36}},"13":{"start":{"line":14,"column":20},"end":{"line":14,"column":54}},"14":{"start":{"line":14,"column":54},"end":{"line":14,"column":77}},"15":{"start":{"line":16,"column":24},"end":{"line":16,"column":34}},"16":{"start":{"line":16,"column":34},"end":{"line":16,"column":76}},"17":{"start":{"line":16,"column":76},"end":{"line":16,"column":null}},"18":{"start":{"line":20,"column":12},"end":{"line":20,"column":68}},"19":{"start":{"line":20,"column":94},"end":{"line":20,"column":100}},"20":{"start":{"line":20,"column":100},"end":{"line":20,"column":null}},"21":{"start":{"line":22,"column":8},"end":{"line":22,"column":null}},"22":{"start":{"line":6,"column":33},"end":{"line":6,"column":52}},"23":{"start":{"line":12,"column":36},"end":{"line":12,"column":null}},"24":{"start":{"line":14,"column":77},"end":{"line":14,"column":112}},"25":{"start":{"line":20,"column":68},"end":{"line":20,"column":94}},"26":{"start":{"line":21,"column":16},"end":{"line":21,"column":45}}},"fnMap":{"0":{"name":"LoginComponent_Template_form_ngSubmit_5_listener","decl":{"start":{"line":6,"column":52},"end":{"line":6,"column":64}},"loc":{"start":{"line":6,"column":52},"end":{"line":6,"column":null}}},"1":{"name":"LoginComponent_Template_button_click_11_listener","decl":{"start":{"line":14,"column":54},"end":{"line":14,"column":77}},"loc":{"start":{"line":14,"column":54},"end":{"line":14,"column":77}}}},"branchMap":{"0":{"loc":{"start":{"line":12,"column":36},"end":{"line":12,"column":null}},"type":"cond-expr","locations":[{"start":{"line":12,"column":36},"end":{"line":12,"column":null}},{"start":{"line":12,"column":36},"end":{"line":12,"column":null}}]},"1":{"loc":{"start":{"line":16,"column":34},"end":{"line":16,"column":76}},"type":"cond-expr","locations":[{"start":{"line":16,"column":34},"end":{"line":16,"column":76}},{"start":{"line":16,"column":34},"end":{"line":16,"column":76}}]}},"s":{"0":31,"1":2,"2":2,"3":29,"4":29,"5":29,"6":29,"7":54,"8":29,"9":29,"10":29,"11":29,"12":29,"13":29,"14":79,"15":29,"16":2233,"17":29,"18":29,"19":29,"20":29,"21":29,"22":2204,"23":2204,"24":2204,"25":2204,"26":2204},"f":{"0":25,"1":50},"b":{"0":[1052,50],"1":[1052,50]}}
,"C:\\Users\\33634\\Desktop\\dev-info\\openclassroom\\projet-fullstack-angular\\Projet_5\\Testez-une-application-full-stack\\front\\src\\app\\features\\auth\\components\\login\\login.component.ts": {"path":"C:\\Users\\33634\\Desktop\\dev-info\\openclassroom\\projet-fullstack-angular\\Projet_5\\Testez-une-application-full-stack\\front\\src\\app\\features\\auth\\components\\login\\login.component.ts","statementMap":{"0":{"start":{"line":14,"column":0},"end":{"line":14,"column":6}},"1":{"start":{"line":35,"column":22},"end":{"line":35,"column":null}},"2":{"start":{"line":36,"column":22},"end":{"line":36,"column":null}},"3":{"start":{"line":37,"column":22},"end":{"line":37,"column":null}},"4":{"start":{"line":38,"column":22},"end":{"line":38,"column":52}},"5":{"start":{"line":15,"column":9},"end":{"line":15,"column":16}},"6":{"start":{"line":16,"column":9},"end":{"line":16,"column":19}},"7":{"start":{"line":18,"column":9},"end":{"line":18,"column":16}},"8":{"start":{"line":42,"column":25},"end":{"line":42,"column":null}},"9":{"start":{"line":43,"column":4},"end":{"line":43,"column":9}},"10":{"start":{"line":45,"column":8},"end":{"line":45,"column":13}},"11":{"start":{"line":46,"column":8},"end":{"line":46,"column":13}},"12":{"start":{"line":48,"column":22},"end":{"line":48,"column":null}},"13":{"start":{"line":14,"column":13},"end":{"line":14,"column":null}}},"fnMap":{"0":{"name":"(anonymous_1)","decl":{"start":{"line":14,"column":0},"end":{"line":14,"column":6}},"loc":{"start":{"line":14,"column":0},"end":{"line":14,"column":6}}},"1":{"name":"(anonymous_2)","decl":{"start":{"line":35,"column":2},"end":{"line":35,"column":22}},"loc":{"start":{"line":38,"column":52},"end":{"line":39,"column":null}}},"2":{"name":"(anonymous_3)","decl":{"start":{"line":41,"column":9},"end":{"line":41,"column":15}},"loc":{"start":{"line":41,"column":15},"end":{"line":50,"column":null}}},"3":{"name":"(anonymous_4)","decl":{"start":{"line":44,"column":13},"end":{"line":44,"column":45}},"loc":{"start":{"line":44,"column":45},"end":{"line":47,"column":null}}},"4":{"name":"(anonymous_5)","decl":{"start":{"line":48,"column":13},"end":{"line":48,"column":18}},"loc":{"start":{"line":48,"column":22},"end":{"line":48,"column":null}}}},"branchMap":{"0":{"loc":{"start":{"line":14,"column":13},"end":{"line":14,"column":27}},"type":"binary-expr","locations":[{"start":{"line":14,"column":13},"end":{"line":14,"column":27}},{"start":{"line":14,"column":13},"end":{"line":14,"column":27}}]}},"s":{"0":74,"1":29,"2":29,"3":29,"4":29,"5":29,"6":29,"7":29,"8":25,"9":25,"10":23,"11":23,"12":2,"13":29},"f":{"0":37,"1":29,"2":25,"3":23,"4":2},"b":{"0":[29,29]}}
,"C:\\Users\\33634\\Desktop\\dev-info\\openclassroom\\projet-fullstack-angular\\Projet_5\\Testez-une-application-full-stack\\front\\src\\app\\features\\auth\\components\\register\\register.component.html": {"path":"C:\\Users\\33634\\Desktop\\dev-info\\openclassroom\\projet-fullstack-angular\\Projet_5\\Testez-une-application-full-stack\\front\\src\\app\\features\\auth\\components\\register\\register.component.html","statementMap":{"0":{"start":{"line":22,"column":12},"end":{"line":22,"column":19}},"1":{"start":{"line":22,"column":52},"end":{"line":22,"column":69}},"2":{"start":{"line":22,"column":69},"end":{"line":22,"column":null}},"3":{"start":{"line":1,"column":0},"end":{"line":1,"column":67}},"4":{"start":{"line":4,"column":28},"end":{"line":4,"column":36}},"5":{"start":{"line":4,"column":36},"end":{"line":4,"column":null}},"6":{"start":{"line":6,"column":8},"end":{"line":6,"column":36}},"7":{"start":{"line":6,"column":55},"end":{"line":6,"column":67}},"8":{"start":{"line":7,"column":12},"end":{"line":7,"column":48}},"9":{"start":{"line":9,"column":20},"end":{"line":9,"column":null}},"10":{"start":{"line":10,"column":16},"end":{"line":10,"column":null}},"11":{"start":{"line":11,"column":16},"end":{"line":11,"column":null}},"12":{"start":{"line":12,"column":20},"end":{"line":12,"column":null}},"13":{"start":{"line":13,"column":16},"end":{"line":13,"column":null}},"14":{"start":{"line":14,"column":16},"end":{"line":14,"column":null}},"15":{"start":{"line":15,"column":20},"end":{"line":15,"column":null}},"16":{"start":{"line":16,"column":16},"end":{"line":16,"column":null}},"17":{"start":{"line":17,"column":16},"end":{"line":17,"column":null}},"18":{"start":{"line":18,"column":20},"end":{"line":18,"column":null}},"19":{"start":{"line":19,"column":16},"end":{"line":19,"column":null}},"20":{"start":{"line":21,"column":12},"end":{"line":21,"column":68}},"21":{"start":{"line":21,"column":94},"end":{"line":21,"column":100}},"22":{"start":{"line":21,"column":100},"end":{"line":21,"column":null}},"23":{"start":{"line":23,"column":8},"end":{"line":23,"column":null}},"24":{"start":{"line":6,"column":36},"end":{"line":6,"column":55}},"25":{"start":{"line":21,"column":68},"end":{"line":21,"column":94}},"26":{"start":{"line":22,"column":19},"end":{"line":22,"column":52}}},"fnMap":{"0":{"name":"RegisterComponent_Template_form_ngSubmit_5_listener","decl":{"start":{"line":6,"column":55},"end":{"line":6,"column":67}},"loc":{"start":{"line":6,"column":55},"end":{"line":6,"column":null}}}},"branchMap":{},"s":{"0":8,"1":2,"2":2,"3":6,"4":6,"5":6,"6":6,"7":14,"8":6,"9":6,"10":6,"11":6,"12":6,"13":6,"14":6,"15":6,"16":6,"17":6,"18":6,"19":6,"20":6,"21":6,"22":6,"23":6,"24":660,"25":660,"26":660},"f":{"0":8},"b":{}}
,"C:\\Users\\33634\\Desktop\\dev-info\\openclassroom\\projet-fullstack-angular\\Projet_5\\Testez-une-application-full-stack\\front\\src\\app\\features\\auth\\components\\register\\register.component.ts": {"path":"C:\\Users\\33634\\Desktop\\dev-info\\openclassroom\\projet-fullstack-angular\\Projet_5\\Testez-une-application-full-stack\\front\\src\\app\\features\\auth\\components\\register\\register.component.ts","statementMap":{"0":{"start":{"line":12,"column":0},"end":{"line":12,"column":6}},"1":{"start":{"line":50,"column":22},"end":{"line":50,"column":null}},"2":{"start":{"line":51,"column":22},"end":{"line":51,"column":null}},"3":{"start":{"line":52,"column":22},"end":{"line":52,"column":36}},"4":{"start":{"line":14,"column":9},"end":{"line":14,"column":19}},"5":{"start":{"line":16,"column":9},"end":{"line":16,"column":16}},"6":{"start":{"line":56,"column":28},"end":{"line":56,"column":null}},"7":{"start":{"line":57,"column":4},"end":{"line":57,"column":9}},"8":{"start":{"line":58,"column":27},"end":{"line":58,"column":32}},"9":{"start":{"line":59,"column":20},"end":{"line":59,"column":null}},"10":{"start":{"line":12,"column":13},"end":{"line":12,"column":null}}},"fnMap":{"0":{"name":"(anonymous_1)","decl":{"start":{"line":12,"column":0},"end":{"line":12,"column":6}},"loc":{"start":{"line":12,"column":0},"end":{"line":12,"column":6}}},"1":{"name":"(anonymous_2)","decl":{"start":{"line":50,"column":2},"end":{"line":50,"column":22}},"loc":{"start":{"line":52,"column":36},"end":{"line":53,"column":null}}},"2":{"name":"(anonymous_3)","decl":{"start":{"line":55,"column":9},"end":{"line":55,"column":15}},"loc":{"start":{"line":55,"column":15},"end":{"line":62,"column":null}}},"3":{"name":"(anonymous_4)","decl":{"start":{"line":58,"column":15},"end":{"line":58,"column":27}},"loc":{"start":{"line":58,"column":27},"end":{"line":58,"column":32}}},"4":{"name":"(anonymous_5)","decl":{"start":{"line":59,"column":15},"end":{"line":59,"column":16}},"loc":{"start":{"line":59,"column":20},"end":{"line":59,"column":null}}}},"branchMap":{"0":{"loc":{"start":{"line":12,"column":13},"end":{"line":12,"column":30}},"type":"binary-expr","locations":[{"start":{"line":12,"column":13},"end":{"line":12,"column":30}},{"start":{"line":12,"column":13},"end":{"line":12,"column":30}}]}},"s":{"0":74,"1":6,"2":6,"3":6,"4":6,"5":6,"6":8,"7":8,"8":4,"9":4,"10":6},"f":{"0":37,"1":6,"2":8,"3":4,"4":4},"b":{"0":[6,6]}}
,"C:\\Users\\33634\\Desktop\\dev-info\\openclassroom\\projet-fullstack-angular\\Projet_5\\Testez-une-application-full-stack\\front\\src\\app\\features\\auth\\services\\auth.service.ts": {"path":"C:\\Users\\33634\\Desktop\\dev-info\\openclassroom\\projet-fullstack-angular\\Projet_5\\Testez-une-application-full-stack\\front\\src\\app\\features\\auth\\services\\auth.service.ts","statementMap":{"0":{"start":{"line":11,"column":0},"end":{"line":11,"column":6}},"1":{"start":{"line":15,"column":22},"end":{"line":15,"column":44}},"2":{"start":{"line":13,"column":10},"end":{"line":13,"column":24}},"3":{"start":{"line":18,"column":4},"end":{"line":18,"column":11}},"4":{"start":{"line":22,"column":4},"end":{"line":22,"column":11}},"5":{"start":{"line":11,"column":13},"end":{"line":11,"column":null}}},"fnMap":{"0":{"name":"(anonymous_0)","decl":{"start":{"line":11,"column":0},"end":{"line":11,"column":6}},"loc":{"start":{"line":11,"column":0},"end":{"line":11,"column":6}}},"1":{"name":"(anonymous_1)","decl":{"start":{"line":15,"column":2},"end":{"line":15,"column":22}},"loc":{"start":{"line":15,"column":44},"end":{"line":15,"column":null}}},"2":{"name":"(anonymous_2)","decl":{"start":{"line":17,"column":9},"end":{"line":17,"column":17}},"loc":{"start":{"line":17,"column":50},"end":{"line":19,"column":null}}},"3":{"name":"(anonymous_3)","decl":{"start":{"line":21,"column":9},"end":{"line":21,"column":14}},"loc":{"start":{"line":21,"column":41},"end":{"line":23,"column":null}}}},"branchMap":{"0":{"loc":{"start":{"line":11,"column":13},"end":{"line":11,"column":24}},"type":"binary-expr","locations":[{"start":{"line":11,"column":13},"end":{"line":11,"column":24}},{"start":{"line":11,"column":13},"end":{"line":11,"column":24}}]}},"s":{"0":74,"1":37,"2":37,"3":8,"4":25,"5":37},"f":{"0":37,"1":37,"2":8,"3":25},"b":{"0":[37,37]}}
,"C:\\Users\\33634\\Desktop\\dev-info\\openclassroom\\projet-fullstack-angular\\Projet_5\\Testez-une-application-full-stack\\front\\src\\app\\features\\sessions\\sessions-routing.module.ts": {"path":"C:\\Users\\33634\\Desktop\\dev-info\\openclassroom\\projet-fullstack-angular\\Projet_5\\Testez-une-application-full-stack\\front\\src\\app\\features\\sessions\\sessions-routing.module.ts","statementMap":{"0":{"start":{"line":7,"column":23},"end":{"line":7,"column":null}},"1":{"start":{"line":18,"column":0},"end":{"line":18,"column":6}},"2":{"start":{"line":18,"column":13},"end":{"line":18,"column":34}}},"fnMap":{"0":{"name":"(anonymous_0)","decl":{"start":{"line":18,"column":0},"end":{"line":18,"column":6}},"loc":{"start":{"line":18,"column":0},"end":{"line":18,"column":6}}}},"branchMap":{"0":{"loc":{"start":{"line":18,"column":13},"end":{"line":18,"column":34}},"type":"binary-expr","locations":[{"start":{"line":18,"column":13},"end":{"line":18,"column":34}},{"start":{"line":18,"column":13},"end":{"line":18,"column":34}}]}},"s":{"0":23,"1":46,"2":23},"f":{"0":23},"b":{"0":[23,23]}}
,"C:\\Users\\33634\\Desktop\\dev-info\\openclassroom\\projet-fullstack-angular\\Projet_5\\Testez-une-application-full-stack\\front\\src\\app\\features\\sessions\\sessions.module.ts": {"path":"C:\\Users\\33634\\Desktop\\dev-info\\openclassroom\\projet-fullstack-angular\\Projet_5\\Testez-une-application-full-stack\\front\\src\\app\\features\\sessions\\sessions.module.ts","statementMap":{"0":{"start":{"line":17,"column":0},"end":{"line":17,"column":18}},"1":{"start":{"line":19,"column":24},"end":{"line":19,"column":null}},"2":{"start":{"line":43,"column":0},"end":{"line":43,"column":6}},"3":{"start":{"line":43,"column":13},"end":{"line":43,"column":27}}},"fnMap":{"0":{"name":"(anonymous_0)","decl":{"start":{"line":43,"column":0},"end":{"line":43,"column":6}},"loc":{"start":{"line":43,"column":0},"end":{"line":43,"column":6}}}},"branchMap":{"0":{"loc":{"start":{"line":43,"column":13},"end":{"line":43,"column":27}},"type":"binary-expr","locations":[{"start":{"line":43,"column":13},"end":{"line":43,"column":27}},{"start":{"line":43,"column":13},"end":{"line":43,"column":27}}]}},"s":{"0":23,"1":23,"2":46,"3":23},"f":{"0":23},"b":{"0":[23,23]}}
,"C:\\Users\\33634\\Desktop\\dev-info\\openclassroom\\projet-fullstack-angular\\Projet_5\\Testez-une-application-full-stack\\front\\src\\app\\features\\sessions\\components\\detail\\detail.component.html": {"path":"C:\\Users\\33634\\Desktop\\dev-info\\openclassroom\\projet-fullstack-angular\\Projet_5\\Testez-une-application-full-stack\\front\\src\\app\\features\\sessions\\components\\detail\\detail.component.html","statementMap":{"0":{"start":{"line":12,"column":10},"end":{"line":12,"column":56}},"1":{"start":{"line":12,"column":102},"end":{"line":12,"column":111}},"2":{"start":{"line":13,"column":12},"end":{"line":13,"column":22}},"3":{"start":{"line":13,"column":22},"end":{"line":13,"column":28}},"4":{"start":{"line":13,"column":28},"end":{"line":13,"column":null}},"5":{"start":{"line":14,"column":12},"end":{"line":14,"column":30}},"6":{"start":{"line":14,"column":30},"end":{"line":14,"column":36}},"7":{"start":{"line":14,"column":36},"end":{"line":14,"column":null}},"8":{"start":{"line":17,"column":12},"end":{"line":17,"column":21}},"9":{"start":{"line":17,"column":77},"end":{"line":17,"column":86}},"10":{"start":{"line":18,"column":14},"end":{"line":18,"column":24}},"11":{"start":{"line":18,"column":24},"end":{"line":18,"column":34}},"12":{"start":{"line":18,"column":34},"end":{"line":18,"column":null}},"13":{"start":{"line":19,"column":14},"end":{"line":19,"column":32}},"14":{"start":{"line":19,"column":32},"end":{"line":19,"column":43}},"15":{"start":{"line":19,"column":43},"end":{"line":19,"column":null}},"16":{"start":{"line":21,"column":12},"end":{"line":21,"column":21}},"17":{"start":{"line":21,"column":73},"end":{"line":21,"column":82}},"18":{"start":{"line":22,"column":14},"end":{"line":22,"column":24}},"19":{"start":{"line":22,"column":24},"end":{"line":22,"column":37}},"20":{"start":{"line":22,"column":37},"end":{"line":22,"column":null}},"21":{"start":{"line":23,"column":14},"end":{"line":23,"column":32}},"22":{"start":{"line":23,"column":32},"end":{"line":23,"column":50}},"23":{"start":{"line":23,"column":50},"end":{"line":23,"column":null}},"24":{"start":{"line":16,"column":10},"end":{"line":16,"column":16}},"25":{"start":{"line":26,"column":10},"end":{"line":26,"column":null}},"26":{"start":{"line":17,"column":21},"end":{"line":17,"column":77}},"27":{"start":{"line":21,"column":21},"end":{"line":21,"column":73}},"28":{"start":{"line":32,"column":4},"end":{"line":32,"column":24}},"29":{"start":{"line":35,"column":10},"end":{"line":35,"column":null}},"30":{"start":{"line":36,"column":8},"end":{"line":36,"column":null}},"31":{"start":{"line":37,"column":8},"end":{"line":37,"column":26}},"32":{"start":{"line":37,"column":26},"end":{"line":37,"column":84}},"33":{"start":{"line":37,"column":84},"end":{"line":37,"column":null}},"34":{"start":{"line":2,"column":2},"end":{"line":2,"column":13}},"35":{"start":{"line":6,"column":34},"end":{"line":6,"column":43}},"36":{"start":{"line":7,"column":12},"end":{"line":7,"column":22}},"37":{"start":{"line":7,"column":22},"end":{"line":7,"column":32}},"38":{"start":{"line":7,"column":32},"end":{"line":7,"column":null}},"39":{"start":{"line":9,"column":10},"end":{"line":9,"column":14}},"40":{"start":{"line":9,"column":14},"end":{"line":9,"column":42}},"41":{"start":{"line":9,"column":42},"end":{"line":9,"column":null}},"42":{"start":{"line":11,"column":8},"end":{"line":11,"column":null}},"43":{"start":{"line":29,"column":8},"end":{"line":29,"column":null}},"44":{"start":{"line":40,"column":4},"end":{"line":40,"column":null}},"45":{"start":{"line":41,"column":6},"end":{"line":41,"column":null}},"46":{"start":{"line":42,"column":4},"end":{"line":42,"column":null}},"47":{"start":{"line":43,"column":4},"end":{"line":43,"column":22}},"48":{"start":{"line":47,"column":12},"end":{"line":47,"column":null}},"49":{"start":{"line":48,"column":10},"end":{"line":48,"column":null}},"50":{"start":{"line":49,"column":10},"end":{"line":49,"column":28}},"51":{"start":{"line":49,"column":28},"end":{"line":49,"column":64}},"52":{"start":{"line":49,"column":64},"end":{"line":49,"column":null}},"53":{"start":{"line":51,"column":8},"end":{"line":51,"column":42}},"54":{"start":{"line":53,"column":12},"end":{"line":53,"column":null}},"55":{"start":{"line":54,"column":10},"end":{"line":54,"column":null}},"56":{"start":{"line":55,"column":10},"end":{"line":55,"column":28}},"57":{"start":{"line":55,"column":28},"end":{"line":55,"column":64}},"58":{"start":{"line":55,"column":64},"end":{"line":55,"column":null}},"59":{"start":{"line":58,"column":6},"end":{"line":58,"column":31}},"60":{"start":{"line":59,"column":11},"end":{"line":59,"column":23}},"61":{"start":{"line":59,"column":23},"end":{"line":59,"column":null}},"62":{"start":{"line":60,"column":8},"end":{"line":60,"column":null}},"63":{"start":{"line":61,"column":8},"end":{"line":61,"column":null}},"64":{"start":{"line":62,"column":6},"end":{"line":62,"column":null}},"65":{"start":{"line":63,"column":6},"end":{"line":63,"column":88}},"66":{"start":{"line":64,"column":32},"end":{"line":64,"column":43}},"67":{"start":{"line":64,"column":43},"end":{"line":64,"column":48}},"68":{"start":{"line":64,"column":48},"end":{"line":64,"column":88}},"69":{"start":{"line":64,"column":88},"end":{"line":64,"column":null}},"70":{"start":{"line":65,"column":8},"end":{"line":65,"column":29}},"71":{"start":{"line":65,"column":32},"end":{"line":65,"column":45}},"72":{"start":{"line":65,"column":45},"end":{"line":65,"column":50}},"73":{"start":{"line":65,"column":50},"end":{"line":65,"column":90}},"74":{"start":{"line":65,"column":90},"end":{"line":65,"column":null}},"75":{"start":{"line":12,"column":56},"end":{"line":12,"column":102}},"76":{"start":{"line":16,"column":16},"end":{"line":16,"column":null}},"77":{"start":{"line":32,"column":24},"end":{"line":32,"column":39}},"78":{"start":{"line":1,"column":0},"end":{"line":1,"column":null}},"79":{"start":{"line":69,"column":0},"end":{"line":69,"column":null}},"80":{"start":{"line":2,"column":13},"end":{"line":2,"column":28}}},"fnMap":{"0":{"name":"DetailComponent_mat_card_1_button_11_Template_button_click_0_listener","decl":{"start":{"line":12,"column":102},"end":{"line":12,"column":111}},"loc":{"start":{"line":12,"column":102},"end":{"line":12,"column":null}}},"1":{"name":"DetailComponent_mat_card_1_div_12_button_1_Template_button_click_0_listener","decl":{"start":{"line":17,"column":77},"end":{"line":17,"column":86}},"loc":{"start":{"line":17,"column":77},"end":{"line":17,"column":null}}},"2":{"name":"DetailComponent_mat_card_1_div_12_button_2_Template_button_click_0_listener","decl":{"start":{"line":21,"column":73},"end":{"line":21,"column":82}},"loc":{"start":{"line":21,"column":73},"end":{"line":21,"column":null}}},"3":{"name":"DetailComponent_mat_card_1_Template_button_click_4_listener","decl":{"start":{"line":6,"column":34},"end":{"line":6,"column":43}},"loc":{"start":{"line":6,"column":34},"end":{"line":6,"column":null}}}},"branchMap":{},"s":{"0":8,"1":10,"2":4,"3":4,"4":4,"5":4,"6":4,"7":4,"8":0,"9":0,"10":0,"11":0,"12":0,"13":0,"14":0,"15":0,"16":0,"17":0,"18":0,"19":0,"20":0,"21":0,"22":0,"23":0,"24":4,"25":0,"26":0,"27":0,"28":4,"29":0,"30":0,"31":0,"32":0,"33":0,"34":8,"35":4,"36":4,"37":4,"38":4,"39":4,"40":96,"41":4,"42":4,"43":4,"44":4,"45":4,"46":4,"47":4,"48":4,"49":4,"50":4,"51":96,"52":4,"53":4,"54":4,"55":4,"56":4,"57":96,"58":4,"59":4,"60":4,"61":4,"62":96,"63":4,"64":4,"65":4,"66":4,"67":4,"68":96,"69":4,"70":4,"71":4,"72":4,"73":96,"74":4,"75":92,"76":92,"77":92,"78":4,"79":4,"80":132},"f":{"0":2,"1":0,"2":0,"3":0},"b":{}}
,"C:\\Users\\33634\\Desktop\\dev-info\\openclassroom\\projet-fullstack-angular\\Projet_5\\Testez-une-application-full-stack\\front\\src\\app\\features\\sessions\\components\\detail\\detail.component.ts": {"path":"C:\\Users\\33634\\Desktop\\dev-info\\openclassroom\\projet-fullstack-angular\\Projet_5\\Testez-une-application-full-stack\\front\\src\\app\\features\\sessions\\components\\detail\\detail.component.ts","statementMap":{"0":{"start":{"line":16,"column":0},"end":{"line":16,"column":6}},"1":{"start":{"line":27,"column":12},"end":{"line":27,"column":null}},"2":{"start":{"line":28,"column":12},"end":{"line":28,"column":null}},"3":{"start":{"line":29,"column":12},"end":{"line":29,"column":null}},"4":{"start":{"line":30,"column":12},"end":{"line":30,"column":null}},"5":{"start":{"line":31,"column":12},"end":{"line":31,"column":null}},"6":{"start":{"line":32,"column":12},"end":{"line":32,"column":null}},"7":{"start":{"line":33,"column":12},"end":{"line":33,"column":26}},"8":{"start":{"line":20,"column":9},"end":{"line":20,"column":25}},"9":{"start":{"line":21,"column":9},"end":{"line":21,"column":19}},"10":{"start":{"line":34,"column":4},"end":{"line":34,"column":9}},"11":{"start":{"line":35,"column":4},"end":{"line":35,"column":9}},"12":{"start":{"line":36,"column":4},"end":{"line":36,"column":9}},"13":{"start":{"line":40,"column":4},"end":{"line":40,"column":9}},"14":{"start":{"line":44,"column":4},"end":{"line":44,"column":10}},"15":{"start":{"line":48,"column":4},"end":{"line":48,"column":9}},"16":{"start":{"line":51,"column":10},"end":{"line":51,"column":15}},"17":{"start":{"line":52,"column":10},"end":{"line":52,"column":15}},"18":{"start":{"line":58,"column":4},"end":{"line":58,"column":9}},"19":{"start":{"line":58,"column":83},"end":{"line":58,"column":88}},"20":{"start":{"line":62,"column":4},"end":{"line":62,"column":9}},"21":{"start":{"line":62,"column":85},"end":{"line":62,"column":90}},"22":{"start":{"line":66,"column":4},"end":{"line":66,"column":9}},"23":{"start":{"line":69,"column":8},"end":{"line":69,"column":13}},"24":{"start":{"line":70,"column":8},"end":{"line":70,"column":13}},"25":{"start":{"line":70,"column":53},"end":{"line":70,"column":null}},"26":{"start":{"line":71,"column":8},"end":{"line":71,"column":13}},"27":{"start":{"line":73,"column":43},"end":{"line":73,"column":null}},"28":{"start":{"line":16,"column":13},"end":{"line":16,"column":null}}},"fnMap":{"0":{"name":"(anonymous_10)","decl":{"start":{"line":16,"column":0},"end":{"line":16,"column":6}},"loc":{"start":{"line":16,"column":0},"end":{"line":16,"column":6}}},"1":{"name":"(anonymous_11)","decl":{"start":{"line":26,"column":2},"end":{"line":26,"column":null}},"loc":{"start":{"line":33,"column":26},"end":{"line":37,"column":null}}},"2":{"name":"(anonymous_12)","decl":{"start":{"line":39,"column":9},"end":{"line":39,"column":17}},"loc":{"start":{"line":39,"column":17},"end":{"line":41,"column":null}}},"3":{"name":"(anonymous_13)","decl":{"start":{"line":43,"column":9},"end":{"line":43,"column":13}},"loc":{"start":{"line":43,"column":13},"end":{"line":45,"column":null}}},"4":{"name":"(anonymous_14)","decl":{"start":{"line":47,"column":9},"end":{"line":47,"column":15}},"loc":{"start":{"line":47,"column":15},"end":{"line":55,"column":null}}},"5":{"name":"(anonymous_15)","decl":{"start":{"line":50,"column":18},"end":{"line":50,"column":28}},"loc":{"start":{"line":50,"column":28},"end":{"line":53,"column":null}}},"6":{"name":"(anonymous_16)","decl":{"start":{"line":57,"column":9},"end":{"line":57,"column":20}},"loc":{"start":{"line":57,"column":20},"end":{"line":59,"column":null}}},"7":{"name":"(anonymous_17)","decl":{"start":{"line":58,"column":78},"end":{"line":58,"column":79}},"loc":{"start":{"line":58,"column":83},"end":{"line":58,"column":88}}},"8":{"name":"(anonymous_18)","decl":{"start":{"line":61,"column":9},"end":{"line":61,"column":22}},"loc":{"start":{"line":61,"column":22},"end":{"line":63,"column":null}}},"9":{"name":"(anonymous_19)","decl":{"start":{"line":62,"column":80},"end":{"line":62,"column":81}},"loc":{"start":{"line":62,"column":85},"end":{"line":62,"column":90}}},"10":{"name":"(anonymous_20)","decl":{"start":{"line":65,"column":10},"end":{"line":65,"column":22}},"loc":{"start":{"line":65,"column":22},"end":{"line":75,"column":null}}},"11":{"name":"(anonymous_21)","decl":{"start":{"line":68,"column":18},"end":{"line":68,"column":38}},"loc":{"start":{"line":68,"column":38},"end":{"line":74,"column":null}}},"12":{"name":"(anonymous_22)","decl":{"start":{"line":70,"column":48},"end":{"line":70,"column":49}},"loc":{"start":{"line":70,"column":53},"end":{"line":70,"column":null}}},"13":{"name":"(anonymous_23)","decl":{"start":{"line":73,"column":22},"end":{"line":73,"column":43}},"loc":{"start":{"line":73,"column":43},"end":{"line":73,"column":null}}}},"branchMap":{"0":{"loc":{"start":{"line":16,"column":13},"end":{"line":16,"column":28}},"type":"binary-expr","locations":[{"start":{"line":16,"column":13},"end":{"line":16,"column":28}},{"start":{"line":16,"column":13},"end":{"line":16,"column":28}}]}},"s":{"0":46,"1":4,"2":4,"3":4,"4":4,"5":4,"6":4,"7":4,"8":4,"9":4,"10":4,"11":4,"12":4,"13":4,"14":0,"15":2,"16":2,"17":2,"18":0,"19":0,"20":0,"21":0,"22":4,"23":4,"24":4,"25":0,"26":4,"27":0,"28":4},"f":{"0":23,"1":4,"2":4,"3":0,"4":2,"5":2,"6":0,"7":0,"8":0,"9":0,"10":4,"11":4,"12":0,"13":0},"b":{"0":[4,4]}}
,"C:\\Users\\33634\\Desktop\\dev-info\\openclassroom\\projet-fullstack-angular\\Projet_5\\Testez-une-application-full-stack\\front\\src\\app\\features\\sessions\\components\\form\\form.component.html": {"path":"C:\\Users\\33634\\Desktop\\dev-info\\openclassroom\\projet-fullstack-angular\\Projet_5\\Testez-une-application-full-stack\\front\\src\\app\\features\\sessions\\components\\form\\form.component.html","statementMap":{"0":{"start":{"line":8,"column":8},"end":{"line":8,"column":13}},"1":{"start":{"line":8,"column":30},"end":{"line":8,"column":44}},"2":{"start":{"line":8,"column":44},"end":{"line":8,"column":null}},"3":{"start":{"line":9,"column":8},"end":{"line":9,"column":13}},"4":{"start":{"line":9,"column":29},"end":{"line":9,"column":43}},"5":{"start":{"line":9,"column":43},"end":{"line":9,"column":null}},"6":{"start":{"line":25,"column":12},"end":{"line":25,"column":44}},"7":{"start":{"line":26,"column":14},"end":{"line":26,"column":null}},"8":{"start":{"line":27,"column":12},"end":{"line":27,"column":null}},"9":{"start":{"line":25,"column":66},"end":{"line":25,"column":null}},"10":{"start":{"line":12,"column":4},"end":{"line":12,"column":23}},"11":{"start":{"line":13,"column":68},"end":{"line":13,"column":80}},"12":{"start":{"line":14,"column":8},"end":{"line":14,"column":61}},"13":{"start":{"line":15,"column":21},"end":{"line":15,"column":25}},"14":{"start":{"line":15,"column":25},"end":{"line":15,"column":null}},"15":{"start":{"line":16,"column":10},"end":{"line":16,"column":null}},"16":{"start":{"line":17,"column":8},"end":{"line":17,"column":null}},"17":{"start":{"line":18,"column":8},"end":{"line":18,"column":52}},"18":{"start":{"line":19,"column":21},"end":{"line":19,"column":25}},"19":{"start":{"line":19,"column":25},"end":{"line":19,"column":null}},"20":{"start":{"line":20,"column":10},"end":{"line":20,"column":null}},"21":{"start":{"line":21,"column":8},"end":{"line":21,"column":null}},"22":{"start":{"line":22,"column":8},"end":{"line":22,"column":45}},"23":{"start":{"line":23,"column":21},"end":{"line":23,"column":28}},"24":{"start":{"line":23,"column":28},"end":{"line":23,"column":null}},"25":{"start":{"line":24,"column":10},"end":{"line":24,"column":null}},"26":{"start":{"line":28,"column":10},"end":{"line":28,"column":null}},"27":{"start":{"line":30,"column":8},"end":{"line":30,"column":52}},"28":{"start":{"line":31,"column":21},"end":{"line":31,"column":32}},"29":{"start":{"line":31,"column":32},"end":{"line":31,"column":null}},"30":{"start":{"line":32,"column":10},"end":{"line":32,"column":null}},"31":{"start":{"line":33,"column":8},"end":{"line":33,"column":null}},"32":{"start":{"line":34,"column":8},"end":{"line":34,"column":58}},"33":{"start":{"line":36,"column":12},"end":{"line":36,"column":null}},"34":{"start":{"line":37,"column":10},"end":{"line":37,"column":null}},"35":{"start":{"line":13,"column":42},"end":{"line":13,"column":68}},"36":{"start":{"line":25,"column":44},"end":{"line":25,"column":66}},"37":{"start":{"line":35,"column":66},"end":{"line":35,"column":null}},"38":{"start":{"line":1,"column":0},"end":{"line":1,"column":23}},"39":{"start":{"line":6,"column":20},"end":{"line":6,"column":30}},"40":{"start":{"line":6,"column":30},"end":{"line":6,"column":null}},"41":{"start":{"line":10,"column":6},"end":{"line":10,"column":null}},"42":{"start":{"line":41,"column":2},"end":{"line":41,"column":null}},"43":{"start":{"line":8,"column":13},"end":{"line":8,"column":30}},"44":{"start":{"line":9,"column":13},"end":{"line":9,"column":29}},"45":{"start":{"line":12,"column":23},"end":{"line":12,"column":42}}},"fnMap":{"0":{"name":"FormComponent_mat_card_content_9_Template_form_ngSubmit_1_listener","decl":{"start":{"line":13,"column":68},"end":{"line":13,"column":80}},"loc":{"start":{"line":13,"column":68},"end":{"line":13,"column":null}}}},"branchMap":{},"s":{"0":4,"1":2,"2":2,"3":2,"4":0,"5":0,"6":4,"7":302,"8":2,"9":150,"10":4,"11":8,"12":2,"13":2,"14":2,"15":2,"16":2,"17":2,"18":2,"19":2,"20":2,"21":2,"22":2,"23":2,"24":2,"25":2,"26":2,"27":2,"28":2,"29":2,"30":2,"31":2,"32":2,"33":2,"34":2,"35":324,"36":324,"37":324,"38":2,"39":2,"40":2,"41":2,"42":2,"43":324,"44":324,"45":324},"f":{"0":2},"b":{}}
,"C:\\Users\\33634\\Desktop\\dev-info\\openclassroom\\projet-fullstack-angular\\Projet_5\\Testez-une-application-full-stack\\front\\src\\app\\features\\sessions\\components\\form\\form.component.ts": {"path":"C:\\Users\\33634\\Desktop\\dev-info\\openclassroom\\projet-fullstack-angular\\Projet_5\\Testez-une-application-full-stack\\front\\src\\app\\features\\sessions\\components\\form\\form.component.ts","statementMap":{"0":{"start":{"line":15,"column":0},"end":{"line":15,"column":6}},"1":{"start":{"line":23,"column":12},"end":{"line":23,"column":null}},"2":{"start":{"line":24,"column":12},"end":{"line":24,"column":null}},"3":{"start":{"line":25,"column":12},"end":{"line":25,"column":null}},"4":{"start":{"line":26,"column":12},"end":{"line":26,"column":null}},"5":{"start":{"line":27,"column":12},"end":{"line":27,"column":null}},"6":{"start":{"line":28,"column":12},"end":{"line":28,"column":null}},"7":{"start":{"line":29,"column":12},"end":{"line":29,"column":26}},"8":{"start":{"line":17,"column":9},"end":{"line":17,"column":29}},"9":{"start":{"line":19,"column":9},"end":{"line":19,"column":21}},"10":{"start":{"line":34,"column":4},"end":{"line":36,"column":null}},"11":{"start":{"line":35,"column":6},"end":{"line":35,"column":11}},"12":{"start":{"line":37,"column":16},"end":{"line":37,"column":null}},"13":{"start":{"line":38,"column":4},"end":{"line":46,"column":null}},"14":{"start":{"line":39,"column":6},"end":{"line":39,"column":11}},"15":{"start":{"line":40,"column":6},"end":{"line":40,"column":11}},"16":{"start":{"line":41,"column":6},"end":{"line":41,"column":11}},"17":{"start":{"line":43,"column":41},"end":{"line":43,"column":46}},"18":{"start":{"line":45,"column":6},"end":{"line":45,"column":11}},"19":{"start":{"line":50,"column":20},"end":{"line":50,"column":null}},"20":{"start":{"line":52,"column":4},"end":{"line":60,"column":null}},"21":{"start":{"line":53,"column":6},"end":{"line":53,"column":11}},"22":{"start":{"line":55,"column":35},"end":{"line":55,"column":40}},"23":{"start":{"line":57,"column":6},"end":{"line":57,"column":11}},"24":{"start":{"line":59,"column":35},"end":{"line":59,"column":40}},"25":{"start":{"line":64,"column":4},"end":{"line":64,"column":9}},"26":{"start":{"line":88,"column":4},"end":{"line":88,"column":9}},"27":{"start":{"line":89,"column":4},"end":{"line":89,"column":9}},"28":{"start":{"line":15,"column":13},"end":{"line":15,"column":null}}},"fnMap":{"0":{"name":"(anonymous_5)","decl":{"start":{"line":15,"column":0},"end":{"line":15,"column":6}},"loc":{"start":{"line":15,"column":0},"end":{"line":15,"column":6}}},"1":{"name":"(anonymous_6)","decl":{"start":{"line":22,"column":2},"end":{"line":22,"column":null}},"loc":{"start":{"line":29,"column":26},"end":{"line":31,"column":null}}},"2":{"name":"(anonymous_7)","decl":{"start":{"line":33,"column":9},"end":{"line":33,"column":17}},"loc":{"start":{"line":33,"column":17},"end":{"line":47,"column":null}}},"3":{"name":"(anonymous_8)","decl":{"start":{"line":43,"column":20},"end":{"line":43,"column":41}},"loc":{"start":{"line":43,"column":41},"end":{"line":43,"column":46}}},"4":{"name":"(anonymous_9)","decl":{"start":{"line":49,"column":9},"end":{"line":49,"column":15}},"loc":{"start":{"line":49,"column":15},"end":{"line":61,"column":null}}},"5":{"name":"(anonymous_10)","decl":{"start":{"line":55,"column":20},"end":{"line":55,"column":35}},"loc":{"start":{"line":55,"column":35},"end":{"line":55,"column":40}}},"6":{"name":"(anonymous_11)","decl":{"start":{"line":59,"column":20},"end":{"line":59,"column":35}},"loc":{"start":{"line":59,"column":35},"end":{"line":59,"column":40}}},"7":{"name":"(anonymous_12)","decl":{"start":{"line":63,"column":10},"end":{"line":63,"column":18}},"loc":{"start":{"line":63,"column":36},"end":{"line":85,"column":null}}},"8":{"name":"(anonymous_13)","decl":{"start":{"line":87,"column":10},"end":{"line":87,"column":18}},"loc":{"start":{"line":87,"column":34},"end":{"line":90,"column":null}}}},"branchMap":{"0":{"loc":{"start":{"line":34,"column":4},"end":{"line":36,"column":null}},"type":"if","locations":[{"start":{"line":34,"column":4},"end":{"line":36,"column":null}},{"start":{"line":34,"column":4},"end":{"line":36,"column":null}}]},"1":{"loc":{"start":{"line":38,"column":4},"end":{"line":46,"column":null}},"type":"if","locations":[{"start":{"line":38,"column":4},"end":{"line":46,"column":null}},{"start":{"line":38,"column":4},"end":{"line":46,"column":null}}]},"2":{"loc":{"start":{"line":52,"column":4},"end":{"line":60,"column":null}},"type":"if","locations":[{"start":{"line":52,"column":4},"end":{"line":60,"column":null}},{"start":{"line":52,"column":4},"end":{"line":60,"column":null}}]},"3":{"loc":{"start":{"line":66,"column":8},"end":{"line":66,"column":null}},"type":"cond-expr","locations":[{"start":{"line":66,"column":18},"end":{"line":66,"column":33}},{"start":{"line":66,"column":33},"end":{"line":66,"column":null}}]},"4":{"loc":{"start":{"line":70,"column":8},"end":{"line":70,"column":null}},"type":"cond-expr","locations":[{"start":{"line":70,"column":18},"end":{"line":70,"column":22}},{"start":{"line":70,"column":71},"end":{"line":70,"column":null}}]},"5":{"loc":{"start":{"line":74,"column":8},"end":{"line":74,"column":null}},"type":"cond-expr","locations":[{"start":{"line":74,"column":18},"end":{"line":74,"column":39}},{"start":{"line":74,"column":39},"end":{"line":74,"column":null}}]},"6":{"loc":{"start":{"line":78,"column":8},"end":{"line":78,"column":null}},"type":"cond-expr","locations":[{"start":{"line":78,"column":18},"end":{"line":78,"column":40}},{"start":{"line":78,"column":40},"end":{"line":78,"column":null}}]},"7":{"loc":{"start":{"line":15,"column":13},"end":{"line":15,"column":26}},"type":"binary-expr","locations":[{"start":{"line":15,"column":13},"end":{"line":15,"column":26}},{"start":{"line":15,"column":13},"end":{"line":15,"column":26}}]}},"s":{"0":46,"1":2,"2":2,"3":2,"4":2,"5":2,"6":2,"7":2,"8":2,"9":2,"10":2,"11":0,"12":2,"13":2,"14":0,"15":0,"16":0,"17":0,"18":2,"19":2,"20":2,"21":2,"22":0,"23":0,"24":0,"25":2,"26":0,"27":0,"28":2},"f":{"0":23,"1":2,"2":2,"3":0,"4":2,"5":0,"6":0,"7":2,"8":0},"b":{"0":[0,2],"1":[0,2],"2":[2,0],"3":[0,2],"4":[0,2],"5":[0,2],"6":[0,2],"7":[2,2]}}
,"C:\\Users\\33634\\Desktop\\dev-info\\openclassroom\\projet-fullstack-angular\\Projet_5\\Testez-une-application-full-stack\\front\\src\\app\\features\\sessions\\components\\list\\list.component.html": {"path":"C:\\Users\\33634\\Desktop\\dev-info\\openclassroom\\projet-fullstack-angular\\Projet_5\\Testez-une-application-full-stack\\front\\src\\app\\features\\sessions\\components\\list\\list.component.html","statementMap":{"0":{"start":{"line":5,"column":6},"end":{"line":5,"column":52}},"1":{"start":{"line":6,"column":18},"end":{"line":6,"column":21}},"2":{"start":{"line":6,"column":21},"end":{"line":6,"column":null}},"3":{"start":{"line":7,"column":8},"end":{"line":7,"column":26}},"4":{"start":{"line":7,"column":26},"end":{"line":7,"column":32}},"5":{"start":{"line":7,"column":32},"end":{"line":7,"column":null}},"6":{"start":{"line":31,"column":10},"end":{"line":31,"column":18}},"7":{"start":{"line":33,"column":22},"end":{"line":33,"column":26}},"8":{"start":{"line":33,"column":26},"end":{"line":33,"column":null}},"9":{"start":{"line":34,"column":12},"end":{"line":34,"column":30}},"10":{"start":{"line":34,"column":30},"end":{"line":34,"column":34}},"11":{"start":{"line":34,"column":34},"end":{"line":34,"column":null}},"12":{"start":{"line":32,"column":18},"end":{"line":32,"column":55}},"13":{"start":{"line":31,"column":18},"end":{"line":31,"column":81}},"14":{"start":{"line":11,"column":6},"end":{"line":11,"column":49}},"15":{"start":{"line":13,"column":26},"end":{"line":13,"column":44}},"16":{"start":{"line":13,"column":44},"end":{"line":13,"column":null}},"17":{"start":{"line":14,"column":10},"end":{"line":14,"column":null}},"18":{"start":{"line":15,"column":12},"end":{"line":15,"column":null}},"19":{"start":{"line":16,"column":10},"end":{"line":16,"column":null}},"20":{"start":{"line":18,"column":8},"end":{"line":18,"column":null}},"21":{"start":{"line":19,"column":10},"end":{"line":19,"column":null}},"22":{"start":{"line":20,"column":8},"end":{"line":20,"column":null}},"23":{"start":{"line":21,"column":8},"end":{"line":21,"column":26}},"24":{"start":{"line":23,"column":12},"end":{"line":23,"column":null}},"25":{"start":{"line":24,"column":10},"end":{"line":24,"column":null}},"26":{"start":{"line":26,"column":8},"end":{"line":26,"column":26}},"27":{"start":{"line":28,"column":22},"end":{"line":28,"column":28}},"28":{"start":{"line":28,"column":28},"end":{"line":28,"column":null}},"29":{"start":{"line":29,"column":12},"end":{"line":29,"column":30}},"30":{"start":{"line":29,"column":30},"end":{"line":29,"column":36}},"31":{"start":{"line":29,"column":36},"end":{"line":29,"column":null}},"32":{"start":{"line":36,"column":8},"end":{"line":36,"column":null}},"33":{"start":{"line":27,"column":52},"end":{"line":27,"column":null}},"34":{"start":{"line":31,"column":81},"end":{"line":31,"column":null}},"35":{"start":{"line":1,"column":0},"end":{"line":1,"column":18}},"36":{"start":{"line":4,"column":33},"end":{"line":4,"column":50}},"37":{"start":{"line":4,"column":50},"end":{"line":4,"column":null}},"38":{"start":{"line":9,"column":4},"end":{"line":9,"column":null}},"39":{"start":{"line":10,"column":4},"end":{"line":10,"column":null}},"40":{"start":{"line":38,"column":4},"end":{"line":38,"column":null}},"41":{"start":{"line":5,"column":52},"end":{"line":5,"column":125}},"42":{"start":{"line":11,"column":49},"end":{"line":11,"column":80}}},"fnMap":{},"branchMap":{},"s":{"0":43,"1":18,"2":18,"3":18,"4":18,"5":18,"6":58,"7":24,"8":24,"9":24,"10":24,"11":24,"12":50,"13":50,"14":59,"15":174,"16":34,"17":34,"18":174,"19":34,"20":34,"21":34,"22":34,"23":34,"24":174,"25":34,"26":34,"27":34,"28":34,"29":34,"30":34,"31":34,"32":34,"33":140,"34":140,"35":25,"36":25,"37":25,"38":25,"39":25,"40":25,"41":402,"42":402},"f":{},"b":{}}
,"C:\\Users\\33634\\Desktop\\dev-info\\openclassroom\\projet-fullstack-angular\\Projet_5\\Testez-une-application-full-stack\\front\\src\\app\\features\\sessions\\components\\list\\list.component.ts": {"path":"C:\\Users\\33634\\Desktop\\dev-info\\openclassroom\\projet-fullstack-angular\\Projet_5\\Testez-une-application-full-stack\\front\\src\\app\\features\\sessions\\components\\list\\list.component.ts","statementMap":{"0":{"start":{"line":13,"column":0},"end":{"line":13,"column":6}},"1":{"start":{"line":18,"column":12},"end":{"line":18,"column":null}},"2":{"start":{"line":19,"column":12},"end":{"line":19,"column":48}},"3":{"start":{"line":15,"column":9},"end":{"line":15,"column":44}},"4":{"start":{"line":22,"column":4},"end":{"line":22,"column":9}},"5":{"start":{"line":25,"column":4},"end":{"line":25,"column":11}},"6":{"start":{"line":13,"column":13},"end":{"line":13,"column":null}}},"fnMap":{"0":{"name":"(anonymous_5)","decl":{"start":{"line":13,"column":0},"end":{"line":13,"column":6}},"loc":{"start":{"line":13,"column":0},"end":{"line":13,"column":6}}},"1":{"name":"(anonymous_6)","decl":{"start":{"line":17,"column":2},"end":{"line":17,"column":null}},"loc":{"start":{"line":19,"column":48},"end":{"line":20,"column":null}}},"2":{"name":"(anonymous_7)","decl":{"start":{"line":21,"column":2},"end":{"line":21,"column":10}},"loc":{"start":{"line":21,"column":10},"end":{"line":23,"column":null}}},"3":{"name":"(anonymous_8)","decl":{"start":{"line":24,"column":10},"end":{"line":24,"column":null}},"loc":{"start":{"line":24,"column":10},"end":{"line":26,"column":null}}}},"branchMap":{"0":{"loc":{"start":{"line":13,"column":13},"end":{"line":13,"column":26}},"type":"binary-expr","locations":[{"start":{"line":13,"column":13},"end":{"line":13,"column":26}},{"start":{"line":13,"column":13},"end":{"line":13,"column":26}}]}},"s":{"0":46,"1":25,"2":25,"3":25,"4":25,"5":271,"6":25},"f":{"0":23,"1":25,"2":25,"3":271},"b":{"0":[25,25]}}
,"C:\\Users\\33634\\Desktop\\dev-info\\openclassroom\\projet-fullstack-angular\\Projet_5\\Testez-une-application-full-stack\\front\\src\\app\\features\\sessions\\services\\session-api.service.ts": {"path":"C:\\Users\\33634\\Desktop\\dev-info\\openclassroom\\projet-fullstack-angular\\Projet_5\\Testez-une-application-full-stack\\front\\src\\app\\features\\sessions\\services\\session-api.service.ts","statementMap":{"0":{"start":{"line":9,"column":0},"end":{"line":9,"column":6}},"1":{"start":{"line":13,"column":22},"end":{"line":13,"column":44}},"2":{"start":{"line":11,"column":10},"end":{"line":11,"column":24}},"3":{"start":{"line":17,"column":4},"end":{"line":17,"column":11}},"4":{"start":{"line":21,"column":4},"end":{"line":21,"column":11}},"5":{"start":{"line":25,"column":4},"end":{"line":25,"column":11}},"6":{"start":{"line":29,"column":4},"end":{"line":29,"column":11}},"7":{"start":{"line":33,"column":4},"end":{"line":33,"column":11}},"8":{"start":{"line":37,"column":4},"end":{"line":37,"column":11}},"9":{"start":{"line":41,"column":4},"end":{"line":41,"column":11}},"10":{"start":{"line":9,"column":13},"end":{"line":9,"column":null}}},"fnMap":{"0":{"name":"(anonymous_0)","decl":{"start":{"line":9,"column":0},"end":{"line":9,"column":6}},"loc":{"start":{"line":9,"column":0},"end":{"line":9,"column":6}}},"1":{"name":"(anonymous_1)","decl":{"start":{"line":13,"column":2},"end":{"line":13,"column":22}},"loc":{"start":{"line":13,"column":44},"end":{"line":14,"column":null}}},"2":{"name":"(anonymous_2)","decl":{"start":{"line":16,"column":9},"end":{"line":16,"column":12}},"loc":{"start":{"line":16,"column":12},"end":{"line":18,"column":null}}},"3":{"name":"(anonymous_3)","decl":{"start":{"line":20,"column":9},"end":{"line":20,"column":15}},"loc":{"start":{"line":20,"column":26},"end":{"line":22,"column":null}}},"4":{"name":"(anonymous_4)","decl":{"start":{"line":24,"column":9},"end":{"line":24,"column":15}},"loc":{"start":{"line":24,"column":26},"end":{"line":26,"column":null}}},"5":{"name":"(anonymous_5)","decl":{"start":{"line":28,"column":9},"end":{"line":28,"column":15}},"loc":{"start":{"line":28,"column":32},"end":{"line":30,"column":null}}},"6":{"name":"(anonymous_6)","decl":{"start":{"line":32,"column":9},"end":{"line":32,"column":15}},"loc":{"start":{"line":32,"column":44},"end":{"line":34,"column":null}}},"7":{"name":"(anonymous_7)","decl":{"start":{"line":36,"column":9},"end":{"line":36,"column":20}},"loc":{"start":{"line":36,"column":47},"end":{"line":38,"column":null}}},"8":{"name":"(anonymous_8)","decl":{"start":{"line":40,"column":9},"end":{"line":40,"column":22}},"loc":{"start":{"line":40,"column":49},"end":{"line":42,"column":null}}}},"branchMap":{"0":{"loc":{"start":{"line":9,"column":13},"end":{"line":9,"column":30}},"type":"binary-expr","locations":[{"start":{"line":9,"column":13},"end":{"line":9,"column":30}},{"start":{"line":9,"column":13},"end":{"line":9,"column":30}}]}},"s":{"0":46,"1":23,"2":23,"3":25,"4":4,"5":2,"6":2,"7":0,"8":0,"9":0,"10":23},"f":{"0":23,"1":23,"2":25,"3":4,"4":2,"5":2,"6":0,"7":0,"8":0},"b":{"0":[23,23]}}
,"C:\\Users\\33634\\Desktop\\dev-info\\openclassroom\\projet-fullstack-angular\\Projet_5\\Testez-une-application-full-stack\\front\\src\\app\\guards\\auth.guard.ts": {"path":"C:\\Users\\33634\\Desktop\\dev-info\\openclassroom\\projet-fullstack-angular\\Projet_5\\Testez-une-application-full-stack\\front\\src\\app\\guards\\auth.guard.ts","statementMap":{"0":{"start":{"line":6,"column":0},"end":{"line":6,"column":6}},"1":{"start":{"line":9,"column":12},"end":{"line":9,"column":null}},"2":{"start":{"line":10,"column":12},"end":{"line":10,"column":42}},"3":{"start":{"line":15,"column":4},"end":{"line":18,"column":null}},"4":{"start":{"line":16,"column":6},"end":{"line":16,"column":11}},"5":{"start":{"line":17,"column":6},"end":{"line":17,"column":13}},"6":{"start":{"line":19,"column":4},"end":{"line":19,"column":11}},"7":{"start":{"line":6,"column":13},"end":{"line":6,"column":null}}},"fnMap":{"0":{"name":"(anonymous_0)","decl":{"start":{"line":6,"column":0},"end":{"line":6,"column":6}},"loc":{"start":{"line":6,"column":0},"end":{"line":6,"column":6}}},"1":{"name":"(anonymous_1)","decl":{"start":{"line":8,"column":2},"end":{"line":8,"column":null}},"loc":{"start":{"line":10,"column":42},"end":{"line":12,"column":null}}},"2":{"name":"(anonymous_2)","decl":{"start":{"line":14,"column":9},"end":{"line":14,"column":20}},"loc":{"start":{"line":14,"column":20},"end":{"line":20,"column":null}}}},"branchMap":{"0":{"loc":{"start":{"line":15,"column":4},"end":{"line":18,"column":null}},"type":"if","locations":[{"start":{"line":15,"column":4},"end":{"line":18,"column":null}},{"start":{"line":15,"column":4},"end":{"line":18,"column":null}}]},"1":{"loc":{"start":{"line":6,"column":13},"end":{"line":6,"column":22}},"type":"binary-expr","locations":[{"start":{"line":6,"column":13},"end":{"line":6,"column":22}},{"start":{"line":6,"column":13},"end":{"line":6,"column":22}}]}},"s":{"0":74,"1":23,"2":23,"3":27,"4":0,"5":0,"6":27,"7":23},"f":{"0":37,"1":23,"2":27},"b":{"0":[0,27],"1":[23,23]}}
,"C:\\Users\\33634\\Desktop\\dev-info\\openclassroom\\projet-fullstack-angular\\Projet_5\\Testez-une-application-full-stack\\front\\src\\app\\guards\\unauth.guard.ts": {"path":"C:\\Users\\33634\\Desktop\\dev-info\\openclassroom\\projet-fullstack-angular\\Projet_5\\Testez-une-application-full-stack\\front\\src\\app\\guards\\unauth.guard.ts","statementMap":{"0":{"start":{"line":6,"column":0},"end":{"line":6,"column":6}},"1":{"start":{"line":9,"column":12},"end":{"line":9,"column":null}},"2":{"start":{"line":10,"column":12},"end":{"line":10,"column":42}},"3":{"start":{"line":15,"column":4},"end":{"line":18,"column":null}},"4":{"start":{"line":16,"column":6},"end":{"line":16,"column":11}},"5":{"start":{"line":17,"column":6},"end":{"line":17,"column":13}},"6":{"start":{"line":19,"column":4},"end":{"line":19,"column":11}},"7":{"start":{"line":6,"column":13},"end":{"line":6,"column":null}}},"fnMap":{"0":{"name":"(anonymous_0)","decl":{"start":{"line":6,"column":0},"end":{"line":6,"column":6}},"loc":{"start":{"line":6,"column":0},"end":{"line":6,"column":6}}},"1":{"name":"(anonymous_1)","decl":{"start":{"line":8,"column":2},"end":{"line":8,"column":null}},"loc":{"start":{"line":10,"column":42},"end":{"line":12,"column":null}}},"2":{"name":"(anonymous_2)","decl":{"start":{"line":14,"column":9},"end":{"line":14,"column":20}},"loc":{"start":{"line":14,"column":20},"end":{"line":20,"column":null}}}},"branchMap":{"0":{"loc":{"start":{"line":15,"column":4},"end":{"line":18,"column":null}},"type":"if","locations":[{"start":{"line":15,"column":4},"end":{"line":18,"column":null}},{"start":{"line":15,"column":4},"end":{"line":18,"column":null}}]},"1":{"loc":{"start":{"line":6,"column":13},"end":{"line":6,"column":24}},"type":"binary-expr","locations":[{"start":{"line":6,"column":13},"end":{"line":6,"column":24}},{"start":{"line":6,"column":13},"end":{"line":6,"column":24}}]}},"s":{"0":74,"1":35,"2":35,"3":39,"4":0,"5":0,"6":39,"7":35},"f":{"0":37,"1":35,"2":39},"b":{"0":[0,39],"1":[35,35]}}
,"C:\\Users\\33634\\Desktop\\dev-info\\openclassroom\\projet-fullstack-angular\\Projet_5\\Testez-une-application-full-stack\\front\\src\\app\\interceptors\\jwt.interceptor.ts": {"path":"C:\\Users\\33634\\Desktop\\dev-info\\openclassroom\\projet-fullstack-angular\\Projet_5\\Testez-une-application-full-stack\\front\\src\\app\\interceptors\\jwt.interceptor.ts","statementMap":{"0":{"start":{"line":6,"column":0},"end":{"line":6,"column":6}},"1":{"start":{"line":7,"column":22},"end":{"line":7,"column":52}},"2":{"start":{"line":10,"column":4},"end":{"line":16,"column":null}},"3":{"start":{"line":11,"column":6},"end":{"line":11,"column":13}},"4":{"start":{"line":17,"column":4},"end":{"line":17,"column":11}},"5":{"start":{"line":6,"column":13},"end":{"line":6,"column":null}}},"fnMap":{"0":{"name":"(anonymous_0)","decl":{"start":{"line":6,"column":0},"end":{"line":6,"column":6}},"loc":{"start":{"line":6,"column":0},"end":{"line":6,"column":6}}},"1":{"name":"(anonymous_1)","decl":{"start":{"line":7,"column":2},"end":{"line":7,"column":22}},"loc":{"start":{"line":7,"column":52},"end":{"line":7,"column":null}}},"2":{"name":"(anonymous_2)","decl":{"start":{"line":9,"column":9},"end":{"line":9,"column":18}},"loc":{"start":{"line":9,"column":63},"end":{"line":18,"column":null}}}},"branchMap":{"0":{"loc":{"start":{"line":10,"column":4},"end":{"line":16,"column":null}},"type":"if","locations":[{"start":{"line":10,"column":4},"end":{"line":16,"column":null}},{"start":{"line":10,"column":4},"end":{"line":16,"column":null}}]},"1":{"loc":{"start":{"line":6,"column":13},"end":{"line":6,"column":27}},"type":"binary-expr","locations":[{"start":{"line":6,"column":13},"end":{"line":6,"column":27}},{"start":{"line":6,"column":13},"end":{"line":6,"column":27}}]}},"s":{"0":74,"1":29,"2":78,"3":45,"4":78,"5":29},"f":{"0":37,"1":29,"2":78},"b":{"0":[45,33],"1":[29,29]}}
,"C:\\Users\\33634\\Desktop\\dev-info\\openclassroom\\projet-fullstack-angular\\Projet_5\\Testez-une-application-full-stack\\front\\src\\app\\services\\session.service.ts": {"path":"C:\\Users\\33634\\Desktop\\dev-info\\openclassroom\\projet-fullstack-angular\\Projet_5\\Testez-une-application-full-stack\\front\\src\\app\\services\\session.service.ts","statementMap":{"0":{"start":{"line":8,"column":0},"end":{"line":8,"column":6}},"1":{"start":{"line":10,"column":9},"end":{"line":10,"column":20}},"2":{"start":{"line":13,"column":10},"end":{"line":13,"column":28}},"3":{"start":{"line":16,"column":4},"end":{"line":16,"column":11}},"4":{"start":{"line":20,"column":4},"end":{"line":20,"column":9}},"5":{"start":{"line":21,"column":4},"end":{"line":21,"column":9}},"6":{"start":{"line":22,"column":4},"end":{"line":22,"column":9}},"7":{"start":{"line":26,"column":4},"end":{"line":26,"column":9}},"8":{"start":{"line":27,"column":4},"end":{"line":27,"column":9}},"9":{"start":{"line":28,"column":4},"end":{"line":28,"column":9}},"10":{"start":{"line":32,"column":4},"end":{"line":32,"column":9}},"11":{"start":{"line":8,"column":13},"end":{"line":8,"column":27}}},"fnMap":{"0":{"name":"(anonymous_0)","decl":{"start":{"line":8,"column":0},"end":{"line":8,"column":6}},"loc":{"start":{"line":8,"column":0},"end":{"line":8,"column":6}}},"1":{"name":"(anonymous_1)","decl":{"start":{"line":5,"column":0},"end":{"line":5,"column":null}},"loc":{"start":{"line":5,"column":0},"end":{"line":34,"column":null}}},"2":{"name":"(anonymous_2)","decl":{"start":{"line":15,"column":9},"end":{"line":15,"column":18}},"loc":{"start":{"line":15,"column":18},"end":{"line":17,"column":null}}},"3":{"name":"(anonymous_3)","decl":{"start":{"line":19,"column":9},"end":{"line":19,"column":14}},"loc":{"start":{"line":19,"column":39},"end":{"line":23,"column":null}}},"4":{"name":"(anonymous_4)","decl":{"start":{"line":25,"column":9},"end":{"line":25,"column":15}},"loc":{"start":{"line":25,"column":15},"end":{"line":29,"column":null}}},"5":{"name":"(anonymous_5)","decl":{"start":{"line":31,"column":10},"end":{"line":31,"column":14}},"loc":{"start":{"line":31,"column":14},"end":{"line":33,"column":null}}}},"branchMap":{"0":{"loc":{"start":{"line":8,"column":13},"end":{"line":8,"column":27}},"type":"binary-expr","locations":[{"start":{"line":8,"column":13},"end":{"line":8,"column":27}},{"start":{"line":8,"column":13},"end":{"line":8,"column":27}}]}},"s":{"0":74,"1":37,"2":37,"3":2061,"4":23,"5":23,"6":23,"7":4,"8":4,"9":4,"10":27,"11":37},"f":{"0":37,"1":37,"2":2061,"3":23,"4":4,"5":27},"b":{"0":[37,37]}}
,"C:\\Users\\33634\\Desktop\\dev-info\\openclassroom\\projet-fullstack-angular\\Projet_5\\Testez-une-application-full-stack\\front\\src\\app\\services\\teacher.service.ts": {"path":"C:\\Users\\33634\\Desktop\\dev-info\\openclassroom\\projet-fullstack-angular\\Projet_5\\Testez-une-application-full-stack\\front\\src\\app\\services\\teacher.service.ts","statementMap":{"0":{"start":{"line":9,"column":0},"end":{"line":9,"column":6}},"1":{"start":{"line":13,"column":22},"end":{"line":13,"column":44}},"2":{"start":{"line":11,"column":10},"end":{"line":11,"column":24}},"3":{"start":{"line":16,"column":4},"end":{"line":16,"column":11}},"4":{"start":{"line":20,"column":4},"end":{"line":20,"column":11}},"5":{"start":{"line":9,"column":13},"end":{"line":9,"column":null}}},"fnMap":{"0":{"name":"(anonymous_0)","decl":{"start":{"line":9,"column":0},"end":{"line":9,"column":6}},"loc":{"start":{"line":9,"column":0},"end":{"line":9,"column":6}}},"1":{"name":"(anonymous_1)","decl":{"start":{"line":13,"column":2},"end":{"line":13,"column":22}},"loc":{"start":{"line":13,"column":44},"end":{"line":13,"column":null}}},"2":{"name":"(anonymous_2)","decl":{"start":{"line":15,"column":9},"end":{"line":15,"column":12}},"loc":{"start":{"line":15,"column":12},"end":{"line":17,"column":null}}},"3":{"name":"(anonymous_3)","decl":{"start":{"line":19,"column":9},"end":{"line":19,"column":15}},"loc":{"start":{"line":19,"column":26},"end":{"line":21,"column":null}}}},"branchMap":{"0":{"loc":{"start":{"line":9,"column":13},"end":{"line":9,"column":27}},"type":"binary-expr","locations":[{"start":{"line":9,"column":13},"end":{"line":9,"column":27}},{"start":{"line":9,"column":13},"end":{"line":9,"column":27}}]}},"s":{"0":46,"1":6,"2":6,"3":2,"4":4,"5":6},"f":{"0":23,"1":6,"2":2,"3":4},"b":{"0":[6,6]}}
,"C:\\Users\\33634\\Desktop\\dev-info\\openclassroom\\projet-fullstack-angular\\Projet_5\\Testez-une-application-full-stack\\front\\src\\app\\services\\user.service.ts": {"path":"C:\\Users\\33634\\Desktop\\dev-info\\openclassroom\\projet-fullstack-angular\\Projet_5\\Testez-une-application-full-stack\\front\\src\\app\\services\\user.service.ts","statementMap":{"0":{"start":{"line":9,"column":0},"end":{"line":9,"column":6}},"1":{"start":{"line":13,"column":22},"end":{"line":13,"column":44}},"2":{"start":{"line":11,"column":10},"end":{"line":11,"column":24}},"3":{"start":{"line":16,"column":4},"end":{"line":16,"column":11}},"4":{"start":{"line":20,"column":4},"end":{"line":20,"column":11}},"5":{"start":{"line":9,"column":13},"end":{"line":9,"column":null}}},"fnMap":{"0":{"name":"(anonymous_0)","decl":{"start":{"line":9,"column":0},"end":{"line":9,"column":6}},"loc":{"start":{"line":9,"column":0},"end":{"line":9,"column":6}}},"1":{"name":"(anonymous_1)","decl":{"start":{"line":13,"column":2},"end":{"line":13,"column":22}},"loc":{"start":{"line":13,"column":44},"end":{"line":13,"column":null}}},"2":{"name":"(anonymous_2)","decl":{"start":{"line":15,"column":9},"end":{"line":15,"column":16}},"loc":{"start":{"line":15,"column":27},"end":{"line":17,"column":null}}},"3":{"name":"(anonymous_3)","decl":{"start":{"line":19,"column":9},"end":{"line":19,"column":15}},"loc":{"start":{"line":19,"column":26},"end":{"line":21,"column":null}}}},"branchMap":{"0":{"loc":{"start":{"line":9,"column":13},"end":{"line":9,"column":24}},"type":"binary-expr","locations":[{"start":{"line":9,"column":13},"end":{"line":9,"column":24}},{"start":{"line":9,"column":13},"end":{"line":9,"column":24}}]}},"s":{"0":74,"1":4,"2":4,"3":4,"4":2,"5":4},"f":{"0":37,"1":4,"2":4,"3":2},"b":{"0":[4,4]}}
,"C:\\Users\\33634\\Desktop\\dev-info\\openclassroom\\projet-fullstack-angular\\Projet_5\\Testez-une-application-full-stack\\front\\src\\environments\\environment.ts": {"path":"C:\\Users\\33634\\Desktop\\dev-info\\openclassroom\\projet-fullstack-angular\\Projet_5\\Testez-une-application-full-stack\\front\\src\\environments\\environment.ts","statementMap":{"0":{"start":{"line":1,"column":27},"end":{"line":1,"column":null}}},"fnMap":{},"branchMap":{},"s":{"0":37},"f":{},"b":{}}
}
