{"C:\\Users\\33634\\Desktop\\dev-info\\openclassroom\\projet-fullstack-angular\\Projet_5\\Testez-une-application-full-stack\\front\\src\\main.ts": {"path":"C:\\Users\\33634\\Desktop\\dev-info\\openclassroom\\projet-fullstack-angular\\Projet_5\\Testez-une-application-full-stack\\front\\src\\main.ts","statementMap":{"0":{"start":{"line":7,"column":0},"end":{"line":9,"column":null}},"1":{"start":{"line":8,"column":2},"end":{"line":8,"column":null}},"2":{"start":{"line":11,"column":0},"end":{"line":11,"column":25}},"3":{"start":{"line":12,"column":16},"end":{"line":12,"column":23}}},"fnMap":{"0":{"name":"(anonymous_0)","decl":{"start":{"line":12,"column":9},"end":{"line":12,"column":12}},"loc":{"start":{"line":12,"column":16},"end":{"line":12,"column":23}}}},"branchMap":{"0":{"loc":{"start":{"line":7,"column":0},"end":{"line":9,"column":null}},"type":"if","locations":[{"start":{"line":7,"column":0},"end":{"line":9,"column":null}},{"start":{"line":7,"column":0},"end":{"line":9,"column":null}}]}},"s":{"0":5,"1":0,"2":5,"3":0},"f":{"0":0},"b":{"0":[0,5]}}
,"C:\\Users\\33634\\Desktop\\dev-info\\openclassroom\\projet-fullstack-angular\\Projet_5\\Testez-une-application-full-stack\\front\\src\\app\\app-routing.module.ts": {"path":"C:\\Users\\33634\\Desktop\\dev-info\\openclassroom\\projet-fullstack-angular\\Projet_5\\Testez-une-application-full-stack\\front\\src\\app\\app-routing.module.ts","statementMap":{"0":{"start":{"line":8,"column":23},"end":{"line":8,"column":null}},"1":{"start":{"line":12,"column":24},"end":{"line":12,"column":31}},"2":{"start":{"line":12,"column":72},"end":{"line":12,"column":null}},"3":{"start":{"line":17,"column":24},"end":{"line":17,"column":31}},"4":{"start":{"line":17,"column":80},"end":{"line":17,"column":null}},"5":{"start":{"line":32,"column":0},"end":{"line":32,"column":6}},"6":{"start":{"line":32,"column":13},"end":{"line":32,"column":29}}},"fnMap":{"0":{"name":"(anonymous_0)","decl":{"start":{"line":12,"column":18},"end":{"line":12,"column":24}},"loc":{"start":{"line":12,"column":24},"end":{"line":12,"column":31}}},"1":{"name":"(anonymous_1)","decl":{"start":{"line":12,"column":67},"end":{"line":12,"column":68}},"loc":{"start":{"line":12,"column":72},"end":{"line":12,"column":null}}},"2":{"name":"(anonymous_2)","decl":{"start":{"line":17,"column":18},"end":{"line":17,"column":24}},"loc":{"start":{"line":17,"column":24},"end":{"line":17,"column":31}}},"3":{"name":"(anonymous_3)","decl":{"start":{"line":17,"column":75},"end":{"line":17,"column":76}},"loc":{"start":{"line":17,"column":80},"end":{"line":17,"column":null}}},"4":{"name":"(anonymous_4)","decl":{"start":{"line":32,"column":0},"end":{"line":32,"column":6}},"loc":{"start":{"line":32,"column":0},"end":{"line":32,"column":6}}}},"branchMap":{"0":{"loc":{"start":{"line":32,"column":13},"end":{"line":32,"column":29}},"type":"binary-expr","locations":[{"start":{"line":32,"column":13},"end":{"line":32,"column":29}},{"start":{"line":32,"column":13},"end":{"line":32,"column":29}}]}},"s":{"0":5,"1":5,"2":5,"3":0,"4":0,"5":10,"6":5},"f":{"0":5,"1":5,"2":0,"3":0,"4":5},"b":{"0":[5,5]}}
,"C:\\Users\\33634\\Desktop\\dev-info\\openclassroom\\projet-fullstack-angular\\Projet_5\\Testez-une-application-full-stack\\front\\src\\app\\app.component.html": {"path":"C:\\Users\\33634\\Desktop\\dev-info\\openclassroom\\projet-fullstack-angular\\Projet_5\\Testez-une-application-full-stack\\front\\src\\app\\app.component.html","statementMap":{"0":{"start":{"line":4,"column":4},"end":{"line":4,"column":10}},"1":{"start":{"line":5,"column":47},"end":{"line":5,"column":55}},"2":{"start":{"line":5,"column":55},"end":{"line":5,"column":null}},"3":{"start":{"line":6,"column":6},"end":{"line":6,"column":41}},"4":{"start":{"line":6,"column":41},"end":{"line":6,"column":48}},"5":{"start":{"line":6,"column":48},"end":{"line":6,"column":null}},"6":{"start":{"line":7,"column":6},"end":{"line":7,"column":12}},"7":{"start":{"line":7,"column":12},"end":{"line":7,"column":21}},"8":{"start":{"line":7,"column":44},"end":{"line":7,"column":50}},"9":{"start":{"line":7,"column":50},"end":{"line":7,"column":null}},"10":{"start":{"line":10,"column":6},"end":{"line":10,"column":11}},"11":{"start":{"line":11,"column":46},"end":{"line":11,"column":51}},"12":{"start":{"line":11,"column":51},"end":{"line":11,"column":null}},"13":{"start":{"line":12,"column":8},"end":{"line":12,"column":49}},"14":{"start":{"line":12,"column":49},"end":{"line":12,"column":57}},"15":{"start":{"line":12,"column":57},"end":{"line":12,"column":null}},"16":{"start":{"line":1,"column":0},"end":{"line":1,"column":17}},"17":{"start":{"line":3,"column":10},"end":{"line":3,"column":18}},"18":{"start":{"line":3,"column":18},"end":{"line":3,"column":null}},"19":{"start":{"line":9,"column":4},"end":{"line":9,"column":null}},"20":{"start":{"line":15,"column":2},"end":{"line":15,"column":null}},"21":{"start":{"line":16,"column":2},"end":{"line":16,"column":null}},"22":{"start":{"line":17,"column":4},"end":{"line":17,"column":null}},"23":{"start":{"line":18,"column":2},"end":{"line":18,"column":null}},"24":{"start":{"line":4,"column":10},"end":{"line":4,"column":37}}},"fnMap":{"0":{"name":"AppComponent_div_4_Template_span_click_5_listener","decl":{"start":{"line":7,"column":12},"end":{"line":7,"column":21}},"loc":{"start":{"line":7,"column":12},"end":{"line":7,"column":44}}}},"branchMap":{},"s":{"0":5,"1":0,"2":0,"3":0,"4":0,"5":0,"6":0,"7":0,"8":0,"9":0,"10":5,"11":5,"12":5,"13":5,"14":5,"15":5,"16":5,"17":5,"18":5,"19":5,"20":5,"21":5,"22":5,"23":5,"24":684},"f":{"0":0},"b":{}}
,"C:\\Users\\33634\\Desktop\\dev-info\\openclassroom\\projet-fullstack-angular\\Projet_5\\Testez-une-application-full-stack\\front\\src\\app\\app.component.ts": {"path":"C:\\Users\\33634\\Desktop\\dev-info\\openclassroom\\projet-fullstack-angular\\Projet_5\\Testez-une-application-full-stack\\front\\src\\app\\app.component.ts","statementMap":{"0":{"start":{"line":13,"column":0},"end":{"line":13,"column":6}},"1":{"start":{"line":15,"column":12},"end":{"line":15,"column":null}},"2":{"start":{"line":16,"column":12},"end":{"line":16,"column":null}},"3":{"start":{"line":17,"column":12},"end":{"line":17,"column":42}},"4":{"start":{"line":21,"column":4},"end":{"line":21,"column":11}},"5":{"start":{"line":25,"column":4},"end":{"line":25,"column":9}},"6":{"start":{"line":26,"column":4},"end":{"line":26,"column":9}},"7":{"start":{"line":13,"column":13},"end":{"line":13,"column":null}}},"fnMap":{"0":{"name":"(anonymous_3)","decl":{"start":{"line":13,"column":0},"end":{"line":13,"column":6}},"loc":{"start":{"line":13,"column":0},"end":{"line":13,"column":6}}},"1":{"name":"(anonymous_4)","decl":{"start":{"line":14,"column":2},"end":{"line":14,"column":null}},"loc":{"start":{"line":17,"column":42},"end":{"line":18,"column":null}}},"2":{"name":"(anonymous_5)","decl":{"start":{"line":20,"column":9},"end":{"line":20,"column":18}},"loc":{"start":{"line":20,"column":18},"end":{"line":22,"column":null}}},"3":{"name":"(anonymous_6)","decl":{"start":{"line":24,"column":9},"end":{"line":24,"column":15}},"loc":{"start":{"line":24,"column":15},"end":{"line":27,"column":null}}}},"branchMap":{"0":{"loc":{"start":{"line":13,"column":13},"end":{"line":13,"column":25}},"type":"binary-expr","locations":[{"start":{"line":13,"column":13},"end":{"line":13,"column":25}},{"start":{"line":13,"column":13},"end":{"line":13,"column":25}}]}},"s":{"0":10,"1":5,"2":5,"3":5,"4":342,"5":0,"6":0,"7":5},"f":{"0":5,"1":5,"2":342,"3":0},"b":{"0":[5,5]}}
,"C:\\Users\\33634\\Desktop\\dev-info\\openclassroom\\projet-fullstack-angular\\Projet_5\\Testez-une-application-full-stack\\front\\src\\app\\app.module.ts": {"path":"C:\\Users\\33634\\Desktop\\dev-info\\openclassroom\\projet-fullstack-angular\\Projet_5\\Testez-une-application-full-stack\\front\\src\\app\\app.module.ts","statementMap":{"0":{"start":{"line":18,"column":23},"end":{"line":18,"column":null}},"1":{"start":{"line":45,"column":0},"end":{"line":45,"column":6}},"2":{"start":{"line":45,"column":13},"end":{"line":45,"column":22}}},"fnMap":{"0":{"name":"(anonymous_0)","decl":{"start":{"line":45,"column":0},"end":{"line":45,"column":6}},"loc":{"start":{"line":45,"column":0},"end":{"line":45,"column":6}}}},"branchMap":{"0":{"loc":{"start":{"line":45,"column":13},"end":{"line":45,"column":22}},"type":"binary-expr","locations":[{"start":{"line":45,"column":13},"end":{"line":45,"column":22}},{"start":{"line":45,"column":13},"end":{"line":45,"column":22}}]}},"s":{"0":5,"1":10,"2":5},"f":{"0":5},"b":{"0":[5,5]}}
,"C:\\Users\\33634\\Desktop\\dev-info\\openclassroom\\projet-fullstack-angular\\Projet_5\\Testez-une-application-full-stack\\front\\src\\app\\components\\me\\me.component.html": {"path":"C:\\Users\\33634\\Desktop\\dev-info\\openclassroom\\projet-fullstack-angular\\Projet_5\\Testez-une-application-full-stack\\front\\src\\app\\components\\me\\me.component.html","statementMap":{"0":{"start":{"line":15,"column":8},"end":{"line":15,"column":38}},"1":{"start":{"line":15,"column":68},"end":{"line":15,"column":81}},"2":{"start":{"line":15,"column":81},"end":{"line":15,"column":null}},"3":{"start":{"line":16,"column":8},"end":{"line":16,"column":44}},"4":{"start":{"line":17,"column":13},"end":{"line":17,"column":31}},"5":{"start":{"line":17,"column":31},"end":{"line":17,"column":null}},"6":{"start":{"line":18,"column":10},"end":{"line":18,"column":78}},"7":{"start":{"line":18,"column":78},"end":{"line":18,"column":87}},"8":{"start":{"line":19,"column":12},"end":{"line":19,"column":22}},"9":{"start":{"line":19,"column":22},"end":{"line":19,"column":28}},"10":{"start":{"line":19,"column":28},"end":{"line":19,"column":null}},"11":{"start":{"line":20,"column":12},"end":{"line":20,"column":30}},"12":{"start":{"line":20,"column":30},"end":{"line":20,"column":36}},"13":{"start":{"line":20,"column":36},"end":{"line":20,"column":null}},"14":{"start":{"line":12,"column":6},"end":{"line":12,"column":45}},"15":{"start":{"line":13,"column":36},"end":{"line":13,"column":94}},"16":{"start":{"line":13,"column":94},"end":{"line":13,"column":null}},"17":{"start":{"line":14,"column":8},"end":{"line":14,"column":37}},"18":{"start":{"line":14,"column":37},"end":{"line":14,"column":60}},"19":{"start":{"line":14,"column":60},"end":{"line":14,"column":null}},"20":{"start":{"line":23,"column":8},"end":{"line":23,"column":66}},"21":{"start":{"line":25,"column":16},"end":{"line":25,"column":27}},"22":{"start":{"line":25,"column":27},"end":{"line":25,"column":32}},"23":{"start":{"line":25,"column":32},"end":{"line":25,"column":70}},"24":{"start":{"line":25,"column":70},"end":{"line":25,"column":null}},"25":{"start":{"line":26,"column":10},"end":{"line":26,"column":13}},"26":{"start":{"line":26,"column":16},"end":{"line":26,"column":29}},"27":{"start":{"line":26,"column":29},"end":{"line":26,"column":34}},"28":{"start":{"line":26,"column":34},"end":{"line":26,"column":71}},"29":{"start":{"line":26,"column":71},"end":{"line":26,"column":null}},"30":{"start":{"line":15,"column":38},"end":{"line":15,"column":68}},"31":{"start":{"line":16,"column":44},"end":{"line":16,"column":123}},"32":{"start":{"line":1,"column":0},"end":{"line":1,"column":16}},"33":{"start":{"line":5,"column":32},"end":{"line":5,"column":41}},"34":{"start":{"line":6,"column":10},"end":{"line":6,"column":20}},"35":{"start":{"line":6,"column":20},"end":{"line":6,"column":30}},"36":{"start":{"line":6,"column":30},"end":{"line":6,"column":null}},"37":{"start":{"line":8,"column":8},"end":{"line":8,"column":12}},"38":{"start":{"line":8,"column":12},"end":{"line":8,"column":28}},"39":{"start":{"line":8,"column":28},"end":{"line":8,"column":null}},"40":{"start":{"line":11,"column":4},"end":{"line":11,"column":null}},"41":{"start":{"line":29,"column":4},"end":{"line":29,"column":null}},"42":{"start":{"line":12,"column":45},"end":{"line":12,"column":104}}},"fnMap":{"0":{"name":"MeComponent_div_10_div_7_Template_button_click_3_listener","decl":{"start":{"line":18,"column":78},"end":{"line":18,"column":87}},"loc":{"start":{"line":18,"column":78},"end":{"line":18,"column":null}}},"1":{"name":"MeComponent_Template_button_click_4_listener","decl":{"start":{"line":5,"column":32},"end":{"line":5,"column":41}},"loc":{"start":{"line":5,"column":32},"end":{"line":5,"column":null}}}},"branchMap":{},"s":{"0":0,"1":0,"2":0,"3":0,"4":0,"5":0,"6":0,"7":0,"8":0,"9":0,"10":0,"11":0,"12":0,"13":0,"14":0,"15":0,"16":0,"17":0,"18":0,"19":0,"20":0,"21":0,"22":0,"23":0,"24":0,"25":0,"26":0,"27":0,"28":0,"29":0,"30":0,"31":0,"32":0,"33":0,"34":0,"35":0,"36":0,"37":0,"38":0,"39":0,"40":0,"41":0,"42":0},"f":{"0":0,"1":0},"b":{}}
,"C:\\Users\\33634\\Desktop\\dev-info\\openclassroom\\projet-fullstack-angular\\Projet_5\\Testez-une-application-full-stack\\front\\src\\app\\components\\me\\me.component.ts": {"path":"C:\\Users\\33634\\Desktop\\dev-info\\openclassroom\\projet-fullstack-angular\\Projet_5\\Testez-une-application-full-stack\\front\\src\\app\\components\\me\\me.component.ts","statementMap":{"0":{"start":{"line":13,"column":0},"end":{"line":13,"column":6}},"1":{"start":{"line":17,"column":22},"end":{"line":17,"column":null}},"2":{"start":{"line":18,"column":22},"end":{"line":18,"column":null}},"3":{"start":{"line":19,"column":22},"end":{"line":19,"column":null}},"4":{"start":{"line":20,"column":22},"end":{"line":20,"column":46}},"5":{"start":{"line":24,"column":4},"end":{"line":24,"column":9}},"6":{"start":{"line":26,"column":33},"end":{"line":26,"column":null}},"7":{"start":{"line":30,"column":4},"end":{"line":30,"column":10}},"8":{"start":{"line":34,"column":4},"end":{"line":34,"column":9}},"9":{"start":{"line":37,"column":8},"end":{"line":37,"column":13}},"10":{"start":{"line":38,"column":8},"end":{"line":38,"column":13}},"11":{"start":{"line":39,"column":8},"end":{"line":39,"column":13}},"12":{"start":{"line":13,"column":13},"end":{"line":13,"column":null}}},"fnMap":{"0":{"name":"(anonymous_4)","decl":{"start":{"line":13,"column":0},"end":{"line":13,"column":6}},"loc":{"start":{"line":13,"column":0},"end":{"line":13,"column":6}}},"1":{"name":"(anonymous_5)","decl":{"start":{"line":17,"column":2},"end":{"line":17,"column":22}},"loc":{"start":{"line":20,"column":46},"end":{"line":21,"column":null}}},"2":{"name":"(anonymous_6)","decl":{"start":{"line":23,"column":9},"end":{"line":23,"column":17}},"loc":{"start":{"line":23,"column":17},"end":{"line":27,"column":null}}},"3":{"name":"(anonymous_7)","decl":{"start":{"line":26,"column":18},"end":{"line":26,"column":33}},"loc":{"start":{"line":26,"column":33},"end":{"line":26,"column":null}}},"4":{"name":"(anonymous_8)","decl":{"start":{"line":29,"column":9},"end":{"line":29,"column":13}},"loc":{"start":{"line":29,"column":13},"end":{"line":31,"column":null}}},"5":{"name":"(anonymous_9)","decl":{"start":{"line":33,"column":9},"end":{"line":33,"column":15}},"loc":{"start":{"line":33,"column":15},"end":{"line":41,"column":null}}},"6":{"name":"(anonymous_10)","decl":{"start":{"line":36,"column":18},"end":{"line":36,"column":23}},"loc":{"start":{"line":36,"column":23},"end":{"line":40,"column":null}}}},"branchMap":{"0":{"loc":{"start":{"line":13,"column":13},"end":{"line":13,"column":24}},"type":"binary-expr","locations":[{"start":{"line":13,"column":13},"end":{"line":13,"column":24}},{"start":{"line":13,"column":13},"end":{"line":13,"column":24}}]}},"s":{"0":10,"1":0,"2":0,"3":0,"4":0,"5":0,"6":0,"7":0,"8":0,"9":0,"10":0,"11":0,"12":0},"f":{"0":5,"1":0,"2":0,"3":0,"4":0,"5":0,"6":0},"b":{"0":[0,0]}}
,"C:\\Users\\33634\\Desktop\\dev-info\\openclassroom\\projet-fullstack-angular\\Projet_5\\Testez-une-application-full-stack\\front\\src\\app\\components\\not-found\\not-found.component.html": {"path":"C:\\Users\\33634\\Desktop\\dev-info\\openclassroom\\projet-fullstack-angular\\Projet_5\\Testez-une-application-full-stack\\front\\src\\app\\components\\not-found\\not-found.component.html","statementMap":{"0":{"start":{"line":1,"column":0},"end":{"line":1,"column":37}},"1":{"start":{"line":2,"column":12},"end":{"line":2,"column":28}},"2":{"start":{"line":2,"column":28},"end":{"line":2,"column":null}}},"fnMap":{},"branchMap":{},"s":{"0":0,"1":0,"2":0},"f":{},"b":{}}
,"C:\\Users\\33634\\Desktop\\dev-info\\openclassroom\\projet-fullstack-angular\\Projet_5\\Testez-une-application-full-stack\\front\\src\\app\\components\\not-found\\not-found.component.ts": {"path":"C:\\Users\\33634\\Desktop\\dev-info\\openclassroom\\projet-fullstack-angular\\Projet_5\\Testez-une-application-full-stack\\front\\src\\app\\components\\not-found\\not-found.component.ts","statementMap":{"0":{"start":{"line":8,"column":0},"end":{"line":8,"column":6}},"1":{"start":{"line":8,"column":13},"end":{"line":8,"column":30}}},"fnMap":{"0":{"name":"(anonymous_0)","decl":{"start":{"line":8,"column":0},"end":{"line":8,"column":6}},"loc":{"start":{"line":8,"column":0},"end":{"line":8,"column":6}}}},"branchMap":{"0":{"loc":{"start":{"line":8,"column":13},"end":{"line":8,"column":30}},"type":"binary-expr","locations":[{"start":{"line":8,"column":13},"end":{"line":8,"column":30}},{"start":{"line":8,"column":13},"end":{"line":8,"column":30}}]}},"s":{"0":10,"1":0},"f":{"0":5},"b":{"0":[0,0]}}
,"C:\\Users\\33634\\Desktop\\dev-info\\openclassroom\\projet-fullstack-angular\\Projet_5\\Testez-une-application-full-stack\\front\\src\\app\\features\\auth\\auth-routing.module.ts": {"path":"C:\\Users\\33634\\Desktop\\dev-info\\openclassroom\\projet-fullstack-angular\\Projet_5\\Testez-une-application-full-stack\\front\\src\\app\\features\\auth\\auth-routing.module.ts","statementMap":{"0":{"start":{"line":7,"column":23},"end":{"line":7,"column":null}},"1":{"start":{"line":16,"column":0},"end":{"line":16,"column":6}},"2":{"start":{"line":16,"column":13},"end":{"line":16,"column":30}}},"fnMap":{"0":{"name":"(anonymous_0)","decl":{"start":{"line":16,"column":0},"end":{"line":16,"column":6}},"loc":{"start":{"line":16,"column":0},"end":{"line":16,"column":6}}}},"branchMap":{"0":{"loc":{"start":{"line":16,"column":13},"end":{"line":16,"column":30}},"type":"binary-expr","locations":[{"start":{"line":16,"column":13},"end":{"line":16,"column":30}},{"start":{"line":16,"column":13},"end":{"line":16,"column":30}}]}},"s":{"0":5,"1":10,"2":5},"f":{"0":5},"b":{"0":[5,5]}}
,"C:\\Users\\33634\\Desktop\\dev-info\\openclassroom\\projet-fullstack-angular\\Projet_5\\Testez-une-application-full-stack\\front\\src\\app\\features\\auth\\auth.module.ts": {"path":"C:\\Users\\33634\\Desktop\\dev-info\\openclassroom\\projet-fullstack-angular\\Projet_5\\Testez-une-application-full-stack\\front\\src\\app\\features\\auth\\auth.module.ts","statementMap":{"0":{"start":{"line":14,"column":24},"end":{"line":14,"column":null}},"1":{"start":{"line":36,"column":0},"end":{"line":36,"column":6}},"2":{"start":{"line":36,"column":13},"end":{"line":36,"column":23}}},"fnMap":{"0":{"name":"(anonymous_0)","decl":{"start":{"line":36,"column":0},"end":{"line":36,"column":6}},"loc":{"start":{"line":36,"column":0},"end":{"line":36,"column":6}}}},"branchMap":{"0":{"loc":{"start":{"line":36,"column":13},"end":{"line":36,"column":23}},"type":"binary-expr","locations":[{"start":{"line":36,"column":13},"end":{"line":36,"column":23}},{"start":{"line":36,"column":13},"end":{"line":36,"column":23}}]}},"s":{"0":5,"1":10,"2":5},"f":{"0":5},"b":{"0":[5,5]}}
,"C:\\Users\\33634\\Desktop\\dev-info\\openclassroom\\projet-fullstack-angular\\Projet_5\\Testez-une-application-full-stack\\front\\src\\app\\features\\auth\\components\\login\\login.component.html": {"path":"C:\\Users\\33634\\Desktop\\dev-info\\openclassroom\\projet-fullstack-angular\\Projet_5\\Testez-une-application-full-stack\\front\\src\\app\\features\\auth\\components\\login\\login.component.html","statementMap":{"0":{"start":{"line":21,"column":12},"end":{"line":21,"column":16}},"1":{"start":{"line":21,"column":45},"end":{"line":21,"column":62}},"2":{"start":{"line":21,"column":62},"end":{"line":21,"column":null}},"3":{"start":{"line":1,"column":0},"end":{"line":1,"column":64}},"4":{"start":{"line":4,"column":28},"end":{"line":4,"column":33}},"5":{"start":{"line":4,"column":33},"end":{"line":4,"column":null}},"6":{"start":{"line":6,"column":8},"end":{"line":6,"column":33}},"7":{"start":{"line":6,"column":52},"end":{"line":6,"column":64}},"8":{"start":{"line":7,"column":12},"end":{"line":7,"column":48}},"9":{"start":{"line":9,"column":20},"end":{"line":9,"column":null}},"10":{"start":{"line":10,"column":16},"end":{"line":10,"column":null}},"11":{"start":{"line":11,"column":16},"end":{"line":11,"column":null}},"12":{"start":{"line":12,"column":20},"end":{"line":12,"column":36}},"13":{"start":{"line":14,"column":20},"end":{"line":14,"column":54}},"14":{"start":{"line":14,"column":54},"end":{"line":14,"column":77}},"15":{"start":{"line":16,"column":24},"end":{"line":16,"column":34}},"16":{"start":{"line":16,"column":34},"end":{"line":16,"column":76}},"17":{"start":{"line":16,"column":76},"end":{"line":16,"column":null}},"18":{"start":{"line":20,"column":12},"end":{"line":20,"column":68}},"19":{"start":{"line":20,"column":94},"end":{"line":20,"column":100}},"20":{"start":{"line":20,"column":100},"end":{"line":20,"column":null}},"21":{"start":{"line":22,"column":8},"end":{"line":22,"column":null}},"22":{"start":{"line":6,"column":33},"end":{"line":6,"column":52}},"23":{"start":{"line":12,"column":36},"end":{"line":12,"column":null}},"24":{"start":{"line":14,"column":77},"end":{"line":14,"column":112}},"25":{"start":{"line":20,"column":68},"end":{"line":20,"column":94}},"26":{"start":{"line":21,"column":16},"end":{"line":21,"column":45}}},"fnMap":{"0":{"name":"LoginComponent_Template_form_ngSubmit_5_listener","decl":{"start":{"line":6,"column":52},"end":{"line":6,"column":64}},"loc":{"start":{"line":6,"column":52},"end":{"line":6,"column":null}}},"1":{"name":"LoginComponent_Template_button_click_11_listener","decl":{"start":{"line":14,"column":54},"end":{"line":14,"column":77}},"loc":{"start":{"line":14,"column":54},"end":{"line":14,"column":77}}}},"branchMap":{"0":{"loc":{"start":{"line":12,"column":36},"end":{"line":12,"column":null}},"type":"cond-expr","locations":[{"start":{"line":12,"column":36},"end":{"line":12,"column":null}},{"start":{"line":12,"column":36},"end":{"line":12,"column":null}}]},"1":{"loc":{"start":{"line":16,"column":34},"end":{"line":16,"column":76}},"type":"cond-expr","locations":[{"start":{"line":16,"column":34},"end":{"line":16,"column":76}},{"start":{"line":16,"column":34},"end":{"line":16,"column":76}}]}},"s":{"0":2,"1":0,"2":0,"3":2,"4":2,"5":2,"6":2,"7":2,"8":2,"9":2,"10":2,"11":2,"12":2,"13":2,"14":2,"15":2,"16":30,"17":2,"18":2,"19":2,"20":2,"21":2,"22":28,"23":28,"24":28,"25":28,"26":28},"f":{"0":0,"1":0},"b":{"0":[14,0],"1":[14,0]}}
,"C:\\Users\\33634\\Desktop\\dev-info\\openclassroom\\projet-fullstack-angular\\Projet_5\\Testez-une-application-full-stack\\front\\src\\app\\features\\auth\\components\\login\\login.component.ts": {"path":"C:\\Users\\33634\\Desktop\\dev-info\\openclassroom\\projet-fullstack-angular\\Projet_5\\Testez-une-application-full-stack\\front\\src\\app\\features\\auth\\components\\login\\login.component.ts","statementMap":{"0":{"start":{"line":14,"column":0},"end":{"line":14,"column":6}},"1":{"start":{"line":35,"column":22},"end":{"line":35,"column":null}},"2":{"start":{"line":36,"column":22},"end":{"line":36,"column":null}},"3":{"start":{"line":37,"column":22},"end":{"line":37,"column":null}},"4":{"start":{"line":38,"column":22},"end":{"line":38,"column":52}},"5":{"start":{"line":15,"column":9},"end":{"line":15,"column":16}},"6":{"start":{"line":16,"column":9},"end":{"line":16,"column":19}},"7":{"start":{"line":18,"column":9},"end":{"line":18,"column":16}},"8":{"start":{"line":42,"column":25},"end":{"line":42,"column":null}},"9":{"start":{"line":43,"column":4},"end":{"line":43,"column":9}},"10":{"start":{"line":45,"column":8},"end":{"line":45,"column":13}},"11":{"start":{"line":46,"column":8},"end":{"line":46,"column":13}},"12":{"start":{"line":48,"column":22},"end":{"line":48,"column":null}},"13":{"start":{"line":14,"column":13},"end":{"line":14,"column":null}}},"fnMap":{"0":{"name":"(anonymous_1)","decl":{"start":{"line":14,"column":0},"end":{"line":14,"column":6}},"loc":{"start":{"line":14,"column":0},"end":{"line":14,"column":6}}},"1":{"name":"(anonymous_2)","decl":{"start":{"line":35,"column":2},"end":{"line":35,"column":22}},"loc":{"start":{"line":38,"column":52},"end":{"line":39,"column":null}}},"2":{"name":"(anonymous_3)","decl":{"start":{"line":41,"column":9},"end":{"line":41,"column":15}},"loc":{"start":{"line":41,"column":15},"end":{"line":50,"column":null}}},"3":{"name":"(anonymous_4)","decl":{"start":{"line":44,"column":13},"end":{"line":44,"column":45}},"loc":{"start":{"line":44,"column":45},"end":{"line":47,"column":null}}},"4":{"name":"(anonymous_5)","decl":{"start":{"line":48,"column":13},"end":{"line":48,"column":18}},"loc":{"start":{"line":48,"column":22},"end":{"line":48,"column":null}}}},"branchMap":{"0":{"loc":{"start":{"line":14,"column":13},"end":{"line":14,"column":27}},"type":"binary-expr","locations":[{"start":{"line":14,"column":13},"end":{"line":14,"column":27}},{"start":{"line":14,"column":13},"end":{"line":14,"column":27}}]}},"s":{"0":10,"1":2,"2":2,"3":2,"4":2,"5":2,"6":2,"7":2,"8":0,"9":0,"10":0,"11":0,"12":0,"13":2},"f":{"0":5,"1":2,"2":0,"3":0,"4":0},"b":{"0":[2,2]}}
,"C:\\Users\\33634\\Desktop\\dev-info\\openclassroom\\projet-fullstack-angular\\Projet_5\\Testez-une-application-full-stack\\front\\src\\app\\features\\auth\\components\\register\\register.component.html": {"path":"C:\\Users\\33634\\Desktop\\dev-info\\openclassroom\\projet-fullstack-angular\\Projet_5\\Testez-une-application-full-stack\\front\\src\\app\\features\\auth\\components\\register\\register.component.html","statementMap":{"0":{"start":{"line":22,"column":12},"end":{"line":22,"column":19}},"1":{"start":{"line":22,"column":52},"end":{"line":22,"column":69}},"2":{"start":{"line":22,"column":69},"end":{"line":22,"column":null}},"3":{"start":{"line":1,"column":0},"end":{"line":1,"column":67}},"4":{"start":{"line":4,"column":28},"end":{"line":4,"column":36}},"5":{"start":{"line":4,"column":36},"end":{"line":4,"column":null}},"6":{"start":{"line":6,"column":8},"end":{"line":6,"column":36}},"7":{"start":{"line":6,"column":55},"end":{"line":6,"column":67}},"8":{"start":{"line":7,"column":12},"end":{"line":7,"column":48}},"9":{"start":{"line":9,"column":20},"end":{"line":9,"column":null}},"10":{"start":{"line":10,"column":16},"end":{"line":10,"column":null}},"11":{"start":{"line":11,"column":16},"end":{"line":11,"column":null}},"12":{"start":{"line":12,"column":20},"end":{"line":12,"column":null}},"13":{"start":{"line":13,"column":16},"end":{"line":13,"column":null}},"14":{"start":{"line":14,"column":16},"end":{"line":14,"column":null}},"15":{"start":{"line":15,"column":20},"end":{"line":15,"column":null}},"16":{"start":{"line":16,"column":16},"end":{"line":16,"column":null}},"17":{"start":{"line":17,"column":16},"end":{"line":17,"column":null}},"18":{"start":{"line":18,"column":20},"end":{"line":18,"column":null}},"19":{"start":{"line":19,"column":16},"end":{"line":19,"column":null}},"20":{"start":{"line":21,"column":12},"end":{"line":21,"column":68}},"21":{"start":{"line":21,"column":94},"end":{"line":21,"column":100}},"22":{"start":{"line":21,"column":100},"end":{"line":21,"column":null}},"23":{"start":{"line":23,"column":8},"end":{"line":23,"column":null}},"24":{"start":{"line":6,"column":36},"end":{"line":6,"column":55}},"25":{"start":{"line":21,"column":68},"end":{"line":21,"column":94}},"26":{"start":{"line":22,"column":19},"end":{"line":22,"column":52}}},"fnMap":{"0":{"name":"RegisterComponent_Template_form_ngSubmit_5_listener","decl":{"start":{"line":6,"column":55},"end":{"line":6,"column":67}},"loc":{"start":{"line":6,"column":55},"end":{"line":6,"column":null}}}},"branchMap":{},"s":{"0":7,"1":2,"2":2,"3":5,"4":5,"5":5,"6":5,"7":13,"8":5,"9":5,"10":5,"11":5,"12":5,"13":5,"14":5,"15":5,"16":5,"17":5,"18":5,"19":5,"20":5,"21":5,"22":5,"23":5,"24":616,"25":616,"26":616},"f":{"0":8},"b":{}}
,"C:\\Users\\33634\\Desktop\\dev-info\\openclassroom\\projet-fullstack-angular\\Projet_5\\Testez-une-application-full-stack\\front\\src\\app\\features\\auth\\components\\register\\register.component.ts": {"path":"C:\\Users\\33634\\Desktop\\dev-info\\openclassroom\\projet-fullstack-angular\\Projet_5\\Testez-une-application-full-stack\\front\\src\\app\\features\\auth\\components\\register\\register.component.ts","statementMap":{"0":{"start":{"line":12,"column":0},"end":{"line":12,"column":6}},"1":{"start":{"line":50,"column":22},"end":{"line":50,"column":null}},"2":{"start":{"line":51,"column":22},"end":{"line":51,"column":null}},"3":{"start":{"line":52,"column":22},"end":{"line":52,"column":36}},"4":{"start":{"line":14,"column":9},"end":{"line":14,"column":19}},"5":{"start":{"line":16,"column":9},"end":{"line":16,"column":16}},"6":{"start":{"line":56,"column":28},"end":{"line":56,"column":null}},"7":{"start":{"line":57,"column":4},"end":{"line":57,"column":9}},"8":{"start":{"line":58,"column":27},"end":{"line":58,"column":32}},"9":{"start":{"line":59,"column":20},"end":{"line":59,"column":null}},"10":{"start":{"line":12,"column":13},"end":{"line":12,"column":null}}},"fnMap":{"0":{"name":"(anonymous_1)","decl":{"start":{"line":12,"column":0},"end":{"line":12,"column":6}},"loc":{"start":{"line":12,"column":0},"end":{"line":12,"column":6}}},"1":{"name":"(anonymous_2)","decl":{"start":{"line":50,"column":2},"end":{"line":50,"column":22}},"loc":{"start":{"line":52,"column":36},"end":{"line":53,"column":null}}},"2":{"name":"(anonymous_3)","decl":{"start":{"line":55,"column":9},"end":{"line":55,"column":15}},"loc":{"start":{"line":55,"column":15},"end":{"line":62,"column":null}}},"3":{"name":"(anonymous_4)","decl":{"start":{"line":58,"column":15},"end":{"line":58,"column":27}},"loc":{"start":{"line":58,"column":27},"end":{"line":58,"column":32}}},"4":{"name":"(anonymous_5)","decl":{"start":{"line":59,"column":15},"end":{"line":59,"column":16}},"loc":{"start":{"line":59,"column":20},"end":{"line":59,"column":null}}}},"branchMap":{"0":{"loc":{"start":{"line":12,"column":13},"end":{"line":12,"column":30}},"type":"binary-expr","locations":[{"start":{"line":12,"column":13},"end":{"line":12,"column":30}},{"start":{"line":12,"column":13},"end":{"line":12,"column":30}}]}},"s":{"0":10,"1":5,"2":5,"3":5,"4":5,"5":5,"6":8,"7":8,"8":4,"9":4,"10":5},"f":{"0":5,"1":5,"2":8,"3":4,"4":4},"b":{"0":[5,5]}}
,"C:\\Users\\33634\\Desktop\\dev-info\\openclassroom\\projet-fullstack-angular\\Projet_5\\Testez-une-application-full-stack\\front\\src\\app\\features\\auth\\services\\auth.service.ts": {"path":"C:\\Users\\33634\\Desktop\\dev-info\\openclassroom\\projet-fullstack-angular\\Projet_5\\Testez-une-application-full-stack\\front\\src\\app\\features\\auth\\services\\auth.service.ts","statementMap":{"0":{"start":{"line":11,"column":0},"end":{"line":11,"column":6}},"1":{"start":{"line":15,"column":22},"end":{"line":15,"column":44}},"2":{"start":{"line":13,"column":10},"end":{"line":13,"column":24}},"3":{"start":{"line":18,"column":4},"end":{"line":18,"column":11}},"4":{"start":{"line":22,"column":4},"end":{"line":22,"column":11}},"5":{"start":{"line":11,"column":13},"end":{"line":11,"column":null}}},"fnMap":{"0":{"name":"(anonymous_0)","decl":{"start":{"line":11,"column":0},"end":{"line":11,"column":6}},"loc":{"start":{"line":11,"column":0},"end":{"line":11,"column":6}}},"1":{"name":"(anonymous_1)","decl":{"start":{"line":15,"column":2},"end":{"line":15,"column":22}},"loc":{"start":{"line":15,"column":44},"end":{"line":15,"column":null}}},"2":{"name":"(anonymous_2)","decl":{"start":{"line":17,"column":9},"end":{"line":17,"column":17}},"loc":{"start":{"line":17,"column":50},"end":{"line":19,"column":null}}},"3":{"name":"(anonymous_3)","decl":{"start":{"line":21,"column":9},"end":{"line":21,"column":14}},"loc":{"start":{"line":21,"column":41},"end":{"line":23,"column":null}}}},"branchMap":{"0":{"loc":{"start":{"line":11,"column":13},"end":{"line":11,"column":24}},"type":"binary-expr","locations":[{"start":{"line":11,"column":13},"end":{"line":11,"column":24}},{"start":{"line":11,"column":13},"end":{"line":11,"column":24}}]}},"s":{"0":10,"1":5,"2":5,"3":8,"4":0,"5":5},"f":{"0":5,"1":5,"2":8,"3":0},"b":{"0":[5,5]}}
,"C:\\Users\\33634\\Desktop\\dev-info\\openclassroom\\projet-fullstack-angular\\Projet_5\\Testez-une-application-full-stack\\front\\src\\app\\guards\\auth.guard.ts": {"path":"C:\\Users\\33634\\Desktop\\dev-info\\openclassroom\\projet-fullstack-angular\\Projet_5\\Testez-une-application-full-stack\\front\\src\\app\\guards\\auth.guard.ts","statementMap":{"0":{"start":{"line":6,"column":0},"end":{"line":6,"column":6}},"1":{"start":{"line":9,"column":12},"end":{"line":9,"column":null}},"2":{"start":{"line":10,"column":12},"end":{"line":10,"column":42}},"3":{"start":{"line":15,"column":4},"end":{"line":18,"column":null}},"4":{"start":{"line":16,"column":6},"end":{"line":16,"column":11}},"5":{"start":{"line":17,"column":6},"end":{"line":17,"column":13}},"6":{"start":{"line":19,"column":4},"end":{"line":19,"column":11}},"7":{"start":{"line":6,"column":13},"end":{"line":6,"column":null}}},"fnMap":{"0":{"name":"(anonymous_0)","decl":{"start":{"line":6,"column":0},"end":{"line":6,"column":6}},"loc":{"start":{"line":6,"column":0},"end":{"line":6,"column":6}}},"1":{"name":"(anonymous_1)","decl":{"start":{"line":8,"column":2},"end":{"line":8,"column":null}},"loc":{"start":{"line":10,"column":42},"end":{"line":12,"column":null}}},"2":{"name":"(anonymous_2)","decl":{"start":{"line":14,"column":9},"end":{"line":14,"column":20}},"loc":{"start":{"line":14,"column":20},"end":{"line":20,"column":null}}}},"branchMap":{"0":{"loc":{"start":{"line":15,"column":4},"end":{"line":18,"column":null}},"type":"if","locations":[{"start":{"line":15,"column":4},"end":{"line":18,"column":null}},{"start":{"line":15,"column":4},"end":{"line":18,"column":null}}]},"1":{"loc":{"start":{"line":6,"column":13},"end":{"line":6,"column":22}},"type":"binary-expr","locations":[{"start":{"line":6,"column":13},"end":{"line":6,"column":22}},{"start":{"line":6,"column":13},"end":{"line":6,"column":22}}]}},"s":{"0":10,"1":0,"2":0,"3":0,"4":0,"5":0,"6":0,"7":0},"f":{"0":5,"1":0,"2":0},"b":{"0":[0,0],"1":[0,0]}}
,"C:\\Users\\33634\\Desktop\\dev-info\\openclassroom\\projet-fullstack-angular\\Projet_5\\Testez-une-application-full-stack\\front\\src\\app\\guards\\unauth.guard.ts": {"path":"C:\\Users\\33634\\Desktop\\dev-info\\openclassroom\\projet-fullstack-angular\\Projet_5\\Testez-une-application-full-stack\\front\\src\\app\\guards\\unauth.guard.ts","statementMap":{"0":{"start":{"line":6,"column":0},"end":{"line":6,"column":6}},"1":{"start":{"line":9,"column":12},"end":{"line":9,"column":null}},"2":{"start":{"line":10,"column":12},"end":{"line":10,"column":42}},"3":{"start":{"line":15,"column":4},"end":{"line":18,"column":null}},"4":{"start":{"line":16,"column":6},"end":{"line":16,"column":11}},"5":{"start":{"line":17,"column":6},"end":{"line":17,"column":13}},"6":{"start":{"line":19,"column":4},"end":{"line":19,"column":11}},"7":{"start":{"line":6,"column":13},"end":{"line":6,"column":null}}},"fnMap":{"0":{"name":"(anonymous_0)","decl":{"start":{"line":6,"column":0},"end":{"line":6,"column":6}},"loc":{"start":{"line":6,"column":0},"end":{"line":6,"column":6}}},"1":{"name":"(anonymous_1)","decl":{"start":{"line":8,"column":2},"end":{"line":8,"column":null}},"loc":{"start":{"line":10,"column":42},"end":{"line":12,"column":null}}},"2":{"name":"(anonymous_2)","decl":{"start":{"line":14,"column":9},"end":{"line":14,"column":20}},"loc":{"start":{"line":14,"column":20},"end":{"line":20,"column":null}}}},"branchMap":{"0":{"loc":{"start":{"line":15,"column":4},"end":{"line":18,"column":null}},"type":"if","locations":[{"start":{"line":15,"column":4},"end":{"line":18,"column":null}},{"start":{"line":15,"column":4},"end":{"line":18,"column":null}}]},"1":{"loc":{"start":{"line":6,"column":13},"end":{"line":6,"column":24}},"type":"binary-expr","locations":[{"start":{"line":6,"column":13},"end":{"line":6,"column":24}},{"start":{"line":6,"column":13},"end":{"line":6,"column":24}}]}},"s":{"0":10,"1":5,"2":5,"3":5,"4":0,"5":0,"6":5,"7":5},"f":{"0":5,"1":5,"2":5},"b":{"0":[0,5],"1":[5,5]}}
,"C:\\Users\\33634\\Desktop\\dev-info\\openclassroom\\projet-fullstack-angular\\Projet_5\\Testez-une-application-full-stack\\front\\src\\app\\interceptors\\jwt.interceptor.ts": {"path":"C:\\Users\\33634\\Desktop\\dev-info\\openclassroom\\projet-fullstack-angular\\Projet_5\\Testez-une-application-full-stack\\front\\src\\app\\interceptors\\jwt.interceptor.ts","statementMap":{"0":{"start":{"line":6,"column":0},"end":{"line":6,"column":6}},"1":{"start":{"line":7,"column":22},"end":{"line":7,"column":52}},"2":{"start":{"line":10,"column":4},"end":{"line":16,"column":null}},"3":{"start":{"line":11,"column":6},"end":{"line":11,"column":13}},"4":{"start":{"line":17,"column":4},"end":{"line":17,"column":11}},"5":{"start":{"line":6,"column":13},"end":{"line":6,"column":null}}},"fnMap":{"0":{"name":"(anonymous_0)","decl":{"start":{"line":6,"column":0},"end":{"line":6,"column":6}},"loc":{"start":{"line":6,"column":0},"end":{"line":6,"column":6}}},"1":{"name":"(anonymous_1)","decl":{"start":{"line":7,"column":2},"end":{"line":7,"column":22}},"loc":{"start":{"line":7,"column":52},"end":{"line":7,"column":null}}},"2":{"name":"(anonymous_2)","decl":{"start":{"line":9,"column":9},"end":{"line":9,"column":18}},"loc":{"start":{"line":9,"column":63},"end":{"line":18,"column":null}}}},"branchMap":{"0":{"loc":{"start":{"line":10,"column":4},"end":{"line":16,"column":null}},"type":"if","locations":[{"start":{"line":10,"column":4},"end":{"line":16,"column":null}},{"start":{"line":10,"column":4},"end":{"line":16,"column":null}}]},"1":{"loc":{"start":{"line":6,"column":13},"end":{"line":6,"column":27}},"type":"binary-expr","locations":[{"start":{"line":6,"column":13},"end":{"line":6,"column":27}},{"start":{"line":6,"column":13},"end":{"line":6,"column":27}}]}},"s":{"0":10,"1":4,"2":8,"3":0,"4":8,"5":4},"f":{"0":5,"1":4,"2":8},"b":{"0":[0,8],"1":[4,4]}}
,"C:\\Users\\33634\\Desktop\\dev-info\\openclassroom\\projet-fullstack-angular\\Projet_5\\Testez-une-application-full-stack\\front\\src\\app\\services\\session.service.ts": {"path":"C:\\Users\\33634\\Desktop\\dev-info\\openclassroom\\projet-fullstack-angular\\Projet_5\\Testez-une-application-full-stack\\front\\src\\app\\services\\session.service.ts","statementMap":{"0":{"start":{"line":8,"column":0},"end":{"line":8,"column":6}},"1":{"start":{"line":10,"column":9},"end":{"line":10,"column":20}},"2":{"start":{"line":13,"column":10},"end":{"line":13,"column":28}},"3":{"start":{"line":16,"column":4},"end":{"line":16,"column":11}},"4":{"start":{"line":20,"column":4},"end":{"line":20,"column":9}},"5":{"start":{"line":21,"column":4},"end":{"line":21,"column":9}},"6":{"start":{"line":22,"column":4},"end":{"line":22,"column":9}},"7":{"start":{"line":26,"column":4},"end":{"line":26,"column":9}},"8":{"start":{"line":27,"column":4},"end":{"line":27,"column":9}},"9":{"start":{"line":28,"column":4},"end":{"line":28,"column":9}},"10":{"start":{"line":32,"column":4},"end":{"line":32,"column":9}},"11":{"start":{"line":8,"column":13},"end":{"line":8,"column":27}}},"fnMap":{"0":{"name":"(anonymous_0)","decl":{"start":{"line":8,"column":0},"end":{"line":8,"column":6}},"loc":{"start":{"line":8,"column":0},"end":{"line":8,"column":6}}},"1":{"name":"(anonymous_1)","decl":{"start":{"line":5,"column":0},"end":{"line":5,"column":null}},"loc":{"start":{"line":5,"column":0},"end":{"line":34,"column":null}}},"2":{"name":"(anonymous_2)","decl":{"start":{"line":15,"column":9},"end":{"line":15,"column":18}},"loc":{"start":{"line":15,"column":18},"end":{"line":17,"column":null}}},"3":{"name":"(anonymous_3)","decl":{"start":{"line":19,"column":9},"end":{"line":19,"column":14}},"loc":{"start":{"line":19,"column":39},"end":{"line":23,"column":null}}},"4":{"name":"(anonymous_4)","decl":{"start":{"line":25,"column":9},"end":{"line":25,"column":15}},"loc":{"start":{"line":25,"column":15},"end":{"line":29,"column":null}}},"5":{"name":"(anonymous_5)","decl":{"start":{"line":31,"column":10},"end":{"line":31,"column":14}},"loc":{"start":{"line":31,"column":14},"end":{"line":33,"column":null}}}},"branchMap":{"0":{"loc":{"start":{"line":8,"column":13},"end":{"line":8,"column":27}},"type":"binary-expr","locations":[{"start":{"line":8,"column":13},"end":{"line":8,"column":27}},{"start":{"line":8,"column":13},"end":{"line":8,"column":27}}]}},"s":{"0":10,"1":5,"2":5,"3":342,"4":0,"5":0,"6":0,"7":0,"8":0,"9":0,"10":0,"11":5},"f":{"0":5,"1":5,"2":342,"3":0,"4":0,"5":0},"b":{"0":[5,5]}}
,"C:\\Users\\33634\\Desktop\\dev-info\\openclassroom\\projet-fullstack-angular\\Projet_5\\Testez-une-application-full-stack\\front\\src\\app\\services\\user.service.ts": {"path":"C:\\Users\\33634\\Desktop\\dev-info\\openclassroom\\projet-fullstack-angular\\Projet_5\\Testez-une-application-full-stack\\front\\src\\app\\services\\user.service.ts","statementMap":{"0":{"start":{"line":9,"column":0},"end":{"line":9,"column":6}},"1":{"start":{"line":13,"column":22},"end":{"line":13,"column":44}},"2":{"start":{"line":11,"column":10},"end":{"line":11,"column":24}},"3":{"start":{"line":16,"column":4},"end":{"line":16,"column":11}},"4":{"start":{"line":20,"column":4},"end":{"line":20,"column":11}},"5":{"start":{"line":9,"column":13},"end":{"line":9,"column":null}}},"fnMap":{"0":{"name":"(anonymous_0)","decl":{"start":{"line":9,"column":0},"end":{"line":9,"column":6}},"loc":{"start":{"line":9,"column":0},"end":{"line":9,"column":6}}},"1":{"name":"(anonymous_1)","decl":{"start":{"line":13,"column":2},"end":{"line":13,"column":22}},"loc":{"start":{"line":13,"column":44},"end":{"line":13,"column":null}}},"2":{"name":"(anonymous_2)","decl":{"start":{"line":15,"column":9},"end":{"line":15,"column":16}},"loc":{"start":{"line":15,"column":27},"end":{"line":17,"column":null}}},"3":{"name":"(anonymous_3)","decl":{"start":{"line":19,"column":9},"end":{"line":19,"column":15}},"loc":{"start":{"line":19,"column":26},"end":{"line":21,"column":null}}}},"branchMap":{"0":{"loc":{"start":{"line":9,"column":13},"end":{"line":9,"column":24}},"type":"binary-expr","locations":[{"start":{"line":9,"column":13},"end":{"line":9,"column":24}},{"start":{"line":9,"column":13},"end":{"line":9,"column":24}}]}},"s":{"0":10,"1":0,"2":0,"3":0,"4":0,"5":0},"f":{"0":5,"1":0,"2":0,"3":0},"b":{"0":[0,0]}}
,"C:\\Users\\33634\\Desktop\\dev-info\\openclassroom\\projet-fullstack-angular\\Projet_5\\Testez-une-application-full-stack\\front\\src\\environments\\environment.ts": {"path":"C:\\Users\\33634\\Desktop\\dev-info\\openclassroom\\projet-fullstack-angular\\Projet_5\\Testez-une-application-full-stack\\front\\src\\environments\\environment.ts","statementMap":{"0":{"start":{"line":1,"column":27},"end":{"line":1,"column":null}}},"fnMap":{},"branchMap":{},"s":{"0":5},"f":{},"b":{}}
}
