{"total": {"lines":{"total":163,"covered":98,"skipped":0,"pct":60.12},"statements":{"total":240,"covered":136,"skipped":0,"pct":56.66},"functions":{"total":60,"covered":33,"skipped":0,"pct":55},"branches":{"total":42,"covered":27,"skipped":0,"pct":64.28},"branchesTrue":{"total":0,"covered":0,"skipped":0,"pct":100}}
,"C:\\Users\\33634\\Desktop\\dev-info\\openclassroom\\projet-fullstack-angular\\Projet_5\\Testez-une-application-full-stack\\front\\src\\main.ts": {"lines":{"total":4,"covered":2,"skipped":0,"pct":50},"functions":{"total":1,"covered":0,"skipped":0,"pct":0},"statements":{"total":4,"covered":2,"skipped":0,"pct":50},"branches":{"total":2,"covered":1,"skipped":0,"pct":50}}
,"C:\\Users\\33634\\Desktop\\dev-info\\openclassroom\\projet-fullstack-angular\\Projet_5\\Testez-une-application-full-stack\\front\\src\\app\\app-routing.module.ts": {"lines":{"total":4,"covered":3,"skipped":0,"pct":75},"functions":{"total":5,"covered":3,"skipped":0,"pct":60},"statements":{"total":7,"covered":5,"skipped":0,"pct":71.42},"branches":{"total":2,"covered":2,"skipped":0,"pct":100}}
,"C:\\Users\\33634\\Desktop\\dev-info\\openclassroom\\projet-fullstack-angular\\Projet_5\\Testez-une-application-full-stack\\front\\src\\app\\app.component.html": {"lines":{"total":14,"covered":11,"skipped":0,"pct":78.57},"functions":{"total":1,"covered":0,"skipped":0,"pct":0},"statements":{"total":25,"covered":16,"skipped":0,"pct":64},"branches":{"total":0,"covered":0,"skipped":0,"pct":100}}
,"C:\\Users\\33634\\Desktop\\dev-info\\openclassroom\\projet-fullstack-angular\\Projet_5\\Testez-une-application-full-stack\\front\\src\\app\\app.component.ts": {"lines":{"total":7,"covered":5,"skipped":0,"pct":71.42},"functions":{"total":4,"covered":3,"skipped":0,"pct":75},"statements":{"total":8,"covered":6,"skipped":0,"pct":75},"branches":{"total":2,"covered":2,"skipped":0,"pct":100}}
,"C:\\Users\\33634\\Desktop\\dev-info\\openclassroom\\projet-fullstack-angular\\Projet_5\\Testez-une-application-full-stack\\front\\src\\app\\app.module.ts": {"lines":{"total":2,"covered":2,"skipped":0,"pct":100},"functions":{"total":1,"covered":1,"skipped":0,"pct":100},"statements":{"total":3,"covered":3,"skipped":0,"pct":100},"branches":{"total":2,"covered":2,"skipped":0,"pct":100}}
,"C:\\Users\\33634\\Desktop\\dev-info\\openclassroom\\projet-fullstack-angular\\Projet_5\\Testez-une-application-full-stack\\front\\src\\app\\components\\me\\me.component.html": {"lines":{"total":18,"covered":0,"skipped":0,"pct":0},"functions":{"total":2,"covered":0,"skipped":0,"pct":0},"statements":{"total":43,"covered":0,"skipped":0,"pct":0},"branches":{"total":0,"covered":0,"skipped":0,"pct":100}}
,"C:\\Users\\33634\\Desktop\\dev-info\\openclassroom\\projet-fullstack-angular\\Projet_5\\Testez-une-application-full-stack\\front\\src\\app\\components\\me\\me.component.ts": {"lines":{"total":12,"covered":1,"skipped":0,"pct":8.33},"functions":{"total":7,"covered":1,"skipped":0,"pct":14.28},"statements":{"total":13,"covered":1,"skipped":0,"pct":7.69},"branches":{"total":2,"covered":0,"skipped":0,"pct":0}}
,"C:\\Users\\33634\\Desktop\\dev-info\\openclassroom\\projet-fullstack-angular\\Projet_5\\Testez-une-application-full-stack\\front\\src\\app\\components\\not-found\\not-found.component.html": {"lines":{"total":2,"covered":0,"skipped":0,"pct":0},"functions":{"total":0,"covered":0,"skipped":0,"pct":100},"statements":{"total":3,"covered":0,"skipped":0,"pct":0},"branches":{"total":0,"covered":0,"skipped":0,"pct":100}}
,"C:\\Users\\33634\\Desktop\\dev-info\\openclassroom\\projet-fullstack-angular\\Projet_5\\Testez-une-application-full-stack\\front\\src\\app\\components\\not-found\\not-found.component.ts": {"lines":{"total":1,"covered":1,"skipped":0,"pct":100},"functions":{"total":1,"covered":1,"skipped":0,"pct":100},"statements":{"total":2,"covered":1,"skipped":0,"pct":50},"branches":{"total":2,"covered":0,"skipped":0,"pct":0}}
,"C:\\Users\\33634\\Desktop\\dev-info\\openclassroom\\projet-fullstack-angular\\Projet_5\\Testez-une-application-full-stack\\front\\src\\app\\features\\auth\\auth-routing.module.ts": {"lines":{"total":2,"covered":2,"skipped":0,"pct":100},"functions":{"total":1,"covered":1,"skipped":0,"pct":100},"statements":{"total":3,"covered":3,"skipped":0,"pct":100},"branches":{"total":2,"covered":2,"skipped":0,"pct":100}}
,"C:\\Users\\33634\\Desktop\\dev-info\\openclassroom\\projet-fullstack-angular\\Projet_5\\Testez-une-application-full-stack\\front\\src\\app\\features\\auth\\auth.module.ts": {"lines":{"total":2,"covered":2,"skipped":0,"pct":100},"functions":{"total":1,"covered":1,"skipped":0,"pct":100},"statements":{"total":3,"covered":3,"skipped":0,"pct":100},"branches":{"total":2,"covered":2,"skipped":0,"pct":100}}
,"C:\\Users\\33634\\Desktop\\dev-info\\openclassroom\\projet-fullstack-angular\\Projet_5\\Testez-une-application-full-stack\\front\\src\\app\\features\\auth\\components\\login\\login.component.html": {"lines":{"total":13,"covered":13,"skipped":0,"pct":100},"functions":{"total":2,"covered":0,"skipped":0,"pct":0},"statements":{"total":27,"covered":25,"skipped":0,"pct":92.59},"branches":{"total":4,"covered":2,"skipped":0,"pct":50}}
,"C:\\Users\\33634\\Desktop\\dev-info\\openclassroom\\projet-fullstack-angular\\Projet_5\\Testez-une-application-full-stack\\front\\src\\app\\features\\auth\\components\\login\\login.component.ts": {"lines":{"total":13,"covered":8,"skipped":0,"pct":61.53},"functions":{"total":5,"covered":2,"skipped":0,"pct":40},"statements":{"total":14,"covered":9,"skipped":0,"pct":64.28},"branches":{"total":2,"covered":2,"skipped":0,"pct":100}}
,"C:\\Users\\33634\\Desktop\\dev-info\\openclassroom\\projet-fullstack-angular\\Projet_5\\Testez-une-application-full-stack\\front\\src\\app\\features\\auth\\components\\register\\register.component.html": {"lines":{"total":18,"covered":18,"skipped":0,"pct":100},"functions":{"total":1,"covered":1,"skipped":0,"pct":100},"statements":{"total":27,"covered":27,"skipped":0,"pct":100},"branches":{"total":0,"covered":0,"skipped":0,"pct":100}}
,"C:\\Users\\33634\\Desktop\\dev-info\\openclassroom\\projet-fullstack-angular\\Projet_5\\Testez-une-application-full-stack\\front\\src\\app\\features\\auth\\components\\register\\register.component.ts": {"lines":{"total":10,"covered":10,"skipped":0,"pct":100},"functions":{"total":5,"covered":5,"skipped":0,"pct":100},"statements":{"total":11,"covered":11,"skipped":0,"pct":100},"branches":{"total":2,"covered":2,"skipped":0,"pct":100}}
,"C:\\Users\\33634\\Desktop\\dev-info\\openclassroom\\projet-fullstack-angular\\Projet_5\\Testez-une-application-full-stack\\front\\src\\app\\features\\auth\\services\\auth.service.ts": {"lines":{"total":5,"covered":4,"skipped":0,"pct":80},"functions":{"total":4,"covered":3,"skipped":0,"pct":75},"statements":{"total":6,"covered":5,"skipped":0,"pct":83.33},"branches":{"total":2,"covered":2,"skipped":0,"pct":100}}
,"C:\\Users\\33634\\Desktop\\dev-info\\openclassroom\\projet-fullstack-angular\\Projet_5\\Testez-une-application-full-stack\\front\\src\\app\\guards\\auth.guard.ts": {"lines":{"total":7,"covered":1,"skipped":0,"pct":14.28},"functions":{"total":3,"covered":1,"skipped":0,"pct":33.33},"statements":{"total":8,"covered":1,"skipped":0,"pct":12.5},"branches":{"total":4,"covered":0,"skipped":0,"pct":0}}
,"C:\\Users\\33634\\Desktop\\dev-info\\openclassroom\\projet-fullstack-angular\\Projet_5\\Testez-une-application-full-stack\\front\\src\\app\\guards\\unauth.guard.ts": {"lines":{"total":7,"covered":5,"skipped":0,"pct":71.42},"functions":{"total":3,"covered":3,"skipped":0,"pct":100},"statements":{"total":8,"covered":6,"skipped":0,"pct":75},"branches":{"total":4,"covered":3,"skipped":0,"pct":75}}
,"C:\\Users\\33634\\Desktop\\dev-info\\openclassroom\\projet-fullstack-angular\\Projet_5\\Testez-une-application-full-stack\\front\\src\\app\\interceptors\\jwt.interceptor.ts": {"lines":{"total":5,"covered":4,"skipped":0,"pct":80},"functions":{"total":3,"covered":3,"skipped":0,"pct":100},"statements":{"total":6,"covered":5,"skipped":0,"pct":83.33},"branches":{"total":4,"covered":3,"skipped":0,"pct":75}}
,"C:\\Users\\33634\\Desktop\\dev-info\\openclassroom\\projet-fullstack-angular\\Projet_5\\Testez-une-application-full-stack\\front\\src\\app\\services\\session.service.ts": {"lines":{"total":11,"covered":4,"skipped":0,"pct":36.36},"functions":{"total":6,"covered":3,"skipped":0,"pct":50},"statements":{"total":12,"covered":5,"skipped":0,"pct":41.66},"branches":{"total":2,"covered":2,"skipped":0,"pct":100}}
,"C:\\Users\\33634\\Desktop\\dev-info\\openclassroom\\projet-fullstack-angular\\Projet_5\\Testez-une-application-full-stack\\front\\src\\app\\services\\user.service.ts": {"lines":{"total":5,"covered":1,"skipped":0,"pct":20},"functions":{"total":4,"covered":1,"skipped":0,"pct":25},"statements":{"total":6,"covered":1,"skipped":0,"pct":16.66},"branches":{"total":2,"covered":0,"skipped":0,"pct":0}}
,"C:\\Users\\33634\\Desktop\\dev-info\\openclassroom\\projet-fullstack-angular\\Projet_5\\Testez-une-application-full-stack\\front\\src\\environments\\environment.ts": {"lines":{"total":1,"covered":1,"skipped":0,"pct":100},"functions":{"total":0,"covered":0,"skipped":0,"pct":100},"statements":{"total":1,"covered":1,"skipped":0,"pct":100},"branches":{"total":0,"covered":0,"skipped":0,"pct":100}}
}
