TN:
SF:src\main.ts
FN:12,(anonymous_0)
FNF:1
FNH:0
FNDA:0,(anonymous_0)
DA:7,3
DA:8,0
DA:11,3
DA:12,0
LF:4
LH:2
BRDA:7,0,0,0
BRDA:7,0,1,3
BRF:2
BRH:1
end_of_record
TN:
SF:src\app\app-routing.module.ts
FN:12,(anonymous_0)
FN:12,(anonymous_1)
FN:17,(anonymous_2)
FN:17,(anonymous_3)
FN:32,(anonymous_4)
FNF:5
FNH:5
FNDA:3,(anonymous_0)
FNDA:3,(anonymous_1)
FNDA:3,(anonymous_2)
FNDA:3,(anonymous_3)
FNDA:3,(anonymous_4)
DA:8,3
DA:12,3
DA:17,3
DA:32,6
LF:4
LH:4
BRDA:32,0,0,3
BRDA:32,0,1,3
BRF:2
BRH:2
end_of_record
TN:
SF:src\app\app.component.ts
FN:13,(anonymous_3)
FN:14,(anonymous_4)
FN:20,(anonymous_5)
FN:24,(anonymous_6)
FNF:4
FNH:3
FNDA:3,(anonymous_3)
FNDA:3,(anonymous_4)
FNDA:189,(anonymous_5)
FNDA:0,(anonymous_6)
DA:13,6
DA:15,3
DA:16,3
DA:17,3
DA:21,189
DA:25,0
DA:26,0
LF:7
LH:5
BRDA:13,0,0,3
BRDA:13,0,1,3
BRF:2
BRH:2
end_of_record
TN:
SF:src\app\app.module.ts
FN:45,(anonymous_0)
FNF:1
FNH:1
FNDA:3,(anonymous_0)
DA:18,3
DA:45,6
LF:2
LH:2
BRDA:45,0,0,3
BRDA:45,0,1,3
BRF:2
BRH:2
end_of_record
TN:
SF:src\app\components\me\me.component.ts
FN:13,(anonymous_4)
FN:17,(anonymous_5)
FN:23,(anonymous_6)
FN:26,(anonymous_7)
FN:29,(anonymous_8)
FN:33,(anonymous_9)
FN:36,(anonymous_10)
FNF:7
FNH:6
FNDA:3,(anonymous_4)
FNDA:3,(anonymous_5)
FNDA:3,(anonymous_6)
FNDA:3,(anonymous_7)
FNDA:0,(anonymous_8)
FNDA:1,(anonymous_9)
FNDA:1,(anonymous_10)
DA:13,6
DA:17,3
DA:18,3
DA:19,3
DA:20,3
DA:24,3
DA:26,3
DA:30,0
DA:34,1
DA:37,1
DA:38,1
DA:39,1
LF:12
LH:11
BRDA:13,0,0,3
BRDA:13,0,1,3
BRF:2
BRH:2
end_of_record
TN:
SF:src\app\components\not-found\not-found.component.ts
FN:8,(anonymous_0)
FNF:1
FNH:1
FNDA:3,(anonymous_0)
DA:8,6
LF:1
LH:1
BRDA:8,0,0,0
BRDA:8,0,1,0
BRF:2
BRH:0
end_of_record
TN:
SF:src\app\features\auth\auth-routing.module.ts
FN:16,(anonymous_0)
FNF:1
FNH:1
FNDA:3,(anonymous_0)
DA:7,3
DA:16,6
LF:2
LH:2
BRDA:16,0,0,3
BRDA:16,0,1,3
BRF:2
BRH:2
end_of_record
TN:
SF:src\app\features\auth\auth.module.ts
FN:36,(anonymous_0)
FNF:1
FNH:1
FNDA:3,(anonymous_0)
DA:14,3
DA:36,6
LF:2
LH:2
BRDA:36,0,0,3
BRDA:36,0,1,3
BRF:2
BRH:2
end_of_record
TN:
SF:src\app\features\auth\components\login\login.component.ts
FN:14,(anonymous_1)
FN:35,(anonymous_2)
FN:41,(anonymous_3)
FN:44,(anonymous_4)
FN:48,(anonymous_5)
FNF:5
FNH:4
FNDA:3,(anonymous_1)
FNDA:3,(anonymous_2)
FNDA:3,(anonymous_3)
FNDA:3,(anonymous_4)
FNDA:0,(anonymous_5)
DA:14,6
DA:15,3
DA:16,3
DA:18,3
DA:35,3
DA:36,3
DA:37,3
DA:38,3
DA:42,3
DA:43,3
DA:45,3
DA:46,3
DA:48,0
LF:13
LH:12
BRDA:14,0,0,3
BRDA:14,0,1,3
BRF:2
BRH:2
end_of_record
TN:
SF:src\app\features\auth\components\register\register.component.ts
FN:12,(anonymous_1)
FN:50,(anonymous_2)
FN:55,(anonymous_3)
FN:58,(anonymous_4)
FN:59,(anonymous_5)
FNF:5
FNH:1
FNDA:3,(anonymous_1)
FNDA:0,(anonymous_2)
FNDA:0,(anonymous_3)
FNDA:0,(anonymous_4)
FNDA:0,(anonymous_5)
DA:12,6
DA:14,0
DA:16,0
DA:50,0
DA:51,0
DA:52,0
DA:56,0
DA:57,0
DA:58,0
DA:59,0
LF:10
LH:1
BRDA:12,0,0,0
BRDA:12,0,1,0
BRF:2
BRH:0
end_of_record
TN:
SF:src\app\features\auth\services\auth.service.ts
FN:11,(anonymous_0)
FN:15,(anonymous_1)
FN:17,(anonymous_2)
FN:21,(anonymous_3)
FNF:4
FNH:3
FNDA:3,(anonymous_0)
FNDA:3,(anonymous_1)
FNDA:0,(anonymous_2)
FNDA:3,(anonymous_3)
DA:11,6
DA:13,3
DA:15,3
DA:18,0
DA:22,3
LF:5
LH:4
BRDA:11,0,0,3
BRDA:11,0,1,3
BRF:2
BRH:2
end_of_record
TN:
SF:src\app\features\sessions\sessions-routing.module.ts
FN:18,(anonymous_0)
FNF:1
FNH:1
FNDA:3,(anonymous_0)
DA:7,3
DA:18,6
LF:2
LH:2
BRDA:18,0,0,3
BRDA:18,0,1,3
BRF:2
BRH:2
end_of_record
TN:
SF:src\app\features\sessions\sessions.module.ts
FN:43,(anonymous_0)
FNF:1
FNH:1
FNDA:3,(anonymous_0)
DA:17,3
DA:19,3
DA:43,6
LF:3
LH:3
BRDA:43,0,0,3
BRDA:43,0,1,3
BRF:2
BRH:2
end_of_record
TN:
SF:src\app\features\sessions\components\detail\detail.component.ts
FN:16,(anonymous_10)
FN:26,(anonymous_11)
FN:39,(anonymous_12)
FN:43,(anonymous_13)
FN:47,(anonymous_14)
FN:50,(anonymous_15)
FN:57,(anonymous_16)
FN:58,(anonymous_17)
FN:61,(anonymous_18)
FN:62,(anonymous_19)
FN:65,(anonymous_20)
FN:68,(anonymous_21)
FN:70,(anonymous_22)
FN:73,(anonymous_23)
FNF:14
FNH:1
FNDA:3,(anonymous_10)
FNDA:0,(anonymous_11)
FNDA:0,(anonymous_12)
FNDA:0,(anonymous_13)
FNDA:0,(anonymous_14)
FNDA:0,(anonymous_15)
FNDA:0,(anonymous_16)
FNDA:0,(anonymous_17)
FNDA:0,(anonymous_18)
FNDA:0,(anonymous_19)
FNDA:0,(anonymous_20)
FNDA:0,(anonymous_21)
FNDA:0,(anonymous_22)
FNDA:0,(anonymous_23)
DA:16,6
DA:20,0
DA:21,0
DA:27,0
DA:28,0
DA:29,0
DA:30,0
DA:31,0
DA:32,0
DA:33,0
DA:34,0
DA:35,0
DA:36,0
DA:40,0
DA:44,0
DA:48,0
DA:51,0
DA:52,0
DA:58,0
DA:62,0
DA:66,0
DA:69,0
DA:70,0
DA:71,0
DA:73,0
LF:25
LH:1
BRDA:16,0,0,0
BRDA:16,0,1,0
BRF:2
BRH:0
end_of_record
TN:
SF:src\app\features\sessions\components\form\form.component.ts
FN:15,(anonymous_5)
FN:22,(anonymous_6)
FN:33,(anonymous_7)
FN:43,(anonymous_8)
FN:49,(anonymous_9)
FN:55,(anonymous_10)
FN:59,(anonymous_11)
FN:63,(anonymous_12)
FN:87,(anonymous_13)
FNF:9
FNH:1
FNDA:3,(anonymous_5)
FNDA:0,(anonymous_6)
FNDA:0,(anonymous_7)
FNDA:0,(anonymous_8)
FNDA:0,(anonymous_9)
FNDA:0,(anonymous_10)
FNDA:0,(anonymous_11)
FNDA:0,(anonymous_12)
FNDA:0,(anonymous_13)
DA:15,6
DA:17,0
DA:19,0
DA:23,0
DA:24,0
DA:25,0
DA:26,0
DA:27,0
DA:28,0
DA:29,0
DA:34,0
DA:35,0
DA:37,0
DA:38,0
DA:39,0
DA:40,0
DA:41,0
DA:43,0
DA:45,0
DA:50,0
DA:52,0
DA:53,0
DA:55,0
DA:57,0
DA:59,0
DA:64,0
DA:88,0
DA:89,0
LF:28
LH:1
BRDA:34,0,0,0
BRDA:34,0,1,0
BRDA:38,1,0,0
BRDA:38,1,1,0
BRDA:52,2,0,0
BRDA:52,2,1,0
BRDA:66,3,0,0
BRDA:66,3,1,0
BRDA:70,4,0,0
BRDA:70,4,1,0
BRDA:74,5,0,0
BRDA:74,5,1,0
BRDA:78,6,0,0
BRDA:78,6,1,0
BRDA:15,7,0,0
BRDA:15,7,1,0
BRF:16
BRH:0
end_of_record
TN:
SF:src\app\features\sessions\components\list\list.component.ts
FN:13,(anonymous_5)
FN:17,(anonymous_6)
FN:21,(anonymous_7)
FN:24,(anonymous_8)
FNF:4
FNH:4
FNDA:3,(anonymous_5)
FNDA:3,(anonymous_6)
FNDA:3,(anonymous_7)
FNDA:24,(anonymous_8)
DA:13,6
DA:15,3
DA:18,3
DA:19,3
DA:22,3
DA:25,24
LF:6
LH:6
BRDA:13,0,0,3
BRDA:13,0,1,3
BRF:2
BRH:2
end_of_record
TN:
SF:src\app\features\sessions\services\session-api.service.ts
FN:9,(anonymous_0)
FN:13,(anonymous_1)
FN:16,(anonymous_2)
FN:20,(anonymous_3)
FN:24,(anonymous_4)
FN:28,(anonymous_5)
FN:32,(anonymous_6)
FN:36,(anonymous_7)
FN:40,(anonymous_8)
FNF:9
FNH:3
FNDA:3,(anonymous_0)
FNDA:3,(anonymous_1)
FNDA:3,(anonymous_2)
FNDA:0,(anonymous_3)
FNDA:0,(anonymous_4)
FNDA:0,(anonymous_5)
FNDA:0,(anonymous_6)
FNDA:0,(anonymous_7)
FNDA:0,(anonymous_8)
DA:9,6
DA:11,3
DA:13,3
DA:17,3
DA:21,0
DA:25,0
DA:29,0
DA:33,0
DA:37,0
DA:41,0
LF:10
LH:4
BRDA:9,0,0,3
BRDA:9,0,1,3
BRF:2
BRH:2
end_of_record
TN:
SF:src\app\guards\auth.guard.ts
FN:6,(anonymous_0)
FN:8,(anonymous_1)
FN:14,(anonymous_2)
FNF:3
FNH:3
FNDA:3,(anonymous_0)
FNDA:3,(anonymous_1)
FNDA:6,(anonymous_2)
DA:6,6
DA:9,3
DA:10,3
DA:15,6
DA:16,0
DA:17,0
DA:19,6
LF:7
LH:5
BRDA:15,0,0,0
BRDA:15,0,1,6
BRDA:6,1,0,3
BRDA:6,1,1,3
BRF:4
BRH:3
end_of_record
TN:
SF:src\app\guards\unauth.guard.ts
FN:6,(anonymous_0)
FN:8,(anonymous_1)
FN:14,(anonymous_2)
FNF:3
FNH:3
FNDA:3,(anonymous_0)
FNDA:3,(anonymous_1)
FNDA:4,(anonymous_2)
DA:6,6
DA:9,3
DA:10,3
DA:15,4
DA:16,0
DA:17,0
DA:19,4
LF:7
LH:5
BRDA:15,0,0,0
BRDA:15,0,1,4
BRDA:6,1,0,3
BRDA:6,1,1,3
BRF:4
BRH:3
end_of_record
TN:
SF:src\app\interceptors\jwt.interceptor.ts
FN:6,(anonymous_0)
FN:7,(anonymous_1)
FN:9,(anonymous_2)
FNF:3
FNH:3
FNDA:3,(anonymous_0)
FNDA:3,(anonymous_1)
FNDA:10,(anonymous_2)
DA:6,6
DA:7,3
DA:10,10
DA:11,7
DA:17,10
LF:5
LH:5
BRDA:10,0,0,7
BRDA:10,0,1,3
BRDA:6,1,0,3
BRDA:6,1,1,3
BRF:4
BRH:4
end_of_record
TN:
SF:src\app\services\session.service.ts
FN:8,(anonymous_0)
FN:5,(anonymous_1)
FN:15,(anonymous_2)
FN:19,(anonymous_3)
FN:25,(anonymous_4)
FN:31,(anonymous_5)
FNF:6
FNH:6
FNDA:3,(anonymous_0)
FNDA:3,(anonymous_1)
FNDA:189,(anonymous_2)
FNDA:3,(anonymous_3)
FNDA:1,(anonymous_4)
FNDA:4,(anonymous_5)
DA:8,6
DA:10,3
DA:13,3
DA:16,189
DA:20,3
DA:21,3
DA:22,3
DA:26,1
DA:27,1
DA:28,1
DA:32,4
LF:11
LH:11
BRDA:8,0,0,3
BRDA:8,0,1,3
BRF:2
BRH:2
end_of_record
TN:
SF:src\app\services\teacher.service.ts
FN:9,(anonymous_0)
FN:13,(anonymous_1)
FN:15,(anonymous_2)
FN:19,(anonymous_3)
FNF:4
FNH:1
FNDA:3,(anonymous_0)
FNDA:0,(anonymous_1)
FNDA:0,(anonymous_2)
FNDA:0,(anonymous_3)
DA:9,6
DA:11,0
DA:13,0
DA:16,0
DA:20,0
LF:5
LH:1
BRDA:9,0,0,0
BRDA:9,0,1,0
BRF:2
BRH:0
end_of_record
TN:
SF:src\app\services\user.service.ts
FN:9,(anonymous_0)
FN:13,(anonymous_1)
FN:15,(anonymous_2)
FN:19,(anonymous_3)
FNF:4
FNH:4
FNDA:3,(anonymous_0)
FNDA:3,(anonymous_1)
FNDA:3,(anonymous_2)
FNDA:1,(anonymous_3)
DA:9,6
DA:11,3
DA:13,3
DA:16,3
DA:20,1
LF:5
LH:5
BRDA:9,0,0,3
BRDA:9,0,1,3
BRF:2
BRH:2
end_of_record
TN:
SF:src\environments\environment.ts
FNF:0
FNH:0
DA:1,3
LF:1
LH:1
BRF:0
BRH:0
end_of_record
