TN:
SF:src\main.ts
FN:12,(anonymous_0)
FNF:1
FNH:0
FNDA:0,(anonymous_0)
DA:7,37
DA:8,0
DA:11,37
DA:12,0
LF:4
LH:2
BRDA:7,0,0,0
BRDA:7,0,1,37
BRF:2
BRH:1
end_of_record
TN:
SF:src\app\app-routing.module.ts
FN:12,(anonymous_0)
FN:12,(anonymous_1)
FN:17,(anonymous_2)
FN:17,(anonymous_3)
FN:32,(anonymous_4)
FNF:5
FNH:5
FNDA:37,(anonymous_0)
FNDA:37,(anonymous_1)
FNDA:23,(anonymous_2)
FNDA:23,(anonymous_3)
FNDA:37,(anonymous_4)
DA:8,37
DA:12,37
DA:17,23
DA:32,74
LF:4
LH:4
BRDA:32,0,0,37
BRDA:32,0,1,37
BRF:2
BRH:2
end_of_record
TN:
SF:src\app\app.component.ts
FN:13,(anonymous_3)
FN:14,(anonymous_4)
FN:20,(anonymous_5)
FN:24,(anonymous_6)
FNF:4
FNH:4
FNDA:37,(anonymous_3)
FNDA:37,(anonymous_4)
FNDA:2061,(anonymous_5)
FNDA:2,(anonymous_6)
DA:13,74
DA:15,37
DA:16,37
DA:17,37
DA:21,2061
DA:25,2
DA:26,2
LF:7
LH:7
BRDA:13,0,0,37
BRDA:13,0,1,37
BRF:2
BRH:2
end_of_record
TN:
SF:src\app\app.module.ts
FN:45,(anonymous_0)
FNF:1
FNH:1
FNDA:37,(anonymous_0)
DA:18,37
DA:45,74
LF:2
LH:2
BRDA:45,0,0,37
BRDA:45,0,1,37
BRF:2
BRH:2
end_of_record
TN:
SF:src\app\components\me\me.component.ts
FN:13,(anonymous_4)
FN:17,(anonymous_5)
FN:23,(anonymous_6)
FN:26,(anonymous_7)
FN:29,(anonymous_8)
FN:33,(anonymous_9)
FN:36,(anonymous_10)
FNF:7
FNH:6
FNDA:37,(anonymous_4)
FNDA:4,(anonymous_5)
FNDA:4,(anonymous_6)
FNDA:4,(anonymous_7)
FNDA:0,(anonymous_8)
FNDA:2,(anonymous_9)
FNDA:2,(anonymous_10)
DA:13,74
DA:17,4
DA:18,4
DA:19,4
DA:20,4
DA:24,4
DA:26,4
DA:30,0
DA:34,2
DA:37,2
DA:38,2
DA:39,2
LF:12
LH:11
BRDA:13,0,0,4
BRDA:13,0,1,4
BRF:2
BRH:2
end_of_record
TN:
SF:src\app\components\not-found\not-found.component.ts
FN:8,(anonymous_0)
FNF:1
FNH:1
FNDA:37,(anonymous_0)
DA:8,74
LF:1
LH:1
BRDA:8,0,0,2
BRDA:8,0,1,2
BRF:2
BRH:2
end_of_record
TN:
SF:src\app\features\auth\auth-routing.module.ts
FN:16,(anonymous_0)
FNF:1
FNH:1
FNDA:37,(anonymous_0)
DA:7,37
DA:16,74
LF:2
LH:2
BRDA:16,0,0,37
BRDA:16,0,1,37
BRF:2
BRH:2
end_of_record
TN:
SF:src\app\features\auth\auth.module.ts
FN:36,(anonymous_0)
FNF:1
FNH:1
FNDA:37,(anonymous_0)
DA:14,37
DA:36,74
LF:2
LH:2
BRDA:36,0,0,37
BRDA:36,0,1,37
BRF:2
BRH:2
end_of_record
TN:
SF:src\app\features\auth\components\login\login.component.ts
FN:14,(anonymous_1)
FN:35,(anonymous_2)
FN:41,(anonymous_3)
FN:44,(anonymous_4)
FN:48,(anonymous_5)
FNF:5
FNH:5
FNDA:37,(anonymous_1)
FNDA:29,(anonymous_2)
FNDA:25,(anonymous_3)
FNDA:23,(anonymous_4)
FNDA:2,(anonymous_5)
DA:14,74
DA:15,29
DA:16,29
DA:18,29
DA:35,29
DA:36,29
DA:37,29
DA:38,29
DA:42,25
DA:43,25
DA:45,23
DA:46,23
DA:48,2
LF:13
LH:13
BRDA:14,0,0,29
BRDA:14,0,1,29
BRF:2
BRH:2
end_of_record
TN:
SF:src\app\features\auth\components\register\register.component.ts
FN:12,(anonymous_1)
FN:50,(anonymous_2)
FN:55,(anonymous_3)
FN:58,(anonymous_4)
FN:59,(anonymous_5)
FNF:5
FNH:5
FNDA:37,(anonymous_1)
FNDA:6,(anonymous_2)
FNDA:8,(anonymous_3)
FNDA:4,(anonymous_4)
FNDA:4,(anonymous_5)
DA:12,74
DA:14,6
DA:16,6
DA:50,6
DA:51,6
DA:52,6
DA:56,8
DA:57,8
DA:58,4
DA:59,4
LF:10
LH:10
BRDA:12,0,0,6
BRDA:12,0,1,6
BRF:2
BRH:2
end_of_record
TN:
SF:src\app\features\auth\services\auth.service.ts
FN:11,(anonymous_0)
FN:15,(anonymous_1)
FN:17,(anonymous_2)
FN:21,(anonymous_3)
FNF:4
FNH:4
FNDA:37,(anonymous_0)
FNDA:37,(anonymous_1)
FNDA:8,(anonymous_2)
FNDA:25,(anonymous_3)
DA:11,74
DA:13,37
DA:15,37
DA:18,8
DA:22,25
LF:5
LH:5
BRDA:11,0,0,37
BRDA:11,0,1,37
BRF:2
BRH:2
end_of_record
TN:
SF:src\app\features\sessions\sessions-routing.module.ts
FN:18,(anonymous_0)
FNF:1
FNH:1
FNDA:23,(anonymous_0)
DA:7,23
DA:18,46
LF:2
LH:2
BRDA:18,0,0,23
BRDA:18,0,1,23
BRF:2
BRH:2
end_of_record
TN:
SF:src\app\features\sessions\sessions.module.ts
FN:43,(anonymous_0)
FNF:1
FNH:1
FNDA:23,(anonymous_0)
DA:17,23
DA:19,23
DA:43,46
LF:3
LH:3
BRDA:43,0,0,23
BRDA:43,0,1,23
BRF:2
BRH:2
end_of_record
TN:
SF:src\app\features\sessions\components\detail\detail.component.ts
FN:16,(anonymous_10)
FN:26,(anonymous_11)
FN:39,(anonymous_12)
FN:43,(anonymous_13)
FN:47,(anonymous_14)
FN:50,(anonymous_15)
FN:57,(anonymous_16)
FN:58,(anonymous_17)
FN:61,(anonymous_18)
FN:62,(anonymous_19)
FN:65,(anonymous_20)
FN:68,(anonymous_21)
FN:70,(anonymous_22)
FN:73,(anonymous_23)
FNF:14
FNH:7
FNDA:23,(anonymous_10)
FNDA:4,(anonymous_11)
FNDA:4,(anonymous_12)
FNDA:0,(anonymous_13)
FNDA:2,(anonymous_14)
FNDA:2,(anonymous_15)
FNDA:0,(anonymous_16)
FNDA:0,(anonymous_17)
FNDA:0,(anonymous_18)
FNDA:0,(anonymous_19)
FNDA:4,(anonymous_20)
FNDA:4,(anonymous_21)
FNDA:0,(anonymous_22)
FNDA:0,(anonymous_23)
DA:16,46
DA:20,4
DA:21,4
DA:27,4
DA:28,4
DA:29,4
DA:30,4
DA:31,4
DA:32,4
DA:33,4
DA:34,4
DA:35,4
DA:36,4
DA:40,4
DA:44,0
DA:48,2
DA:51,2
DA:52,2
DA:58,0
DA:62,0
DA:66,4
DA:69,4
DA:70,4
DA:71,4
DA:73,0
LF:25
LH:21
BRDA:16,0,0,4
BRDA:16,0,1,4
BRF:2
BRH:2
end_of_record
TN:
SF:src\app\features\sessions\components\form\form.component.ts
FN:15,(anonymous_5)
FN:22,(anonymous_6)
FN:33,(anonymous_7)
FN:43,(anonymous_8)
FN:49,(anonymous_9)
FN:55,(anonymous_10)
FN:59,(anonymous_11)
FN:63,(anonymous_12)
FN:87,(anonymous_13)
FNF:9
FNH:5
FNDA:23,(anonymous_5)
FNDA:2,(anonymous_6)
FNDA:2,(anonymous_7)
FNDA:0,(anonymous_8)
FNDA:2,(anonymous_9)
FNDA:0,(anonymous_10)
FNDA:0,(anonymous_11)
FNDA:2,(anonymous_12)
FNDA:0,(anonymous_13)
DA:15,46
DA:17,2
DA:19,2
DA:23,2
DA:24,2
DA:25,2
DA:26,2
DA:27,2
DA:28,2
DA:29,2
DA:34,2
DA:35,0
DA:37,2
DA:38,2
DA:39,0
DA:40,0
DA:41,0
DA:43,0
DA:45,2
DA:50,2
DA:52,2
DA:53,2
DA:55,0
DA:57,0
DA:59,0
DA:64,2
DA:88,0
DA:89,0
LF:28
LH:18
BRDA:34,0,0,0
BRDA:34,0,1,2
BRDA:38,1,0,0
BRDA:38,1,1,2
BRDA:52,2,0,2
BRDA:52,2,1,0
BRDA:66,3,0,0
BRDA:66,3,1,2
BRDA:70,4,0,0
BRDA:70,4,1,2
BRDA:74,5,0,0
BRDA:74,5,1,2
BRDA:78,6,0,0
BRDA:78,6,1,2
BRDA:15,7,0,2
BRDA:15,7,1,2
BRF:16
BRH:9
end_of_record
TN:
SF:src\app\features\sessions\components\list\list.component.ts
FN:13,(anonymous_5)
FN:17,(anonymous_6)
FN:21,(anonymous_7)
FN:24,(anonymous_8)
FNF:4
FNH:4
FNDA:23,(anonymous_5)
FNDA:25,(anonymous_6)
FNDA:25,(anonymous_7)
FNDA:271,(anonymous_8)
DA:13,46
DA:15,25
DA:18,25
DA:19,25
DA:22,25
DA:25,271
LF:6
LH:6
BRDA:13,0,0,25
BRDA:13,0,1,25
BRF:2
BRH:2
end_of_record
TN:
SF:src\app\features\sessions\services\session-api.service.ts
FN:9,(anonymous_0)
FN:13,(anonymous_1)
FN:16,(anonymous_2)
FN:20,(anonymous_3)
FN:24,(anonymous_4)
FN:28,(anonymous_5)
FN:32,(anonymous_6)
FN:36,(anonymous_7)
FN:40,(anonymous_8)
FNF:9
FNH:6
FNDA:23,(anonymous_0)
FNDA:23,(anonymous_1)
FNDA:25,(anonymous_2)
FNDA:4,(anonymous_3)
FNDA:2,(anonymous_4)
FNDA:2,(anonymous_5)
FNDA:0,(anonymous_6)
FNDA:0,(anonymous_7)
FNDA:0,(anonymous_8)
DA:9,46
DA:11,23
DA:13,23
DA:17,25
DA:21,4
DA:25,2
DA:29,2
DA:33,0
DA:37,0
DA:41,0
LF:10
LH:7
BRDA:9,0,0,23
BRDA:9,0,1,23
BRF:2
BRH:2
end_of_record
TN:
SF:src\app\guards\auth.guard.ts
FN:6,(anonymous_0)
FN:8,(anonymous_1)
FN:14,(anonymous_2)
FNF:3
FNH:3
FNDA:37,(anonymous_0)
FNDA:23,(anonymous_1)
FNDA:27,(anonymous_2)
DA:6,74
DA:9,23
DA:10,23
DA:15,27
DA:16,0
DA:17,0
DA:19,27
LF:7
LH:5
BRDA:15,0,0,0
BRDA:15,0,1,27
BRDA:6,1,0,23
BRDA:6,1,1,23
BRF:4
BRH:3
end_of_record
TN:
SF:src\app\guards\unauth.guard.ts
FN:6,(anonymous_0)
FN:8,(anonymous_1)
FN:14,(anonymous_2)
FNF:3
FNH:3
FNDA:37,(anonymous_0)
FNDA:35,(anonymous_1)
FNDA:39,(anonymous_2)
DA:6,74
DA:9,35
DA:10,35
DA:15,39
DA:16,0
DA:17,0
DA:19,39
LF:7
LH:5
BRDA:15,0,0,0
BRDA:15,0,1,39
BRDA:6,1,0,35
BRDA:6,1,1,35
BRF:4
BRH:3
end_of_record
TN:
SF:src\app\interceptors\jwt.interceptor.ts
FN:6,(anonymous_0)
FN:7,(anonymous_1)
FN:9,(anonymous_2)
FNF:3
FNH:3
FNDA:37,(anonymous_0)
FNDA:29,(anonymous_1)
FNDA:78,(anonymous_2)
DA:6,74
DA:7,29
DA:10,78
DA:11,45
DA:17,78
LF:5
LH:5
BRDA:10,0,0,45
BRDA:10,0,1,33
BRDA:6,1,0,29
BRDA:6,1,1,29
BRF:4
BRH:4
end_of_record
TN:
SF:src\app\services\session.service.ts
FN:8,(anonymous_0)
FN:5,(anonymous_1)
FN:15,(anonymous_2)
FN:19,(anonymous_3)
FN:25,(anonymous_4)
FN:31,(anonymous_5)
FNF:6
FNH:6
FNDA:37,(anonymous_0)
FNDA:37,(anonymous_1)
FNDA:2061,(anonymous_2)
FNDA:23,(anonymous_3)
FNDA:4,(anonymous_4)
FNDA:27,(anonymous_5)
DA:8,74
DA:10,37
DA:13,37
DA:16,2061
DA:20,23
DA:21,23
DA:22,23
DA:26,4
DA:27,4
DA:28,4
DA:32,27
LF:11
LH:11
BRDA:8,0,0,37
BRDA:8,0,1,37
BRF:2
BRH:2
end_of_record
TN:
SF:src\app\services\teacher.service.ts
FN:9,(anonymous_0)
FN:13,(anonymous_1)
FN:15,(anonymous_2)
FN:19,(anonymous_3)
FNF:4
FNH:4
FNDA:23,(anonymous_0)
FNDA:6,(anonymous_1)
FNDA:2,(anonymous_2)
FNDA:4,(anonymous_3)
DA:9,46
DA:11,6
DA:13,6
DA:16,2
DA:20,4
LF:5
LH:5
BRDA:9,0,0,6
BRDA:9,0,1,6
BRF:2
BRH:2
end_of_record
TN:
SF:src\app\services\user.service.ts
FN:9,(anonymous_0)
FN:13,(anonymous_1)
FN:15,(anonymous_2)
FN:19,(anonymous_3)
FNF:4
FNH:4
FNDA:37,(anonymous_0)
FNDA:4,(anonymous_1)
FNDA:4,(anonymous_2)
FNDA:2,(anonymous_3)
DA:9,74
DA:11,4
DA:13,4
DA:16,4
DA:20,2
LF:5
LH:5
BRDA:9,0,0,4
BRDA:9,0,1,4
BRF:2
BRH:2
end_of_record
TN:
SF:src\environments\environment.ts
FNF:0
FNH:0
DA:1,37
LF:1
LH:1
BRF:0
BRH:0
end_of_record
