TN:
SF:src\app\app.component.html
FNF:0
FNH:0
DA:1,1
LF:1
LH:1
BRF:0
BRH:0
end_of_record
TN:
SF:src\app\app.component.ts
FN:14,(anonymous_0)
FN:20,(anonymous_1)
FN:24,(anonymous_2)
FNF:3
FNH:1
FNDA:1,(anonymous_0)
FNDA:0,(anonymous_1)
FNDA:0,(anonymous_2)
DA:1,1
DA:2,1
DA:4,1
DA:6,1
DA:13,1
DA:15,1
DA:16,1
DA:17,1
DA:21,0
DA:25,0
DA:26,0
LF:11
LH:8
BRF:0
BRH:0
end_of_record
TN:
SF:src\app\components\me\me.component.html
FNF:0
FNH:0
DA:1,1
LF:1
LH:1
BRF:0
BRH:0
end_of_record
TN:
SF:src\app\components\me\me.component.ts
FN:17,(anonymous_0)
FN:23,(anonymous_1)
FN:26,(anonymous_2)
FN:29,(anonymous_3)
FN:33,(anonymous_4)
FN:36,(anonymous_5)
FNF:6
FNH:6
FNDA:10,(anonymous_0)
FNDA:5,(anonymous_1)
FNDA:5,(anonymous_2)
FNDA:1,(anonymous_3)
FNDA:2,(anonymous_4)
FNDA:1,(anonymous_5)
DA:1,1
DA:2,1
DA:3,1
DA:5,1
DA:6,1
DA:13,1
DA:17,10
DA:18,10
DA:19,10
DA:20,10
DA:24,5
DA:26,5
DA:30,1
DA:34,2
DA:37,1
DA:38,1
DA:39,1
LF:17
LH:17
BRF:0
BRH:0
end_of_record
TN:
SF:src\app\components\not-found\not-found.component.html
FNF:0
FNH:0
DA:1,1
LF:1
LH:1
BRF:0
BRH:0
end_of_record
TN:
SF:src\app\components\not-found\not-found.component.ts
FNF:0
FNH:0
DA:1,1
DA:8,1
LF:2
LH:2
BRF:0
BRH:0
end_of_record
TN:
SF:src\app\features\auth\components\login\login.component.html
FNF:0
FNH:0
DA:1,1
LF:1
LH:1
BRF:0
BRH:0
end_of_record
TN:
SF:src\app\features\auth\components\login\login.component.ts
FN:35,(anonymous_0)
FN:41,(anonymous_1)
FN:44,(anonymous_2)
FN:48,(anonymous_3)
FNF:4
FNH:4
FNDA:5,(anonymous_0)
FNDA:2,(anonymous_1)
FNDA:1,(anonymous_2)
FNDA:1,(anonymous_3)
DA:1,1
DA:2,1
DA:3,1
DA:5,1
DA:7,1
DA:14,1
DA:15,5
DA:16,5
DA:18,5
DA:35,5
DA:36,5
DA:37,5
DA:38,5
DA:42,2
DA:43,2
DA:45,1
DA:46,1
DA:48,1
LF:18
LH:18
BRF:0
BRH:0
end_of_record
TN:
SF:src\app\features\auth\components\register\register.component.html
FNF:0
FNH:0
DA:1,1
LF:1
LH:1
BRF:0
BRH:0
end_of_record
TN:
SF:src\app\features\auth\components\register\register.component.ts
FN:50,(anonymous_0)
FN:55,(anonymous_1)
FN:58,(anonymous_2)
FN:59,(anonymous_3)
FNF:4
FNH:4
FNDA:9,(anonymous_0)
FNDA:2,(anonymous_1)
FNDA:1,(anonymous_2)
FNDA:1,(anonymous_3)
DA:1,1
DA:2,1
DA:3,1
DA:4,1
DA:12,1
DA:14,9
DA:16,9
DA:50,9
DA:51,9
DA:52,9
DA:56,2
DA:57,2
DA:58,1
DA:59,1
LF:14
LH:14
BRF:0
BRH:0
end_of_record
TN:
SF:src\app\features\auth\services\auth.service.ts
FN:15,(anonymous_0)
FN:17,(anonymous_1)
FN:21,(anonymous_2)
FNF:3
FNH:3
FNDA:17,(anonymous_0)
FNDA:1,(anonymous_1)
FNDA:1,(anonymous_2)
DA:1,4
DA:2,4
DA:11,4
DA:13,17
DA:15,17
DA:18,1
DA:22,1
LF:7
LH:7
BRF:0
BRH:0
end_of_record
TN:
SF:src\app\features\sessions\components\detail\detail.component.html
FNF:0
FNH:0
DA:1,1
LF:1
LH:1
BRF:0
BRH:0
end_of_record
TN:
SF:src\app\features\sessions\components\detail\detail.component.ts
FN:26,(anonymous_0)
FN:39,(anonymous_1)
FN:43,(anonymous_2)
FN:47,(anonymous_3)
FN:50,(anonymous_4)
FN:57,(anonymous_5)
FN:58,(anonymous_6)
FN:61,(anonymous_7)
FN:62,(anonymous_8)
FN:65,(anonymous_9)
FN:68,(anonymous_10)
FN:70,(anonymous_11)
FN:73,(anonymous_12)
FNF:13
FNH:3
FNDA:6,(anonymous_0)
FNDA:6,(anonymous_1)
FNDA:0,(anonymous_2)
FNDA:0,(anonymous_3)
FNDA:0,(anonymous_4)
FNDA:0,(anonymous_5)
FNDA:0,(anonymous_6)
FNDA:0,(anonymous_7)
FNDA:0,(anonymous_8)
FNDA:6,(anonymous_9)
FNDA:0,(anonymous_10)
FNDA:0,(anonymous_11)
FNDA:0,(anonymous_12)
DA:1,1
DA:2,1
DA:3,1
DA:4,1
DA:6,1
DA:7,1
DA:9,1
DA:16,1
DA:20,6
DA:21,6
DA:27,6
DA:28,6
DA:29,6
DA:30,6
DA:31,6
DA:32,6
DA:33,6
DA:34,6
DA:35,6
DA:36,6
DA:40,6
DA:44,0
DA:48,0
DA:51,0
DA:52,0
DA:58,0
DA:62,0
DA:66,6
DA:69,0
DA:70,0
DA:71,0
DA:73,0
LF:32
LH:22
BRF:0
BRH:0
end_of_record
TN:
SF:src\app\features\sessions\components\form\form.component.html
FNF:0
FNH:0
DA:1,1
LF:1
LH:1
BRF:0
BRH:0
end_of_record
TN:
SF:src\app\features\sessions\components\form\form.component.ts
FN:22,(anonymous_0)
FN:33,(anonymous_1)
FN:43,(anonymous_2)
FN:49,(anonymous_3)
FN:55,(anonymous_4)
FN:59,(anonymous_5)
FN:63,(anonymous_6)
FN:87,(anonymous_7)
FNF:8
FNH:3
FNDA:1,(anonymous_0)
FNDA:1,(anonymous_1)
FNDA:0,(anonymous_2)
FNDA:0,(anonymous_3)
FNDA:0,(anonymous_4)
FNDA:0,(anonymous_5)
FNDA:1,(anonymous_6)
FNDA:0,(anonymous_7)
DA:1,1
DA:2,1
DA:3,1
DA:4,1
DA:5,1
DA:6,1
DA:8,1
DA:15,1
DA:17,1
DA:19,1
DA:23,1
DA:24,1
DA:25,1
DA:26,1
DA:27,1
DA:28,1
DA:29,1
DA:34,1
DA:35,0
DA:37,1
DA:38,1
DA:39,0
DA:40,0
DA:41,0
DA:43,0
DA:45,1
DA:50,0
DA:52,0
DA:53,0
DA:55,0
DA:57,0
DA:59,0
DA:64,1
DA:88,0
DA:89,0
LF:35
LH:22
BRDA:34,0,0,0
BRDA:38,1,0,0
BRDA:38,1,1,1
BRDA:50,2,0,0
BRDA:50,2,1,0
BRDA:50,3,0,0
BRDA:50,3,1,0
BRDA:52,4,0,0
BRDA:52,4,1,0
BRDA:66,5,0,0
BRDA:66,5,1,1
BRDA:70,6,0,0
BRDA:70,6,1,1
BRDA:74,7,0,0
BRDA:74,7,1,1
BRDA:78,8,0,0
BRDA:78,8,1,1
BRF:17
BRH:5
end_of_record
TN:
SF:src\app\features\sessions\components\list\list.component.html
FNF:0
FNH:0
DA:1,1
LF:1
LH:1
BRF:0
BRH:0
end_of_record
TN:
SF:src\app\features\sessions\components\list\list.component.ts
FN:17,(anonymous_0)
FN:21,(anonymous_1)
FN:24,(anonymous_2)
FNF:3
FNH:3
FNDA:6,(anonymous_0)
FNDA:8,(anonymous_1)
FNDA:26,(anonymous_2)
DA:1,1
DA:2,1
DA:4,1
DA:6,1
DA:13,1
DA:15,6
DA:18,6
DA:19,6
DA:22,8
DA:25,26
LF:10
LH:10
BRF:0
BRH:0
end_of_record
TN:
SF:src\app\features\sessions\services\session-api.service.ts
FN:13,(anonymous_0)
FN:16,(anonymous_1)
FN:20,(anonymous_2)
FN:24,(anonymous_3)
FN:28,(anonymous_4)
FN:32,(anonymous_5)
FN:36,(anonymous_6)
FN:40,(anonymous_7)
FNF:8
FNH:8
FNDA:21,(anonymous_0)
FNDA:7,(anonymous_1)
FNDA:7,(anonymous_2)
FNDA:1,(anonymous_3)
FNDA:1,(anonymous_4)
FNDA:1,(anonymous_5)
FNDA:1,(anonymous_6)
FNDA:1,(anonymous_7)
DA:1,4
DA:2,4
DA:9,4
DA:11,21
DA:13,21
DA:17,7
DA:21,7
DA:25,1
DA:29,1
DA:33,1
DA:37,1
DA:41,1
LF:12
LH:12
BRF:0
BRH:0
end_of_record
TN:
SF:src\app\guards\auth.guard.ts
FN:8,(anonymous_0)
FN:14,(anonymous_1)
FNF:2
FNH:2
FNDA:3,(anonymous_0)
FNDA:2,(anonymous_1)
DA:1,1
DA:2,1
DA:3,1
DA:6,1
DA:9,3
DA:10,3
DA:15,2
DA:16,1
DA:17,1
DA:19,1
LF:10
LH:10
BRDA:15,0,0,1
BRF:1
BRH:1
end_of_record
TN:
SF:src\app\guards\unauth.guard.ts
FN:8,(anonymous_0)
FN:14,(anonymous_1)
FNF:2
FNH:2
FNDA:3,(anonymous_0)
FNDA:2,(anonymous_1)
DA:1,1
DA:2,1
DA:3,1
DA:6,1
DA:9,3
DA:10,3
DA:15,2
DA:16,1
DA:17,1
DA:19,1
LF:10
LH:10
BRDA:15,0,0,1
BRF:1
BRH:1
end_of_record
TN:
SF:src\app\interceptors\jwt.interceptor.ts
FN:7,(anonymous_0)
FN:9,(anonymous_1)
FNF:2
FNH:2
FNDA:3,(anonymous_0)
FNDA:2,(anonymous_1)
DA:2,1
DA:3,1
DA:6,1
DA:7,3
DA:10,2
DA:11,1
DA:17,2
LF:7
LH:7
BRDA:10,0,0,1
BRF:1
BRH:1
end_of_record
TN:
SF:src\app\services\session.service.ts
FN:15,(anonymous_1)
FN:19,(anonymous_2)
FN:25,(anonymous_3)
FN:31,(anonymous_4)
FNF:4
FNH:4
FNDA:1,(anonymous_1)
FNDA:4,(anonymous_2)
FNDA:3,(anonymous_3)
FNDA:7,(anonymous_4)
DA:1,10
DA:2,10
DA:8,10
DA:10,21
DA:13,21
DA:16,1
DA:20,4
DA:21,4
DA:22,4
DA:26,3
DA:27,3
DA:28,3
DA:32,7
LF:13
LH:13
BRF:0
BRH:0
end_of_record
TN:
SF:src\app\services\teacher.service.ts
FN:13,(anonymous_0)
FN:15,(anonymous_1)
FN:19,(anonymous_2)
FNF:3
FNH:3
FNDA:9,(anonymous_0)
FNDA:2,(anonymous_1)
FNDA:1,(anonymous_2)
DA:1,3
DA:2,3
DA:9,3
DA:11,9
DA:13,9
DA:16,2
DA:20,1
LF:7
LH:7
BRF:0
BRH:0
end_of_record
TN:
SF:src\app\services\user.service.ts
FN:13,(anonymous_0)
FN:15,(anonymous_1)
FN:19,(anonymous_2)
FNF:3
FNH:3
FNDA:13,(anonymous_0)
FNDA:1,(anonymous_1)
FNDA:2,(anonymous_2)
DA:1,2
DA:2,2
DA:9,2
DA:11,13
DA:13,13
DA:16,1
DA:20,2
LF:7
LH:7
BRF:0
BRH:0
end_of_record
